Token indices sequence length is longer than the specified maximum sequence length for this model (2428601 > 1024). Running this sequence through the model will result in indexing errors
wandb: [wandb.login()] Loaded credentials for https://api.wandb.ai from /home/featurize/.netrc.
wandb: Currently logged in as: zimmer061310 (zimmer061310-ena) to https://api.wandb.ai. Use `wandb login --relogin` to force relogin
wandb: setting up run jsorx1wc
wandb: Tracking run with wandb version 0.25.1
wandb: Run data is saved locally in /home/featurize/data/ENA-AAH-v3-v3branch/wandb/run-20260330_155625-jsorx1wc
wandb: Run `wandb offline` to turn off syncing.
wandb: Syncing run aah-v3-identity-100m-10k-wt2
wandb: ⭐️ View project at https://wandb.ai/zimmer061310-ena/ENA-AAH
wandb: 🚀 View run at https://wandb.ai/zimmer061310-ena/ENA-AAH/runs/jsorx1wc
run_name=aah-v3-identity-100m-10k-wt2 config_path=/home/featurize/data/ENA-AAH-v3-v3branch/configs/aah_v3_identity_100m_10000.yaml config_hash=a319ddd9d8521cd882cb671eca99197ee69a04baf41c4493984d85e4fca54f9c git_commit=aba36522b5be2cccfb580b894ed104481b4188a6 seed=1337
checkpoint_steps=[9000, 9500, 10000]
/home/featurize/data/ENA-AAH-v3-v3branch/src/data.py:20: UserWarning: To copy construct from a tensor, it is recommended to use sourceTensor.detach().clone() or sourceTensor.detach().clone().requires_grad_(True), rather than torch.tensor(sourceTensor).
  x = torch.tensor(chunk[:-1], dtype=torch.long)
/home/featurize/data/ENA-AAH-v3-v3branch/src/data.py:21: UserWarning: To copy construct from a tensor, it is recommended to use sourceTensor.detach().clone() or sourceTensor.detach().clone().requires_grad_(True), rather than torch.tensor(sourceTensor).
  y = torch.tensor(chunk[1:], dtype=torch.long)
/home/featurize/data/ENA-AAH-v3-v3branch/scripts/train.py:450: DeprecationWarning: torch.get_autocast_gpu_dtype() is deprecated. Please use torch.get_autocast_dtype('cuda') instead. (Triggered internally at /pytorch/torch/csrc/autograd/init.cpp:881.)
  print(f"autocast gpu dtype: {torch.get_autocast_gpu_dtype()}")
/home/featurize/data/ENA-AAH-v3-v3branch/src/data.py:20: UserWarning: To copy construct from a tensor, it is recommended to use sourceTensor.detach().clone() or sourceTensor.detach().clone().requires_grad_(True), rather than torch.tensor(sourceTensor).
  x = torch.tensor(chunk[:-1], dtype=torch.long)
/home/featurize/data/ENA-AAH-v3-v3branch/src/data.py:21: UserWarning: To copy construct from a tensor, it is recommended to use sourceTensor.detach().clone() or sourceTensor.detach().clone().requires_grad_(True), rather than torch.tensor(sourceTensor).
  y = torch.tensor(chunk[1:], dtype=torch.long)
autocast gpu dtype: torch.float16
step 50 | loss 54.2802 | tok/s 28893.2 | attn_elems 37748736 | attn_ratio 1.000 | res_std 0.00
step 100 | loss 36.0642 | tok/s 30949.3 | attn_elems 37748736 | attn_ratio 1.000 | res_std 0.00
step 150 | loss 28.9790 | tok/s 31003.1 | attn_elems 37748736 | attn_ratio 1.000 | res_std 0.00
step 200 | loss 22.4327 | tok/s 30987.6 | attn_elems 37748736 | attn_ratio 1.000 | res_std 0.00
step 250 | loss 17.9567 | tok/s 31065.5 | attn_elems 37748736 | attn_ratio 1.000 | res_std 0.00
step 300 | loss 15.9843 | tok/s 31051.5 | attn_elems 37748736 | attn_ratio 1.000 | res_std 0.00
step 350 | loss 14.6294 | tok/s 31053.5 | attn_elems 37748736 | attn_ratio 1.000 | res_std 0.00
step 400 | loss 13.4684 | tok/s 31000.5 | attn_elems 37748736 | attn_ratio 1.000 | res_std 0.00
step 450 | loss 12.6308 | tok/s 30991.8 | attn_elems 37748736 | attn_ratio 1.000 | res_std 0.00
step 500 | loss 14.1360 | tok/s 30947.2 | attn_elems 37748736 | attn_ratio 1.000 | res_std 0.00
/home/featurize/data/ENA-AAH-v3-v3branch/src/data.py:20: UserWarning: To copy construct from a tensor, it is recommended to use sourceTensor.detach().clone() or sourceTensor.detach().clone().requires_grad_(True), rather than torch.tensor(sourceTensor).
  x = torch.tensor(chunk[:-1], dtype=torch.long)
/home/featurize/data/ENA-AAH-v3-v3branch/src/data.py:21: UserWarning: To copy construct from a tensor, it is recommended to use sourceTensor.detach().clone() or sourceTensor.detach().clone().requires_grad_(True), rather than torch.tensor(sourceTensor).
  y = torch.tensor(chunk[1:], dtype=torch.long)
/home/featurize/data/ENA-AAH-v3-v3branch/src/data.py:20: UserWarning: To copy construct from a tensor, it is recommended to use sourceTensor.detach().clone() or sourceTensor.detach().clone().requires_grad_(True), rather than torch.tensor(sourceTensor).
  x = torch.tensor(chunk[:-1], dtype=torch.long)
/home/featurize/data/ENA-AAH-v3-v3branch/src/data.py:21: UserWarning: To copy construct from a tensor, it is recommended to use sourceTensor.detach().clone() or sourceTensor.detach().clone().requires_grad_(True), rather than torch.tensor(sourceTensor).
  y = torch.tensor(chunk[1:], dtype=torch.long)
eval batch 0/50
eval batch 5/50
eval batch 10/50
eval batch 15/50
eval batch 20/50
eval batch 25/50
eval batch 30/50
eval batch 35/50
eval batch 40/50
eval batch 45/50
eval step 500 | loss 12.5564 | ppl 283909.48
step 550 | loss 11.4778 | tok/s 22950.3 | attn_elems 37748736 | attn_ratio 1.000 | res_std 0.00
/home/featurize/data/ENA-AAH-v3-v3branch/src/data.py:20: UserWarning: To copy construct from a tensor, it is recommended to use sourceTensor.detach().clone() or sourceTensor.detach().clone().requires_grad_(True), rather than torch.tensor(sourceTensor).
  x = torch.tensor(chunk[:-1], dtype=torch.long)
/home/featurize/data/ENA-AAH-v3-v3branch/src/data.py:21: UserWarning: To copy construct from a tensor, it is recommended to use sourceTensor.detach().clone() or sourceTensor.detach().clone().requires_grad_(True), rather than torch.tensor(sourceTensor).
  y = torch.tensor(chunk[1:], dtype=torch.long)
/home/featurize/data/ENA-AAH-v3-v3branch/src/data.py:20: UserWarning: To copy construct from a tensor, it is recommended to use sourceTensor.detach().clone() or sourceTensor.detach().clone().requires_grad_(True), rather than torch.tensor(sourceTensor).
  x = torch.tensor(chunk[:-1], dtype=torch.long)
/home/featurize/data/ENA-AAH-v3-v3branch/src/data.py:21: UserWarning: To copy construct from a tensor, it is recommended to use sourceTensor.detach().clone() or sourceTensor.detach().clone().requires_grad_(True), rather than torch.tensor(sourceTensor).
  y = torch.tensor(chunk[1:], dtype=torch.long)
step 600 | loss 10.4973 | tok/s 30593.7 | attn_elems 37748736 | attn_ratio 1.000 | res_std 0.00
step 650 | loss 10.6212 | tok/s 30887.6 | attn_elems 37748736 | attn_ratio 1.000 | res_std 0.00
step 700 | loss 10.1184 | tok/s 30871.3 | attn_elems 37748736 | attn_ratio 1.000 | res_std 0.00
step 750 | loss 9.7551 | tok/s 30907.5 | attn_elems 37748736 | attn_ratio 1.000 | res_std 0.00
step 800 | loss 9.5348 | tok/s 30899.4 | attn_elems 37748736 | attn_ratio 1.000 | res_std 0.00
step 850 | loss 9.8993 | tok/s 30866.7 | attn_elems 37748736 | attn_ratio 1.000 | res_std 0.00
step 900 | loss 9.3615 | tok/s 30869.1 | attn_elems 37748736 | attn_ratio 1.000 | res_std 0.00
step 950 | loss 9.3312 | tok/s 30913.8 | attn_elems 37748736 | attn_ratio 1.000 | res_std 0.00
step 1000 | loss 9.0389 | tok/s 30874.9 | attn_elems 37748736 | attn_ratio 1.000 | res_std 0.00
/home/featurize/data/ENA-AAH-v3-v3branch/src/data.py:20: UserWarning: To copy construct from a tensor, it is recommended to use sourceTensor.detach().clone() or sourceTensor.detach().clone().requires_grad_(True), rather than torch.tensor(sourceTensor).
  x = torch.tensor(chunk[:-1], dtype=torch.long)
/home/featurize/data/ENA-AAH-v3-v3branch/src/data.py:21: UserWarning: To copy construct from a tensor, it is recommended to use sourceTensor.detach().clone() or sourceTensor.detach().clone().requires_grad_(True), rather than torch.tensor(sourceTensor).
  y = torch.tensor(chunk[1:], dtype=torch.long)
/home/featurize/data/ENA-AAH-v3-v3branch/src/data.py:20: UserWarning: To copy construct from a tensor, it is recommended to use sourceTensor.detach().clone() or sourceTensor.detach().clone().requires_grad_(True), rather than torch.tensor(sourceTensor).
  x = torch.tensor(chunk[:-1], dtype=torch.long)
/home/featurize/data/ENA-AAH-v3-v3branch/src/data.py:21: UserWarning: To copy construct from a tensor, it is recommended to use sourceTensor.detach().clone() or sourceTensor.detach().clone().requires_grad_(True), rather than torch.tensor(sourceTensor).
  y = torch.tensor(chunk[1:], dtype=torch.long)
eval batch 0/50
eval batch 5/50
eval batch 10/50
eval batch 15/50
eval batch 20/50
eval batch 25/50
eval batch 30/50
eval batch 35/50
eval batch 40/50
eval batch 45/50
eval step 1000 | loss 7.9760 | ppl 2910.38
step 1050 | loss 8.9159 | tok/s 22725.4 | attn_elems 37748736 | attn_ratio 1.000 | res_std 0.00
step 1100 | loss 9.2560 | tok/s 30713.5 | attn_elems 37748736 | attn_ratio 1.000 | res_std 0.00
step 1150 | loss 9.0741 | tok/s 30875.5 | attn_elems 37748736 | attn_ratio 1.000 | res_std 0.00
/home/featurize/data/ENA-AAH-v3-v3branch/src/data.py:20: UserWarning: To copy construct from a tensor, it is recommended to use sourceTensor.detach().clone() or sourceTensor.detach().clone().requires_grad_(True), rather than torch.tensor(sourceTensor).
  x = torch.tensor(chunk[:-1], dtype=torch.long)
/home/featurize/data/ENA-AAH-v3-v3branch/src/data.py:21: UserWarning: To copy construct from a tensor, it is recommended to use sourceTensor.detach().clone() or sourceTensor.detach().clone().requires_grad_(True), rather than torch.tensor(sourceTensor).
  y = torch.tensor(chunk[1:], dtype=torch.long)
/home/featurize/data/ENA-AAH-v3-v3branch/src/data.py:20: UserWarning: To copy construct from a tensor, it is recommended to use sourceTensor.detach().clone() or sourceTensor.detach().clone().requires_grad_(True), rather than torch.tensor(sourceTensor).
  x = torch.tensor(chunk[:-1], dtype=torch.long)
/home/featurize/data/ENA-AAH-v3-v3branch/src/data.py:21: UserWarning: To copy construct from a tensor, it is recommended to use sourceTensor.detach().clone() or sourceTensor.detach().clone().requires_grad_(True), rather than torch.tensor(sourceTensor).
  y = torch.tensor(chunk[1:], dtype=torch.long)
step 1200 | loss 8.8430 | tok/s 30718.2 | attn_elems 37748736 | attn_ratio 1.000 | res_std 0.00
step 1250 | loss 8.6692 | tok/s 30880.6 | attn_elems 37748736 | attn_ratio 1.000 | res_std 0.00
step 1300 | loss 8.8712 | tok/s 30856.5 | attn_elems 37748736 | attn_ratio 1.000 | res_std 0.00
step 1350 | loss 8.4791 | tok/s 30870.3 | attn_elems 37748736 | attn_ratio 1.000 | res_std 0.00
step 1400 | loss 8.7956 | tok/s 30869.3 | attn_elems 37748736 | attn_ratio 1.000 | res_std 0.00
step 1450 | loss 8.6107 | tok/s 30883.9 | attn_elems 37748736 | attn_ratio 1.000 | res_std 0.00
step 1500 | loss 8.4301 | tok/s 30867.9 | attn_elems 37748736 | attn_ratio 1.000 | res_std 0.00
/home/featurize/data/ENA-AAH-v3-v3branch/src/data.py:20: UserWarning: To copy construct from a tensor, it is recommended to use sourceTensor.detach().clone() or sourceTensor.detach().clone().requires_grad_(True), rather than torch.tensor(sourceTensor).
  x = torch.tensor(chunk[:-1], dtype=torch.long)
/home/featurize/data/ENA-AAH-v3-v3branch/src/data.py:21: UserWarning: To copy construct from a tensor, it is recommended to use sourceTensor.detach().clone() or sourceTensor.detach().clone().requires_grad_(True), rather than torch.tensor(sourceTensor).
  y = torch.tensor(chunk[1:], dtype=torch.long)
/home/featurize/data/ENA-AAH-v3-v3branch/src/data.py:20: UserWarning: To copy construct from a tensor, it is recommended to use sourceTensor.detach().clone() or sourceTensor.detach().clone().requires_grad_(True), rather than torch.tensor(sourceTensor).
  x = torch.tensor(chunk[:-1], dtype=torch.long)
/home/featurize/data/ENA-AAH-v3-v3branch/src/data.py:21: UserWarning: To copy construct from a tensor, it is recommended to use sourceTensor.detach().clone() or sourceTensor.detach().clone().requires_grad_(True), rather than torch.tensor(sourceTensor).
  y = torch.tensor(chunk[1:], dtype=torch.long)
eval batch 0/50
eval batch 5/50
eval batch 10/50
eval batch 15/50
eval batch 20/50
eval batch 25/50
eval batch 30/50
eval batch 35/50
eval batch 40/50
eval batch 45/50
eval step 1500 | loss 7.5347 | ppl 1871.83
step 1550 | loss 8.4619 | tok/s 22810.2 | attn_elems 37748736 | attn_ratio 1.000 | res_std 0.00
step 1600 | loss 8.3270 | tok/s 30880.4 | attn_elems 37748736 | attn_ratio 1.000 | res_std 0.00
step 1650 | loss 8.3729 | tok/s 30848.7 | attn_elems 37748736 | attn_ratio 1.000 | res_std 0.00
step 1700 | loss 8.0908 | tok/s 30897.9 | attn_elems 37748736 | attn_ratio 1.000 | res_std 0.00
step 1750 | loss 8.0603 | tok/s 30867.5 | attn_elems 37748736 | attn_ratio 1.000 | res_std 0.00
/home/featurize/data/ENA-AAH-v3-v3branch/src/data.py:20: UserWarning: To copy construct from a tensor, it is recommended to use sourceTensor.detach().clone() or sourceTensor.detach().clone().requires_grad_(True), rather than torch.tensor(sourceTensor).
  x = torch.tensor(chunk[:-1], dtype=torch.long)
/home/featurize/data/ENA-AAH-v3-v3branch/src/data.py:21: UserWarning: To copy construct from a tensor, it is recommended to use sourceTensor.detach().clone() or sourceTensor.detach().clone().requires_grad_(True), rather than torch.tensor(sourceTensor).
  y = torch.tensor(chunk[1:], dtype=torch.long)
/home/featurize/data/ENA-AAH-v3-v3branch/src/data.py:20: UserWarning: To copy construct from a tensor, it is recommended to use sourceTensor.detach().clone() or sourceTensor.detach().clone().requires_grad_(True), rather than torch.tensor(sourceTensor).
  x = torch.tensor(chunk[:-1], dtype=torch.long)
/home/featurize/data/ENA-AAH-v3-v3branch/src/data.py:21: UserWarning: To copy construct from a tensor, it is recommended to use sourceTensor.detach().clone() or sourceTensor.detach().clone().requires_grad_(True), rather than torch.tensor(sourceTensor).
  y = torch.tensor(chunk[1:], dtype=torch.long)
step 1800 | loss 8.0858 | tok/s 30645.1 | attn_elems 37748736 | attn_ratio 1.000 | res_std 0.00
step 1850 | loss 8.1323 | tok/s 30892.7 | attn_elems 37748736 | attn_ratio 1.000 | res_std 0.00
step 1900 | loss 8.1965 | tok/s 30903.0 | attn_elems 37748736 | attn_ratio 1.000 | res_std 0.00
step 1950 | loss 8.2444 | tok/s 30842.2 | attn_elems 37748736 | attn_ratio 1.000 | res_std 0.00
step 2000 | loss 7.9768 | tok/s 30851.0 | attn_elems 37748736 | attn_ratio 1.000 | res_std 0.00
/home/featurize/data/ENA-AAH-v3-v3branch/src/data.py:20: UserWarning: To copy construct from a tensor, it is recommended to use sourceTensor.detach().clone() or sourceTensor.detach().clone().requires_grad_(True), rather than torch.tensor(sourceTensor).
  x = torch.tensor(chunk[:-1], dtype=torch.long)
/home/featurize/data/ENA-AAH-v3-v3branch/src/data.py:21: UserWarning: To copy construct from a tensor, it is recommended to use sourceTensor.detach().clone() or sourceTensor.detach().clone().requires_grad_(True), rather than torch.tensor(sourceTensor).
  y = torch.tensor(chunk[1:], dtype=torch.long)
/home/featurize/data/ENA-AAH-v3-v3branch/src/data.py:20: UserWarning: To copy construct from a tensor, it is recommended to use sourceTensor.detach().clone() or sourceTensor.detach().clone().requires_grad_(True), rather than torch.tensor(sourceTensor).
  x = torch.tensor(chunk[:-1], dtype=torch.long)
/home/featurize/data/ENA-AAH-v3-v3branch/src/data.py:21: UserWarning: To copy construct from a tensor, it is recommended to use sourceTensor.detach().clone() or sourceTensor.detach().clone().requires_grad_(True), rather than torch.tensor(sourceTensor).
  y = torch.tensor(chunk[1:], dtype=torch.long)
eval batch 0/50
eval batch 5/50
eval batch 10/50
eval batch 15/50
eval batch 20/50
eval batch 25/50
eval batch 30/50
eval batch 35/50
eval batch 40/50
eval batch 45/50
eval step 2000 | loss 7.1368 | ppl 1257.44
step 2050 | loss 8.0785 | tok/s 22894.8 | attn_elems 37748736 | attn_ratio 1.000 | res_std 0.00
step 2100 | loss 7.8746 | tok/s 30870.3 | attn_elems 37748736 | attn_ratio 1.000 | res_std 0.00
step 2150 | loss 7.8869 | tok/s 30886.4 | attn_elems 37748736 | attn_ratio 1.000 | res_std 0.00
step 2200 | loss 8.0245 | tok/s 30920.8 | attn_elems 37748736 | attn_ratio 1.000 | res_std 0.00
step 2250 | loss 7.8257 | tok/s 30877.5 | attn_elems 37748736 | attn_ratio 1.000 | res_std 0.00
step 2300 | loss 7.9353 | tok/s 30878.9 | attn_elems 37748736 | attn_ratio 1.000 | res_std 0.00
step 2350 | loss 7.7077 | tok/s 30892.9 | attn_elems 37748736 | attn_ratio 1.000 | res_std 0.00
/home/featurize/data/ENA-AAH-v3-v3branch/src/data.py:20: UserWarning: To copy construct from a tensor, it is recommended to use sourceTensor.detach().clone() or sourceTensor.detach().clone().requires_grad_(True), rather than torch.tensor(sourceTensor).
  x = torch.tensor(chunk[:-1], dtype=torch.long)
/home/featurize/data/ENA-AAH-v3-v3branch/src/data.py:21: UserWarning: To copy construct from a tensor, it is recommended to use sourceTensor.detach().clone() or sourceTensor.detach().clone().requires_grad_(True), rather than torch.tensor(sourceTensor).
  y = torch.tensor(chunk[1:], dtype=torch.long)
/home/featurize/data/ENA-AAH-v3-v3branch/src/data.py:20: UserWarning: To copy construct from a tensor, it is recommended to use sourceTensor.detach().clone() or sourceTensor.detach().clone().requires_grad_(True), rather than torch.tensor(sourceTensor).
  x = torch.tensor(chunk[:-1], dtype=torch.long)
/home/featurize/data/ENA-AAH-v3-v3branch/src/data.py:21: UserWarning: To copy construct from a tensor, it is recommended to use sourceTensor.detach().clone() or sourceTensor.detach().clone().requires_grad_(True), rather than torch.tensor(sourceTensor).
  y = torch.tensor(chunk[1:], dtype=torch.long)
step 2400 | loss 7.9451 | tok/s 30663.9 | attn_elems 37748736 | attn_ratio 1.000 | res_std 0.00
step 2450 | loss 7.8691 | tok/s 30830.1 | attn_elems 37748736 | attn_ratio 1.000 | res_std 0.00
step 2500 | loss 7.8392 | tok/s 30807.7 | attn_elems 37748736 | attn_ratio 1.000 | res_std 0.00
/home/featurize/data/ENA-AAH-v3-v3branch/src/data.py:20: UserWarning: To copy construct from a tensor, it is recommended to use sourceTensor.detach().clone() or sourceTensor.detach().clone().requires_grad_(True), rather than torch.tensor(sourceTensor).
  x = torch.tensor(chunk[:-1], dtype=torch.long)
/home/featurize/data/ENA-AAH-v3-v3branch/src/data.py:21: UserWarning: To copy construct from a tensor, it is recommended to use sourceTensor.detach().clone() or sourceTensor.detach().clone().requires_grad_(True), rather than torch.tensor(sourceTensor).
  y = torch.tensor(chunk[1:], dtype=torch.long)
/home/featurize/data/ENA-AAH-v3-v3branch/src/data.py:20: UserWarning: To copy construct from a tensor, it is recommended to use sourceTensor.detach().clone() or sourceTensor.detach().clone().requires_grad_(True), rather than torch.tensor(sourceTensor).
  x = torch.tensor(chunk[:-1], dtype=torch.long)
/home/featurize/data/ENA-AAH-v3-v3branch/src/data.py:21: UserWarning: To copy construct from a tensor, it is recommended to use sourceTensor.detach().clone() or sourceTensor.detach().clone().requires_grad_(True), rather than torch.tensor(sourceTensor).
  y = torch.tensor(chunk[1:], dtype=torch.long)
eval batch 0/50
eval batch 5/50
eval batch 10/50
eval batch 15/50
eval batch 20/50
eval batch 25/50
eval batch 30/50
eval batch 35/50
eval batch 40/50
eval batch 45/50
eval step 2500 | loss 7.0132 | ppl 1111.15
step 2550 | loss 7.6750 | tok/s 22748.8 | attn_elems 37748736 | attn_ratio 1.000 | res_std 0.00
step 2600 | loss 7.5994 | tok/s 30883.1 | attn_elems 37748736 | attn_ratio 1.000 | res_std 0.00
step 2650 | loss 7.7626 | tok/s 30882.6 | attn_elems 37748736 | attn_ratio 1.000 | res_std 0.00
step 2700 | loss 9.5376 | tok/s 30829.1 | attn_elems 37748736 | attn_ratio 1.000 | res_std 0.00
step 2750 | loss 7.6665 | tok/s 30879.8 | attn_elems 37748736 | attn_ratio 1.000 | res_std 0.00
step 2800 | loss 7.7996 | tok/s 30879.3 | attn_elems 37748736 | attn_ratio 1.000 | res_std 0.00
step 2850 | loss 7.7663 | tok/s 30904.1 | attn_elems 37748736 | attn_ratio 1.000 | res_std 0.00
step 2900 | loss 7.6397 | tok/s 30908.7 | attn_elems 37748736 | attn_ratio 1.000 | res_std 0.00
step 2950 | loss 7.6625 | tok/s 30874.3 | attn_elems 37748736 | attn_ratio 1.000 | res_std 0.00
/home/featurize/data/ENA-AAH-v3-v3branch/src/data.py:20: UserWarning: To copy construct from a tensor, it is recommended to use sourceTensor.detach().clone() or sourceTensor.detach().clone().requires_grad_(True), rather than torch.tensor(sourceTensor).
  x = torch.tensor(chunk[:-1], dtype=torch.long)
/home/featurize/data/ENA-AAH-v3-v3branch/src/data.py:21: UserWarning: To copy construct from a tensor, it is recommended to use sourceTensor.detach().clone() or sourceTensor.detach().clone().requires_grad_(True), rather than torch.tensor(sourceTensor).
  y = torch.tensor(chunk[1:], dtype=torch.long)
/home/featurize/data/ENA-AAH-v3-v3branch/src/data.py:20: UserWarning: To copy construct from a tensor, it is recommended to use sourceTensor.detach().clone() or sourceTensor.detach().clone().requires_grad_(True), rather than torch.tensor(sourceTensor).
  x = torch.tensor(chunk[:-1], dtype=torch.long)
/home/featurize/data/ENA-AAH-v3-v3branch/src/data.py:21: UserWarning: To copy construct from a tensor, it is recommended to use sourceTensor.detach().clone() or sourceTensor.detach().clone().requires_grad_(True), rather than torch.tensor(sourceTensor).
  y = torch.tensor(chunk[1:], dtype=torch.long)
step 3000 | loss 7.5946 | tok/s 30776.7 | attn_elems 37748736 | attn_ratio 1.000 | res_std 0.00
/home/featurize/data/ENA-AAH-v3-v3branch/src/data.py:20: UserWarning: To copy construct from a tensor, it is recommended to use sourceTensor.detach().clone() or sourceTensor.detach().clone().requires_grad_(True), rather than torch.tensor(sourceTensor).
  x = torch.tensor(chunk[:-1], dtype=torch.long)
/home/featurize/data/ENA-AAH-v3-v3branch/src/data.py:21: UserWarning: To copy construct from a tensor, it is recommended to use sourceTensor.detach().clone() or sourceTensor.detach().clone().requires_grad_(True), rather than torch.tensor(sourceTensor).
  y = torch.tensor(chunk[1:], dtype=torch.long)
/home/featurize/data/ENA-AAH-v3-v3branch/src/data.py:20: UserWarning: To copy construct from a tensor, it is recommended to use sourceTensor.detach().clone() or sourceTensor.detach().clone().requires_grad_(True), rather than torch.tensor(sourceTensor).
  x = torch.tensor(chunk[:-1], dtype=torch.long)
/home/featurize/data/ENA-AAH-v3-v3branch/src/data.py:21: UserWarning: To copy construct from a tensor, it is recommended to use sourceTensor.detach().clone() or sourceTensor.detach().clone().requires_grad_(True), rather than torch.tensor(sourceTensor).
  y = torch.tensor(chunk[1:], dtype=torch.long)
eval batch 0/50
eval batch 5/50
eval batch 10/50
eval batch 15/50
eval batch 20/50
eval batch 25/50
eval batch 30/50
eval batch 35/50
eval batch 40/50
eval batch 45/50
eval step 3000 | loss 6.8582 | ppl 951.61
step 3050 | loss 7.7513 | tok/s 22867.2 | attn_elems 37748736 | attn_ratio 1.000 | res_std 0.00
step 3100 | loss 7.5003 | tok/s 30900.9 | attn_elems 37748736 | attn_ratio 1.000 | res_std 0.00
step 3150 | loss 7.5861 | tok/s 30907.7 | attn_elems 37748736 | attn_ratio 1.000 | res_std 0.00
step 3200 | loss 7.3550 | tok/s 30898.1 | attn_elems 37748736 | attn_ratio 1.000 | res_std 0.00
step 3250 | loss 7.2636 | tok/s 30917.3 | attn_elems 37748736 | attn_ratio 1.000 | res_std 0.00
step 3300 | loss 7.3747 | tok/s 30903.2 | attn_elems 37748736 | attn_ratio 1.000 | res_std 0.00
step 3350 | loss 7.3304 | tok/s 30955.6 | attn_elems 37748736 | attn_ratio 1.000 | res_std 0.00
step 3400 | loss 7.3823 | tok/s 30965.3 | attn_elems 37748736 | attn_ratio 1.000 | res_std 0.00
step 3450 | loss 7.1583 | tok/s 30894.2 | attn_elems 37748736 | attn_ratio 1.000 | res_std 0.00
step 3500 | loss 7.4153 | tok/s 30864.6 | attn_elems 37748736 | attn_ratio 1.000 | res_std 0.00
/home/featurize/data/ENA-AAH-v3-v3branch/src/data.py:20: UserWarning: To copy construct from a tensor, it is recommended to use sourceTensor.detach().clone() or sourceTensor.detach().clone().requires_grad_(True), rather than torch.tensor(sourceTensor).
  x = torch.tensor(chunk[:-1], dtype=torch.long)
/home/featurize/data/ENA-AAH-v3-v3branch/src/data.py:21: UserWarning: To copy construct from a tensor, it is recommended to use sourceTensor.detach().clone() or sourceTensor.detach().clone().requires_grad_(True), rather than torch.tensor(sourceTensor).
  y = torch.tensor(chunk[1:], dtype=torch.long)
/home/featurize/data/ENA-AAH-v3-v3branch/src/data.py:20: UserWarning: To copy construct from a tensor, it is recommended to use sourceTensor.detach().clone() or sourceTensor.detach().clone().requires_grad_(True), rather than torch.tensor(sourceTensor).
  x = torch.tensor(chunk[:-1], dtype=torch.long)
/home/featurize/data/ENA-AAH-v3-v3branch/src/data.py:21: UserWarning: To copy construct from a tensor, it is recommended to use sourceTensor.detach().clone() or sourceTensor.detach().clone().requires_grad_(True), rather than torch.tensor(sourceTensor).
  y = torch.tensor(chunk[1:], dtype=torch.long)
eval batch 0/50
eval batch 5/50
eval batch 10/50
eval batch 15/50
eval batch 20/50
eval batch 25/50
eval batch 30/50
eval batch 35/50
eval batch 40/50
eval batch 45/50
eval step 3500 | loss 6.7962 | ppl 894.43
step 3550 | loss 7.1215 | tok/s 22825.0 | attn_elems 37748736 | attn_ratio 1.000 | res_std 0.00
/home/featurize/data/ENA-AAH-v3-v3branch/src/data.py:20: UserWarning: To copy construct from a tensor, it is recommended to use sourceTensor.detach().clone() or sourceTensor.detach().clone().requires_grad_(True), rather than torch.tensor(sourceTensor).
  x = torch.tensor(chunk[:-1], dtype=torch.long)
/home/featurize/data/ENA-AAH-v3-v3branch/src/data.py:21: UserWarning: To copy construct from a tensor, it is recommended to use sourceTensor.detach().clone() or sourceTensor.detach().clone().requires_grad_(True), rather than torch.tensor(sourceTensor).
  y = torch.tensor(chunk[1:], dtype=torch.long)
/home/featurize/data/ENA-AAH-v3-v3branch/src/data.py:20: UserWarning: To copy construct from a tensor, it is recommended to use sourceTensor.detach().clone() or sourceTensor.detach().clone().requires_grad_(True), rather than torch.tensor(sourceTensor).
  x = torch.tensor(chunk[:-1], dtype=torch.long)
/home/featurize/data/ENA-AAH-v3-v3branch/src/data.py:21: UserWarning: To copy construct from a tensor, it is recommended to use sourceTensor.detach().clone() or sourceTensor.detach().clone().requires_grad_(True), rather than torch.tensor(sourceTensor).
  y = torch.tensor(chunk[1:], dtype=torch.long)
step 3600 | loss 7.0379 | tok/s 30583.8 | attn_elems 37748736 | attn_ratio 1.000 | res_std 0.00
step 3650 | loss 7.2922 | tok/s 30885.9 | attn_elems 37748736 | attn_ratio 1.000 | res_std 0.00
step 3700 | loss 7.1904 | tok/s 30873.0 | attn_elems 37748736 | attn_ratio 1.000 | res_std 0.00
step 3750 | loss 6.6842 | tok/s 30880.7 | attn_elems 37748736 | attn_ratio 1.000 | res_std 0.00
step 3800 | loss 7.1261 | tok/s 30874.4 | attn_elems 37748736 | attn_ratio 1.000 | res_std 0.00
step 3850 | loss 6.8071 | tok/s 30917.2 | attn_elems 37748736 | attn_ratio 1.000 | res_std 0.00
step 3900 | loss 7.0446 | tok/s 30939.5 | attn_elems 37748736 | attn_ratio 1.000 | res_std 0.00
step 3950 | loss 6.9298 | tok/s 30929.7 | attn_elems 37748736 | attn_ratio 1.000 | res_std 0.00
step 4000 | loss 6.8964 | tok/s 30905.4 | attn_elems 37748736 | attn_ratio 1.000 | res_std 0.00
/home/featurize/data/ENA-AAH-v3-v3branch/src/data.py:20: UserWarning: To copy construct from a tensor, it is recommended to use sourceTensor.detach().clone() or sourceTensor.detach().clone().requires_grad_(True), rather than torch.tensor(sourceTensor).
  x = torch.tensor(chunk[:-1], dtype=torch.long)
/home/featurize/data/ENA-AAH-v3-v3branch/src/data.py:21: UserWarning: To copy construct from a tensor, it is recommended to use sourceTensor.detach().clone() or sourceTensor.detach().clone().requires_grad_(True), rather than torch.tensor(sourceTensor).
  y = torch.tensor(chunk[1:], dtype=torch.long)
/home/featurize/data/ENA-AAH-v3-v3branch/src/data.py:20: UserWarning: To copy construct from a tensor, it is recommended to use sourceTensor.detach().clone() or sourceTensor.detach().clone().requires_grad_(True), rather than torch.tensor(sourceTensor).
  x = torch.tensor(chunk[:-1], dtype=torch.long)
/home/featurize/data/ENA-AAH-v3-v3branch/src/data.py:21: UserWarning: To copy construct from a tensor, it is recommended to use sourceTensor.detach().clone() or sourceTensor.detach().clone().requires_grad_(True), rather than torch.tensor(sourceTensor).
  y = torch.tensor(chunk[1:], dtype=torch.long)
eval batch 0/50
eval batch 5/50
eval batch 10/50
eval batch 15/50
eval batch 20/50
eval batch 25/50
eval batch 30/50
eval batch 35/50
eval batch 40/50
eval batch 45/50
eval step 4000 | loss 6.6685 | ppl 787.20
step 4050 | loss 6.7846 | tok/s 22886.5 | attn_elems 37748736 | attn_ratio 1.000 | res_std 0.00
step 4100 | loss 6.7484 | tok/s 30886.9 | attn_elems 37748736 | attn_ratio 1.000 | res_std 0.00
/home/featurize/data/ENA-AAH-v3-v3branch/src/data.py:20: UserWarning: To copy construct from a tensor, it is recommended to use sourceTensor.detach().clone() or sourceTensor.detach().clone().requires_grad_(True), rather than torch.tensor(sourceTensor).
  x = torch.tensor(chunk[:-1], dtype=torch.long)
/home/featurize/data/ENA-AAH-v3-v3branch/src/data.py:21: UserWarning: To copy construct from a tensor, it is recommended to use sourceTensor.detach().clone() or sourceTensor.detach().clone().requires_grad_(True), rather than torch.tensor(sourceTensor).
  y = torch.tensor(chunk[1:], dtype=torch.long)
/home/featurize/data/ENA-AAH-v3-v3branch/src/data.py:20: UserWarning: To copy construct from a tensor, it is recommended to use sourceTensor.detach().clone() or sourceTensor.detach().clone().requires_grad_(True), rather than torch.tensor(sourceTensor).
  x = torch.tensor(chunk[:-1], dtype=torch.long)
/home/featurize/data/ENA-AAH-v3-v3branch/src/data.py:21: UserWarning: To copy construct from a tensor, it is recommended to use sourceTensor.detach().clone() or sourceTensor.detach().clone().requires_grad_(True), rather than torch.tensor(sourceTensor).
  y = torch.tensor(chunk[1:], dtype=torch.long)
step 4150 | loss 6.6982 | tok/s 30752.2 | attn_elems 37748736 | attn_ratio 1.000 | res_std 0.00
step 4200 | loss 6.9571 | tok/s 30864.2 | attn_elems 37748736 | attn_ratio 1.000 | res_std 0.00
step 4250 | loss 6.9967 | tok/s 30909.6 | attn_elems 37748736 | attn_ratio 1.000 | res_std 0.00
step 4300 | loss 6.9052 | tok/s 30923.9 | attn_elems 37748736 | attn_ratio 1.000 | res_std 0.00
step 4350 | loss 6.4681 | tok/s 30912.5 | attn_elems 37748736 | attn_ratio 1.000 | res_std 0.00
step 4400 | loss 6.7444 | tok/s 30919.5 | attn_elems 37748736 | attn_ratio 1.000 | res_std 0.00
step 4450 | loss 6.5460 | tok/s 30881.8 | attn_elems 37748736 | attn_ratio 1.000 | res_std 0.00
step 4500 | loss 6.6889 | tok/s 30911.9 | attn_elems 37748736 | attn_ratio 1.000 | res_std 0.00
/home/featurize/data/ENA-AAH-v3-v3branch/src/data.py:20: UserWarning: To copy construct from a tensor, it is recommended to use sourceTensor.detach().clone() or sourceTensor.detach().clone().requires_grad_(True), rather than torch.tensor(sourceTensor).
  x = torch.tensor(chunk[:-1], dtype=torch.long)
/home/featurize/data/ENA-AAH-v3-v3branch/src/data.py:21: UserWarning: To copy construct from a tensor, it is recommended to use sourceTensor.detach().clone() or sourceTensor.detach().clone().requires_grad_(True), rather than torch.tensor(sourceTensor).
  y = torch.tensor(chunk[1:], dtype=torch.long)
/home/featurize/data/ENA-AAH-v3-v3branch/src/data.py:20: UserWarning: To copy construct from a tensor, it is recommended to use sourceTensor.detach().clone() or sourceTensor.detach().clone().requires_grad_(True), rather than torch.tensor(sourceTensor).
  x = torch.tensor(chunk[:-1], dtype=torch.long)
/home/featurize/data/ENA-AAH-v3-v3branch/src/data.py:21: UserWarning: To copy construct from a tensor, it is recommended to use sourceTensor.detach().clone() or sourceTensor.detach().clone().requires_grad_(True), rather than torch.tensor(sourceTensor).
  y = torch.tensor(chunk[1:], dtype=torch.long)
eval batch 0/50
eval batch 5/50
eval batch 10/50
eval batch 15/50
eval batch 20/50
eval batch 25/50
eval batch 30/50
eval batch 35/50
eval batch 40/50
eval batch 45/50
eval step 4500 | loss 6.6165 | ppl 747.30
step 4550 | loss 6.4947 | tok/s 22828.0 | attn_elems 37748736 | attn_ratio 1.000 | res_std 0.00
step 4600 | loss 6.6500 | tok/s 30886.7 | attn_elems 37748736 | attn_ratio 1.000 | res_std 0.00
step 4650 | loss 6.5485 | tok/s 30898.9 | attn_elems 37748736 | attn_ratio 1.000 | res_std 0.00
step 4700 | loss 6.4890 | tok/s 30880.6 | attn_elems 37748736 | attn_ratio 1.000 | res_std 0.00
/home/featurize/data/ENA-AAH-v3-v3branch/src/data.py:20: UserWarning: To copy construct from a tensor, it is recommended to use sourceTensor.detach().clone() or sourceTensor.detach().clone().requires_grad_(True), rather than torch.tensor(sourceTensor).
  x = torch.tensor(chunk[:-1], dtype=torch.long)
/home/featurize/data/ENA-AAH-v3-v3branch/src/data.py:21: UserWarning: To copy construct from a tensor, it is recommended to use sourceTensor.detach().clone() or sourceTensor.detach().clone().requires_grad_(True), rather than torch.tensor(sourceTensor).
  y = torch.tensor(chunk[1:], dtype=torch.long)
/home/featurize/data/ENA-AAH-v3-v3branch/src/data.py:20: UserWarning: To copy construct from a tensor, it is recommended to use sourceTensor.detach().clone() or sourceTensor.detach().clone().requires_grad_(True), rather than torch.tensor(sourceTensor).
  x = torch.tensor(chunk[:-1], dtype=torch.long)
/home/featurize/data/ENA-AAH-v3-v3branch/src/data.py:21: UserWarning: To copy construct from a tensor, it is recommended to use sourceTensor.detach().clone() or sourceTensor.detach().clone().requires_grad_(True), rather than torch.tensor(sourceTensor).
  y = torch.tensor(chunk[1:], dtype=torch.long)
step 4750 | loss 6.3346 | tok/s 30766.0 | attn_elems 37748736 | attn_ratio 1.000 | res_std 0.00
step 4800 | loss 6.5596 | tok/s 30915.3 | attn_elems 37748736 | attn_ratio 1.000 | res_std 0.00
step 4850 | loss 6.4538 | tok/s 30937.4 | attn_elems 37748736 | attn_ratio 1.000 | res_std 0.00
step 4900 | loss 6.6757 | tok/s 30880.8 | attn_elems 37748736 | attn_ratio 1.000 | res_std 0.00
step 4950 | loss 6.3999 | tok/s 30891.0 | attn_elems 37748736 | attn_ratio 1.000 | res_std 0.00
step 5000 | loss 6.6015 | tok/s 30875.2 | attn_elems 37748736 | attn_ratio 1.000 | res_std 0.00
/home/featurize/data/ENA-AAH-v3-v3branch/src/data.py:20: UserWarning: To copy construct from a tensor, it is recommended to use sourceTensor.detach().clone() or sourceTensor.detach().clone().requires_grad_(True), rather than torch.tensor(sourceTensor).
  x = torch.tensor(chunk[:-1], dtype=torch.long)
/home/featurize/data/ENA-AAH-v3-v3branch/src/data.py:21: UserWarning: To copy construct from a tensor, it is recommended to use sourceTensor.detach().clone() or sourceTensor.detach().clone().requires_grad_(True), rather than torch.tensor(sourceTensor).
  y = torch.tensor(chunk[1:], dtype=torch.long)
/home/featurize/data/ENA-AAH-v3-v3branch/src/data.py:20: UserWarning: To copy construct from a tensor, it is recommended to use sourceTensor.detach().clone() or sourceTensor.detach().clone().requires_grad_(True), rather than torch.tensor(sourceTensor).
  x = torch.tensor(chunk[:-1], dtype=torch.long)
/home/featurize/data/ENA-AAH-v3-v3branch/src/data.py:21: UserWarning: To copy construct from a tensor, it is recommended to use sourceTensor.detach().clone() or sourceTensor.detach().clone().requires_grad_(True), rather than torch.tensor(sourceTensor).
  y = torch.tensor(chunk[1:], dtype=torch.long)
eval batch 0/50
eval batch 5/50
eval batch 10/50
eval batch 15/50
eval batch 20/50
eval batch 25/50
eval batch 30/50
eval batch 35/50
eval batch 40/50
eval batch 45/50
eval step 5000 | loss 6.5731 | ppl 715.57
step 5050 | loss 6.5935 | tok/s 22868.7 | attn_elems 37748736 | attn_ratio 1.000 | res_std 0.00
step 5100 | loss 6.4959 | tok/s 30922.3 | attn_elems 37748736 | attn_ratio 1.000 | res_std 0.00
step 5150 | loss 6.3113 | tok/s 30901.8 | attn_elems 37748736 | attn_ratio 1.000 | res_std 0.00
step 5200 | loss 6.5493 | tok/s 30900.7 | attn_elems 37748736 | attn_ratio 1.000 | res_std 0.00
step 5250 | loss 6.5278 | tok/s 30879.6 | attn_elems 37748736 | attn_ratio 1.000 | res_std 0.00
step 5300 | loss 6.5404 | tok/s 30906.8 | attn_elems 37748736 | attn_ratio 1.000 | res_std 0.00
/home/featurize/data/ENA-AAH-v3-v3branch/src/data.py:20: UserWarning: To copy construct from a tensor, it is recommended to use sourceTensor.detach().clone() or sourceTensor.detach().clone().requires_grad_(True), rather than torch.tensor(sourceTensor).
  x = torch.tensor(chunk[:-1], dtype=torch.long)
/home/featurize/data/ENA-AAH-v3-v3branch/src/data.py:21: UserWarning: To copy construct from a tensor, it is recommended to use sourceTensor.detach().clone() or sourceTensor.detach().clone().requires_grad_(True), rather than torch.tensor(sourceTensor).
  y = torch.tensor(chunk[1:], dtype=torch.long)
/home/featurize/data/ENA-AAH-v3-v3branch/src/data.py:20: UserWarning: To copy construct from a tensor, it is recommended to use sourceTensor.detach().clone() or sourceTensor.detach().clone().requires_grad_(True), rather than torch.tensor(sourceTensor).
  x = torch.tensor(chunk[:-1], dtype=torch.long)
/home/featurize/data/ENA-AAH-v3-v3branch/src/data.py:21: UserWarning: To copy construct from a tensor, it is recommended to use sourceTensor.detach().clone() or sourceTensor.detach().clone().requires_grad_(True), rather than torch.tensor(sourceTensor).
  y = torch.tensor(chunk[1:], dtype=torch.long)
step 5350 | loss 6.4009 | tok/s 30716.4 | attn_elems 37748736 | attn_ratio 1.000 | res_std 0.00
step 5400 | loss 6.7605 | tok/s 30866.5 | attn_elems 37748736 | attn_ratio 1.000 | res_std 0.00
step 5450 | loss 6.7153 | tok/s 30844.5 | attn_elems 37748736 | attn_ratio 1.000 | res_std 0.00
step 5500 | loss 6.5774 | tok/s 30896.0 | attn_elems 37748736 | attn_ratio 1.000 | res_std 0.00
/home/featurize/data/ENA-AAH-v3-v3branch/src/data.py:20: UserWarning: To copy construct from a tensor, it is recommended to use sourceTensor.detach().clone() or sourceTensor.detach().clone().requires_grad_(True), rather than torch.tensor(sourceTensor).
  x = torch.tensor(chunk[:-1], dtype=torch.long)
/home/featurize/data/ENA-AAH-v3-v3branch/src/data.py:21: UserWarning: To copy construct from a tensor, it is recommended to use sourceTensor.detach().clone() or sourceTensor.detach().clone().requires_grad_(True), rather than torch.tensor(sourceTensor).
  y = torch.tensor(chunk[1:], dtype=torch.long)
/home/featurize/data/ENA-AAH-v3-v3branch/src/data.py:20: UserWarning: To copy construct from a tensor, it is recommended to use sourceTensor.detach().clone() or sourceTensor.detach().clone().requires_grad_(True), rather than torch.tensor(sourceTensor).
  x = torch.tensor(chunk[:-1], dtype=torch.long)
/home/featurize/data/ENA-AAH-v3-v3branch/src/data.py:21: UserWarning: To copy construct from a tensor, it is recommended to use sourceTensor.detach().clone() or sourceTensor.detach().clone().requires_grad_(True), rather than torch.tensor(sourceTensor).
  y = torch.tensor(chunk[1:], dtype=torch.long)
eval batch 0/50
eval batch 5/50
eval batch 10/50
eval batch 15/50
eval batch 20/50
eval batch 25/50
eval batch 30/50
eval batch 35/50
eval batch 40/50
eval batch 45/50
eval step 5500 | loss 6.5188 | ppl 677.75
step 5550 | loss 6.3806 | tok/s 22865.3 | attn_elems 37748736 | attn_ratio 1.000 | res_std 0.00
step 5600 | loss 6.6148 | tok/s 30877.5 | attn_elems 37748736 | attn_ratio 1.000 | res_std 0.00
step 5650 | loss 6.7268 | tok/s 30890.8 | attn_elems 37748736 | attn_ratio 1.000 | res_std 0.00
step 5700 | loss 6.3357 | tok/s 30916.9 | attn_elems 37748736 | attn_ratio 1.000 | res_std 0.00
step 5750 | loss 6.2149 | tok/s 30914.0 | attn_elems 37748736 | attn_ratio 1.000 | res_std 0.00
step 5800 | loss 6.4562 | tok/s 30895.9 | attn_elems 37748736 | attn_ratio 1.000 | res_std 0.00
step 5850 | loss 6.5589 | tok/s 30934.0 | attn_elems 37748736 | attn_ratio 1.000 | res_std 0.00
step 5900 | loss 6.5893 | tok/s 30920.1 | attn_elems 37748736 | attn_ratio 1.000 | res_std 0.00
/home/featurize/data/ENA-AAH-v3-v3branch/src/data.py:20: UserWarning: To copy construct from a tensor, it is recommended to use sourceTensor.detach().clone() or sourceTensor.detach().clone().requires_grad_(True), rather than torch.tensor(sourceTensor).
  x = torch.tensor(chunk[:-1], dtype=torch.long)
/home/featurize/data/ENA-AAH-v3-v3branch/src/data.py:21: UserWarning: To copy construct from a tensor, it is recommended to use sourceTensor.detach().clone() or sourceTensor.detach().clone().requires_grad_(True), rather than torch.tensor(sourceTensor).
  y = torch.tensor(chunk[1:], dtype=torch.long)
/home/featurize/data/ENA-AAH-v3-v3branch/src/data.py:20: UserWarning: To copy construct from a tensor, it is recommended to use sourceTensor.detach().clone() or sourceTensor.detach().clone().requires_grad_(True), rather than torch.tensor(sourceTensor).
  x = torch.tensor(chunk[:-1], dtype=torch.long)
/home/featurize/data/ENA-AAH-v3-v3branch/src/data.py:21: UserWarning: To copy construct from a tensor, it is recommended to use sourceTensor.detach().clone() or sourceTensor.detach().clone().requires_grad_(True), rather than torch.tensor(sourceTensor).
  y = torch.tensor(chunk[1:], dtype=torch.long)
step 5950 | loss 6.2356 | tok/s 30694.6 | attn_elems 37748736 | attn_ratio 1.000 | res_std 0.00
step 6000 | loss 6.2122 | tok/s 30923.7 | attn_elems 37748736 | attn_ratio 1.000 | res_std 0.00
/home/featurize/data/ENA-AAH-v3-v3branch/src/data.py:20: UserWarning: To copy construct from a tensor, it is recommended to use sourceTensor.detach().clone() or sourceTensor.detach().clone().requires_grad_(True), rather than torch.tensor(sourceTensor).
  x = torch.tensor(chunk[:-1], dtype=torch.long)
/home/featurize/data/ENA-AAH-v3-v3branch/src/data.py:21: UserWarning: To copy construct from a tensor, it is recommended to use sourceTensor.detach().clone() or sourceTensor.detach().clone().requires_grad_(True), rather than torch.tensor(sourceTensor).
  y = torch.tensor(chunk[1:], dtype=torch.long)
/home/featurize/data/ENA-AAH-v3-v3branch/src/data.py:20: UserWarning: To copy construct from a tensor, it is recommended to use sourceTensor.detach().clone() or sourceTensor.detach().clone().requires_grad_(True), rather than torch.tensor(sourceTensor).
  x = torch.tensor(chunk[:-1], dtype=torch.long)
/home/featurize/data/ENA-AAH-v3-v3branch/src/data.py:21: UserWarning: To copy construct from a tensor, it is recommended to use sourceTensor.detach().clone() or sourceTensor.detach().clone().requires_grad_(True), rather than torch.tensor(sourceTensor).
  y = torch.tensor(chunk[1:], dtype=torch.long)
eval batch 0/50
eval batch 5/50
eval batch 10/50
eval batch 15/50
eval batch 20/50
eval batch 25/50
eval batch 30/50
eval batch 35/50
eval batch 40/50
eval batch 45/50
eval step 6000 | loss 6.4813 | ppl 652.84
step 6050 | loss 6.1705 | tok/s 22878.3 | attn_elems 37748736 | attn_ratio 1.000 | res_std 0.00
step 6100 | loss 6.4724 | tok/s 30819.1 | attn_elems 37748736 | attn_ratio 1.000 | res_std 0.00
step 6150 | loss 6.4548 | tok/s 30883.2 | attn_elems 37748736 | attn_ratio 1.000 | res_std 0.00
step 6200 | loss 6.2844 | tok/s 30876.2 | attn_elems 37748736 | attn_ratio 1.000 | res_std 0.00
step 6250 | loss 6.2711 | tok/s 30867.3 | attn_elems 37748736 | attn_ratio 1.000 | res_std 0.00
step 6300 | loss 6.4025 | tok/s 30905.0 | attn_elems 37748736 | attn_ratio 1.000 | res_std 0.00
step 6350 | loss 6.3257 | tok/s 30918.7 | attn_elems 37748736 | attn_ratio 1.000 | res_std 0.00
step 6400 | loss 6.1456 | tok/s 30880.3 | attn_elems 37748736 | attn_ratio 1.000 | res_std 0.00
step 6450 | loss 6.3431 | tok/s 30889.8 | attn_elems 37748736 | attn_ratio 1.000 | res_std 0.00
step 6500 | loss 6.3124 | tok/s 30862.8 | attn_elems 37748736 | attn_ratio 1.000 | res_std 0.00
/home/featurize/data/ENA-AAH-v3-v3branch/src/data.py:20: UserWarning: To copy construct from a tensor, it is recommended to use sourceTensor.detach().clone() or sourceTensor.detach().clone().requires_grad_(True), rather than torch.tensor(sourceTensor).
  x = torch.tensor(chunk[:-1], dtype=torch.long)
/home/featurize/data/ENA-AAH-v3-v3branch/src/data.py:21: UserWarning: To copy construct from a tensor, it is recommended to use sourceTensor.detach().clone() or sourceTensor.detach().clone().requires_grad_(True), rather than torch.tensor(sourceTensor).
  y = torch.tensor(chunk[1:], dtype=torch.long)
/home/featurize/data/ENA-AAH-v3-v3branch/src/data.py:20: UserWarning: To copy construct from a tensor, it is recommended to use sourceTensor.detach().clone() or sourceTensor.detach().clone().requires_grad_(True), rather than torch.tensor(sourceTensor).
  x = torch.tensor(chunk[:-1], dtype=torch.long)
/home/featurize/data/ENA-AAH-v3-v3branch/src/data.py:21: UserWarning: To copy construct from a tensor, it is recommended to use sourceTensor.detach().clone() or sourceTensor.detach().clone().requires_grad_(True), rather than torch.tensor(sourceTensor).
  y = torch.tensor(chunk[1:], dtype=torch.long)
eval batch 0/50
eval batch 5/50
eval batch 10/50
eval batch 15/50
eval batch 20/50
eval batch 25/50
eval batch 30/50
eval batch 35/50
eval batch 40/50
eval batch 45/50
eval step 6500 | loss 6.4488 | ppl 631.96
/home/featurize/data/ENA-AAH-v3-v3branch/src/data.py:20: UserWarning: To copy construct from a tensor, it is recommended to use sourceTensor.detach().clone() or sourceTensor.detach().clone().requires_grad_(True), rather than torch.tensor(sourceTensor).
  x = torch.tensor(chunk[:-1], dtype=torch.long)
/home/featurize/data/ENA-AAH-v3-v3branch/src/data.py:21: UserWarning: To copy construct from a tensor, it is recommended to use sourceTensor.detach().clone() or sourceTensor.detach().clone().requires_grad_(True), rather than torch.tensor(sourceTensor).
  y = torch.tensor(chunk[1:], dtype=torch.long)
/home/featurize/data/ENA-AAH-v3-v3branch/src/data.py:20: UserWarning: To copy construct from a tensor, it is recommended to use sourceTensor.detach().clone() or sourceTensor.detach().clone().requires_grad_(True), rather than torch.tensor(sourceTensor).
  x = torch.tensor(chunk[:-1], dtype=torch.long)
/home/featurize/data/ENA-AAH-v3-v3branch/src/data.py:21: UserWarning: To copy construct from a tensor, it is recommended to use sourceTensor.detach().clone() or sourceTensor.detach().clone().requires_grad_(True), rather than torch.tensor(sourceTensor).
  y = torch.tensor(chunk[1:], dtype=torch.long)
step 6550 | loss 6.3355 | tok/s 22807.4 | attn_elems 37748736 | attn_ratio 1.000 | res_std 0.00
step 6600 | loss 6.0165 | tok/s 30921.2 | attn_elems 37748736 | attn_ratio 1.000 | res_std 0.00
step 6650 | loss 6.0765 | tok/s 30874.5 | attn_elems 37748736 | attn_ratio 1.000 | res_std 0.00
step 6700 | loss 6.1984 | tok/s 30915.9 | attn_elems 37748736 | attn_ratio 1.000 | res_std 0.00
step 6750 | loss 6.4196 | tok/s 30905.5 | attn_elems 37748736 | attn_ratio 1.000 | res_std 0.00
step 6800 | loss 6.2991 | tok/s 30897.1 | attn_elems 37748736 | attn_ratio 1.000 | res_std 0.00
step 6850 | loss 6.2666 | tok/s 30897.6 | attn_elems 37748736 | attn_ratio 1.000 | res_std 0.00
step 6900 | loss 6.3411 | tok/s 30900.2 | attn_elems 37748736 | attn_ratio 1.000 | res_std 0.00
step 6950 | loss 6.0643 | tok/s 30917.3 | attn_elems 37748736 | attn_ratio 1.000 | res_std 0.00
step 7000 | loss 6.2342 | tok/s 30885.2 | attn_elems 37748736 | attn_ratio 1.000 | res_std 0.00
/home/featurize/data/ENA-AAH-v3-v3branch/src/data.py:20: UserWarning: To copy construct from a tensor, it is recommended to use sourceTensor.detach().clone() or sourceTensor.detach().clone().requires_grad_(True), rather than torch.tensor(sourceTensor).
  x = torch.tensor(chunk[:-1], dtype=torch.long)
/home/featurize/data/ENA-AAH-v3-v3branch/src/data.py:21: UserWarning: To copy construct from a tensor, it is recommended to use sourceTensor.detach().clone() or sourceTensor.detach().clone().requires_grad_(True), rather than torch.tensor(sourceTensor).
  y = torch.tensor(chunk[1:], dtype=torch.long)
/home/featurize/data/ENA-AAH-v3-v3branch/src/data.py:20: UserWarning: To copy construct from a tensor, it is recommended to use sourceTensor.detach().clone() or sourceTensor.detach().clone().requires_grad_(True), rather than torch.tensor(sourceTensor).
  x = torch.tensor(chunk[:-1], dtype=torch.long)
/home/featurize/data/ENA-AAH-v3-v3branch/src/data.py:21: UserWarning: To copy construct from a tensor, it is recommended to use sourceTensor.detach().clone() or sourceTensor.detach().clone().requires_grad_(True), rather than torch.tensor(sourceTensor).
  y = torch.tensor(chunk[1:], dtype=torch.long)
eval batch 0/50
eval batch 5/50
eval batch 10/50
eval batch 15/50
eval batch 20/50
eval batch 25/50
eval batch 30/50
eval batch 35/50
eval batch 40/50
eval batch 45/50
eval step 7000 | loss 6.4078 | ppl 606.54
step 7050 | loss 6.3017 | tok/s 22887.5 | attn_elems 37748736 | attn_ratio 1.000 | res_std 0.00
step 7100 | loss 6.1308 | tok/s 30939.2 | attn_elems 37748736 | attn_ratio 1.000 | res_std 0.00
/home/featurize/data/ENA-AAH-v3-v3branch/src/data.py:20: UserWarning: To copy construct from a tensor, it is recommended to use sourceTensor.detach().clone() or sourceTensor.detach().clone().requires_grad_(True), rather than torch.tensor(sourceTensor).
  x = torch.tensor(chunk[:-1], dtype=torch.long)
/home/featurize/data/ENA-AAH-v3-v3branch/src/data.py:21: UserWarning: To copy construct from a tensor, it is recommended to use sourceTensor.detach().clone() or sourceTensor.detach().clone().requires_grad_(True), rather than torch.tensor(sourceTensor).
  y = torch.tensor(chunk[1:], dtype=torch.long)
/home/featurize/data/ENA-AAH-v3-v3branch/src/data.py:20: UserWarning: To copy construct from a tensor, it is recommended to use sourceTensor.detach().clone() or sourceTensor.detach().clone().requires_grad_(True), rather than torch.tensor(sourceTensor).
  x = torch.tensor(chunk[:-1], dtype=torch.long)
/home/featurize/data/ENA-AAH-v3-v3branch/src/data.py:21: UserWarning: To copy construct from a tensor, it is recommended to use sourceTensor.detach().clone() or sourceTensor.detach().clone().requires_grad_(True), rather than torch.tensor(sourceTensor).
  y = torch.tensor(chunk[1:], dtype=torch.long)
step 7150 | loss 5.9719 | tok/s 30775.1 | attn_elems 37748736 | attn_ratio 1.000 | res_std 0.00
step 7200 | loss 6.0904 | tok/s 30796.0 | attn_elems 37748736 | attn_ratio 1.000 | res_std 0.00
step 7250 | loss 6.3608 | tok/s 30850.1 | attn_elems 37748736 | attn_ratio 1.000 | res_std 0.00
step 7300 | loss 6.3755 | tok/s 30664.5 | attn_elems 37748736 | attn_ratio 1.000 | res_std 0.00
step 7350 | loss 5.9310 | tok/s 30829.7 | attn_elems 37748736 | attn_ratio 1.000 | res_std 0.00
step 7400 | loss 6.4574 | tok/s 30873.7 | attn_elems 37748736 | attn_ratio 1.000 | res_std 0.00
step 7450 | loss 6.1701 | tok/s 30913.5 | attn_elems 37748736 | attn_ratio 1.000 | res_std 0.00
step 7500 | loss 6.2347 | tok/s 30877.7 | attn_elems 37748736 | attn_ratio 1.000 | res_std 0.00
/home/featurize/data/ENA-AAH-v3-v3branch/src/data.py:20: UserWarning: To copy construct from a tensor, it is recommended to use sourceTensor.detach().clone() or sourceTensor.detach().clone().requires_grad_(True), rather than torch.tensor(sourceTensor).
  x = torch.tensor(chunk[:-1], dtype=torch.long)
/home/featurize/data/ENA-AAH-v3-v3branch/src/data.py:21: UserWarning: To copy construct from a tensor, it is recommended to use sourceTensor.detach().clone() or sourceTensor.detach().clone().requires_grad_(True), rather than torch.tensor(sourceTensor).
  y = torch.tensor(chunk[1:], dtype=torch.long)
/home/featurize/data/ENA-AAH-v3-v3branch/src/data.py:20: UserWarning: To copy construct from a tensor, it is recommended to use sourceTensor.detach().clone() or sourceTensor.detach().clone().requires_grad_(True), rather than torch.tensor(sourceTensor).
  x = torch.tensor(chunk[:-1], dtype=torch.long)
/home/featurize/data/ENA-AAH-v3-v3branch/src/data.py:21: UserWarning: To copy construct from a tensor, it is recommended to use sourceTensor.detach().clone() or sourceTensor.detach().clone().requires_grad_(True), rather than torch.tensor(sourceTensor).
  y = torch.tensor(chunk[1:], dtype=torch.long)
eval batch 0/50
eval batch 5/50
eval batch 10/50
eval batch 15/50
eval batch 20/50
eval batch 25/50
eval batch 30/50
eval batch 35/50
eval batch 40/50
eval batch 45/50
eval step 7500 | loss 6.3937 | ppl 598.06
step 7550 | loss 6.2003 | tok/s 22918.1 | attn_elems 37748736 | attn_ratio 1.000 | res_std 0.00
step 7600 | loss 6.3166 | tok/s 30881.5 | attn_elems 37748736 | attn_ratio 1.000 | res_std 0.00
step 7650 | loss 6.3148 | tok/s 30898.4 | attn_elems 37748736 | attn_ratio 1.000 | res_std 0.00
/home/featurize/data/ENA-AAH-v3-v3branch/src/data.py:20: UserWarning: To copy construct from a tensor, it is recommended to use sourceTensor.detach().clone() or sourceTensor.detach().clone().requires_grad_(True), rather than torch.tensor(sourceTensor).
  x = torch.tensor(chunk[:-1], dtype=torch.long)
/home/featurize/data/ENA-AAH-v3-v3branch/src/data.py:21: UserWarning: To copy construct from a tensor, it is recommended to use sourceTensor.detach().clone() or sourceTensor.detach().clone().requires_grad_(True), rather than torch.tensor(sourceTensor).
  y = torch.tensor(chunk[1:], dtype=torch.long)
/home/featurize/data/ENA-AAH-v3-v3branch/src/data.py:20: UserWarning: To copy construct from a tensor, it is recommended to use sourceTensor.detach().clone() or sourceTensor.detach().clone().requires_grad_(True), rather than torch.tensor(sourceTensor).
  x = torch.tensor(chunk[:-1], dtype=torch.long)
/home/featurize/data/ENA-AAH-v3-v3branch/src/data.py:21: UserWarning: To copy construct from a tensor, it is recommended to use sourceTensor.detach().clone() or sourceTensor.detach().clone().requires_grad_(True), rather than torch.tensor(sourceTensor).
  y = torch.tensor(chunk[1:], dtype=torch.long)
step 7700 | loss 6.1750 | tok/s 30780.3 | attn_elems 37748736 | attn_ratio 1.000 | res_std 0.00
step 7750 | loss 6.1987 | tok/s 30933.5 | attn_elems 37748736 | attn_ratio 1.000 | res_std 0.00
step 7800 | loss 6.2792 | tok/s 30720.9 | attn_elems 37748736 | attn_ratio 1.000 | res_std 0.00
step 7850 | loss 6.3002 | tok/s 30879.7 | attn_elems 37748736 | attn_ratio 1.000 | res_std 0.00
step 7900 | loss 6.1555 | tok/s 30884.2 | attn_elems 37748736 | attn_ratio 1.000 | res_std 0.00
step 7950 | loss 6.0108 | tok/s 30870.3 | attn_elems 37748736 | attn_ratio 1.000 | res_std 0.00
step 8000 | loss 6.1520 | tok/s 30858.1 | attn_elems 37748736 | attn_ratio 1.000 | res_std 0.00
/home/featurize/data/ENA-AAH-v3-v3branch/src/data.py:20: UserWarning: To copy construct from a tensor, it is recommended to use sourceTensor.detach().clone() or sourceTensor.detach().clone().requires_grad_(True), rather than torch.tensor(sourceTensor).
  x = torch.tensor(chunk[:-1], dtype=torch.long)
/home/featurize/data/ENA-AAH-v3-v3branch/src/data.py:21: UserWarning: To copy construct from a tensor, it is recommended to use sourceTensor.detach().clone() or sourceTensor.detach().clone().requires_grad_(True), rather than torch.tensor(sourceTensor).
  y = torch.tensor(chunk[1:], dtype=torch.long)
/home/featurize/data/ENA-AAH-v3-v3branch/src/data.py:20: UserWarning: To copy construct from a tensor, it is recommended to use sourceTensor.detach().clone() or sourceTensor.detach().clone().requires_grad_(True), rather than torch.tensor(sourceTensor).
  x = torch.tensor(chunk[:-1], dtype=torch.long)
/home/featurize/data/ENA-AAH-v3-v3branch/src/data.py:21: UserWarning: To copy construct from a tensor, it is recommended to use sourceTensor.detach().clone() or sourceTensor.detach().clone().requires_grad_(True), rather than torch.tensor(sourceTensor).
  y = torch.tensor(chunk[1:], dtype=torch.long)
eval batch 0/50
eval batch 5/50
eval batch 10/50
eval batch 15/50
eval batch 20/50
eval batch 25/50
eval batch 30/50
eval batch 35/50
eval batch 40/50
eval batch 45/50
eval step 8000 | loss 6.3759 | ppl 587.53
step 8050 | loss 6.2462 | tok/s 22878.7 | attn_elems 37748736 | attn_ratio 1.000 | res_std 0.00
step 8100 | loss 6.1758 | tok/s 30912.3 | attn_elems 37748736 | attn_ratio 1.000 | res_std 0.00
step 8150 | loss 6.3884 | tok/s 30912.0 | attn_elems 37748736 | attn_ratio 1.000 | res_std 0.00
step 8200 | loss 6.1051 | tok/s 30796.1 | attn_elems 37748736 | attn_ratio 1.000 | res_std 0.00
step 8250 | loss 6.3570 | tok/s 30820.9 | attn_elems 37748736 | attn_ratio 1.000 | res_std 0.00
/home/featurize/data/ENA-AAH-v3-v3branch/src/data.py:20: UserWarning: To copy construct from a tensor, it is recommended to use sourceTensor.detach().clone() or sourceTensor.detach().clone().requires_grad_(True), rather than torch.tensor(sourceTensor).
  x = torch.tensor(chunk[:-1], dtype=torch.long)
/home/featurize/data/ENA-AAH-v3-v3branch/src/data.py:21: UserWarning: To copy construct from a tensor, it is recommended to use sourceTensor.detach().clone() or sourceTensor.detach().clone().requires_grad_(True), rather than torch.tensor(sourceTensor).
  y = torch.tensor(chunk[1:], dtype=torch.long)
/home/featurize/data/ENA-AAH-v3-v3branch/src/data.py:20: UserWarning: To copy construct from a tensor, it is recommended to use sourceTensor.detach().clone() or sourceTensor.detach().clone().requires_grad_(True), rather than torch.tensor(sourceTensor).
  x = torch.tensor(chunk[:-1], dtype=torch.long)
/home/featurize/data/ENA-AAH-v3-v3branch/src/data.py:21: UserWarning: To copy construct from a tensor, it is recommended to use sourceTensor.detach().clone() or sourceTensor.detach().clone().requires_grad_(True), rather than torch.tensor(sourceTensor).
  y = torch.tensor(chunk[1:], dtype=torch.long)
step 8300 | loss 6.0271 | tok/s 30753.3 | attn_elems 37748736 | attn_ratio 1.000 | res_std 0.00
step 8350 | loss 6.1340 | tok/s 30906.0 | attn_elems 37748736 | attn_ratio 1.000 | res_std 0.00
step 8400 | loss 6.3180 | tok/s 30909.1 | attn_elems 37748736 | attn_ratio 1.000 | res_std 0.00
step 8450 | loss 6.3274 | tok/s 30800.6 | attn_elems 37748736 | attn_ratio 1.000 | res_std 0.00
step 8500 | loss 6.2005 | tok/s 30747.9 | attn_elems 37748736 | attn_ratio 1.000 | res_std 0.00
/home/featurize/data/ENA-AAH-v3-v3branch/src/data.py:20: UserWarning: To copy construct from a tensor, it is recommended to use sourceTensor.detach().clone() or sourceTensor.detach().clone().requires_grad_(True), rather than torch.tensor(sourceTensor).
  x = torch.tensor(chunk[:-1], dtype=torch.long)
/home/featurize/data/ENA-AAH-v3-v3branch/src/data.py:21: UserWarning: To copy construct from a tensor, it is recommended to use sourceTensor.detach().clone() or sourceTensor.detach().clone().requires_grad_(True), rather than torch.tensor(sourceTensor).
  y = torch.tensor(chunk[1:], dtype=torch.long)
/home/featurize/data/ENA-AAH-v3-v3branch/src/data.py:20: UserWarning: To copy construct from a tensor, it is recommended to use sourceTensor.detach().clone() or sourceTensor.detach().clone().requires_grad_(True), rather than torch.tensor(sourceTensor).
  x = torch.tensor(chunk[:-1], dtype=torch.long)
/home/featurize/data/ENA-AAH-v3-v3branch/src/data.py:21: UserWarning: To copy construct from a tensor, it is recommended to use sourceTensor.detach().clone() or sourceTensor.detach().clone().requires_grad_(True), rather than torch.tensor(sourceTensor).
  y = torch.tensor(chunk[1:], dtype=torch.long)
eval batch 0/50
eval batch 5/50
eval batch 10/50
eval batch 15/50
eval batch 20/50
eval batch 25/50
eval batch 30/50
eval batch 35/50
eval batch 40/50
eval batch 45/50
eval step 8500 | loss 6.3661 | ppl 581.77
step 8550 | loss 6.2424 | tok/s 22885.7 | attn_elems 37748736 | attn_ratio 1.000 | res_std 0.00
step 8600 | loss 6.1941 | tok/s 30887.3 | attn_elems 37748736 | attn_ratio 1.000 | res_std 0.00
step 8650 | loss 6.0709 | tok/s 30875.7 | attn_elems 37748736 | attn_ratio 1.000 | res_std 0.00
step 8700 | loss 6.0205 | tok/s 30864.4 | attn_elems 37748736 | attn_ratio 1.000 | res_std 0.00
step 8750 | loss 6.0851 | tok/s 30845.1 | attn_elems 37748736 | attn_ratio 1.000 | res_std 0.00
step 8800 | loss 6.0993 | tok/s 30877.9 | attn_elems 37748736 | attn_ratio 1.000 | res_std 0.00
step 8850 | loss 6.2258 | tok/s 30912.4 | attn_elems 37748736 | attn_ratio 1.000 | res_std 0.00
/home/featurize/data/ENA-AAH-v3-v3branch/src/data.py:20: UserWarning: To copy construct from a tensor, it is recommended to use sourceTensor.detach().clone() or sourceTensor.detach().clone().requires_grad_(True), rather than torch.tensor(sourceTensor).
  x = torch.tensor(chunk[:-1], dtype=torch.long)
/home/featurize/data/ENA-AAH-v3-v3branch/src/data.py:21: UserWarning: To copy construct from a tensor, it is recommended to use sourceTensor.detach().clone() or sourceTensor.detach().clone().requires_grad_(True), rather than torch.tensor(sourceTensor).
  y = torch.tensor(chunk[1:], dtype=torch.long)
/home/featurize/data/ENA-AAH-v3-v3branch/src/data.py:20: UserWarning: To copy construct from a tensor, it is recommended to use sourceTensor.detach().clone() or sourceTensor.detach().clone().requires_grad_(True), rather than torch.tensor(sourceTensor).
  x = torch.tensor(chunk[:-1], dtype=torch.long)
/home/featurize/data/ENA-AAH-v3-v3branch/src/data.py:21: UserWarning: To copy construct from a tensor, it is recommended to use sourceTensor.detach().clone() or sourceTensor.detach().clone().requires_grad_(True), rather than torch.tensor(sourceTensor).
  y = torch.tensor(chunk[1:], dtype=torch.long)
step 8900 | loss 6.0373 | tok/s 30740.9 | attn_elems 37748736 | attn_ratio 1.000 | res_std 0.00
step 8950 | loss 6.1946 | tok/s 30880.4 | attn_elems 37748736 | attn_ratio 1.000 | res_std 0.00
saved_checkpoint step=9000 role=near_end path=/home/featurize/data/ENA-AAH-v3-v3branch/experiments/aah-v3-identity-100m-10k-wt2_step9000.pt
step 9000 | loss 5.9795 | tok/s 28340.9 | attn_elems 37748736 | attn_ratio 1.000 | res_std 0.00
/home/featurize/data/ENA-AAH-v3-v3branch/src/data.py:20: UserWarning: To copy construct from a tensor, it is recommended to use sourceTensor.detach().clone() or sourceTensor.detach().clone().requires_grad_(True), rather than torch.tensor(sourceTensor).
  x = torch.tensor(chunk[:-1], dtype=torch.long)
/home/featurize/data/ENA-AAH-v3-v3branch/src/data.py:21: UserWarning: To copy construct from a tensor, it is recommended to use sourceTensor.detach().clone() or sourceTensor.detach().clone().requires_grad_(True), rather than torch.tensor(sourceTensor).
  y = torch.tensor(chunk[1:], dtype=torch.long)
/home/featurize/data/ENA-AAH-v3-v3branch/src/data.py:20: UserWarning: To copy construct from a tensor, it is recommended to use sourceTensor.detach().clone() or sourceTensor.detach().clone().requires_grad_(True), rather than torch.tensor(sourceTensor).
  x = torch.tensor(chunk[:-1], dtype=torch.long)
/home/featurize/data/ENA-AAH-v3-v3branch/src/data.py:21: UserWarning: To copy construct from a tensor, it is recommended to use sourceTensor.detach().clone() or sourceTensor.detach().clone().requires_grad_(True), rather than torch.tensor(sourceTensor).
  y = torch.tensor(chunk[1:], dtype=torch.long)
eval batch 0/50
eval batch 5/50
eval batch 10/50
eval batch 15/50
eval batch 20/50
eval batch 25/50
eval batch 30/50
eval batch 35/50
eval batch 40/50
eval batch 45/50
eval step 9000 | loss 6.3547 | ppl 575.21
step 9050 | loss 6.0096 | tok/s 22881.3 | attn_elems 37748736 | attn_ratio 1.000 | res_std 0.00
step 9100 | loss 6.1753 | tok/s 30869.2 | attn_elems 37748736 | attn_ratio 1.000 | res_std 0.00
step 9150 | loss 6.0786 | tok/s 30913.8 | attn_elems 37748736 | attn_ratio 1.000 | res_std 0.00
step 9200 | loss 5.9909 | tok/s 30925.2 | attn_elems 37748736 | attn_ratio 1.000 | res_std 0.00
step 9250 | loss 6.1106 | tok/s 30901.1 | attn_elems 37748736 | attn_ratio 1.000 | res_std 0.00
step 9300 | loss 6.1452 | tok/s 30930.9 | attn_elems 37748736 | attn_ratio 1.000 | res_std 0.00
step 9350 | loss 5.8707 | tok/s 30900.1 | attn_elems 37748736 | attn_ratio 1.000 | res_std 0.00
step 9400 | loss 5.8011 | tok/s 30877.9 | attn_elems 37748736 | attn_ratio 1.000 | res_std 0.00
step 9450 | loss 6.0156 | tok/s 30896.6 | attn_elems 37748736 | attn_ratio 1.000 | res_std 0.00
/home/featurize/data/ENA-AAH-v3-v3branch/src/data.py:20: UserWarning: To copy construct from a tensor, it is recommended to use sourceTensor.detach().clone() or sourceTensor.detach().clone().requires_grad_(True), rather than torch.tensor(sourceTensor).
  x = torch.tensor(chunk[:-1], dtype=torch.long)
/home/featurize/data/ENA-AAH-v3-v3branch/src/data.py:21: UserWarning: To copy construct from a tensor, it is recommended to use sourceTensor.detach().clone() or sourceTensor.detach().clone().requires_grad_(True), rather than torch.tensor(sourceTensor).
  y = torch.tensor(chunk[1:], dtype=torch.long)
/home/featurize/data/ENA-AAH-v3-v3branch/src/data.py:20: UserWarning: To copy construct from a tensor, it is recommended to use sourceTensor.detach().clone() or sourceTensor.detach().clone().requires_grad_(True), rather than torch.tensor(sourceTensor).
  x = torch.tensor(chunk[:-1], dtype=torch.long)
/home/featurize/data/ENA-AAH-v3-v3branch/src/data.py:21: UserWarning: To copy construct from a tensor, it is recommended to use sourceTensor.detach().clone() or sourceTensor.detach().clone().requires_grad_(True), rather than torch.tensor(sourceTensor).
  y = torch.tensor(chunk[1:], dtype=torch.long)
saved_checkpoint step=9500 role=near_end path=/home/featurize/data/ENA-AAH-v3-v3branch/experiments/aah-v3-identity-100m-10k-wt2_step9500.pt
step 9500 | loss 6.2304 | tok/s 28194.7 | attn_elems 37748736 | attn_ratio 1.000 | res_std 0.00
/home/featurize/data/ENA-AAH-v3-v3branch/src/data.py:20: UserWarning: To copy construct from a tensor, it is recommended to use sourceTensor.detach().clone() or sourceTensor.detach().clone().requires_grad_(True), rather than torch.tensor(sourceTensor).
  x = torch.tensor(chunk[:-1], dtype=torch.long)
/home/featurize/data/ENA-AAH-v3-v3branch/src/data.py:21: UserWarning: To copy construct from a tensor, it is recommended to use sourceTensor.detach().clone() or sourceTensor.detach().clone().requires_grad_(True), rather than torch.tensor(sourceTensor).
  y = torch.tensor(chunk[1:], dtype=torch.long)
/home/featurize/data/ENA-AAH-v3-v3branch/src/data.py:20: UserWarning: To copy construct from a tensor, it is recommended to use sourceTensor.detach().clone() or sourceTensor.detach().clone().requires_grad_(True), rather than torch.tensor(sourceTensor).
  x = torch.tensor(chunk[:-1], dtype=torch.long)
/home/featurize/data/ENA-AAH-v3-v3branch/src/data.py:21: UserWarning: To copy construct from a tensor, it is recommended to use sourceTensor.detach().clone() or sourceTensor.detach().clone().requires_grad_(True), rather than torch.tensor(sourceTensor).
  y = torch.tensor(chunk[1:], dtype=torch.long)
eval batch 0/50
eval batch 5/50
eval batch 10/50
eval batch 15/50
eval batch 20/50
eval batch 25/50
eval batch 30/50
eval batch 35/50
eval batch 40/50
eval batch 45/50
eval step 9500 | loss 6.3594 | ppl 577.89
step 9550 | loss 6.0844 | tok/s 22917.7 | attn_elems 37748736 | attn_ratio 1.000 | res_std 0.00
step 9600 | loss 5.7911 | tok/s 30953.1 | attn_elems 37748736 | attn_ratio 1.000 | res_std 0.00
step 9650 | loss 6.0114 | tok/s 30912.5 | attn_elems 37748736 | attn_ratio 1.000 | res_std 0.00
step 9700 | loss 5.9492 | tok/s 30927.7 | attn_elems 37748736 | attn_ratio 1.000 | res_std 0.00
step 9750 | loss 6.0411 | tok/s 30953.6 | attn_elems 37748736 | attn_ratio 1.000 | res_std 0.00
step 9800 | loss 5.9778 | tok/s 30955.9 | attn_elems 37748736 | attn_ratio 1.000 | res_std 0.00
step 9850 | loss 5.8276 | tok/s 30923.8 | attn_elems 37748736 | attn_ratio 1.000 | res_std 0.00
step 9900 | loss 6.3440 | tok/s 30928.3 | attn_elems 37748736 | attn_ratio 1.000 | res_std 0.00
step 9950 | loss 6.0717 | tok/s 30890.7 | attn_elems 37748736 | attn_ratio 1.000 | res_std 0.00
saved_checkpoint step=10000 role=near_end path=/home/featurize/data/ENA-AAH-v3-v3branch/experiments/aah-v3-identity-100m-10k-wt2_step10000.pt
saved_checkpoint step=10000 role=final path=/home/featurize/data/ENA-AAH-v3-v3branch/experiments/aah-v3-identity-100m-10k-wt2.pt
step 10000 | loss 5.9826 | tok/s 26574.6 | attn_elems 37748736 | attn_ratio 1.000 | res_std 0.00
/home/featurize/data/ENA-AAH-v3-v3branch/src/data.py:20: UserWarning: To copy construct from a tensor, it is recommended to use sourceTensor.detach().clone() or sourceTensor.detach().clone().requires_grad_(True), rather than torch.tensor(sourceTensor).
  x = torch.tensor(chunk[:-1], dtype=torch.long)
/home/featurize/data/ENA-AAH-v3-v3branch/src/data.py:21: UserWarning: To copy construct from a tensor, it is recommended to use sourceTensor.detach().clone() or sourceTensor.detach().clone().requires_grad_(True), rather than torch.tensor(sourceTensor).
  y = torch.tensor(chunk[1:], dtype=torch.long)
/home/featurize/data/ENA-AAH-v3-v3branch/src/data.py:20: UserWarning: To copy construct from a tensor, it is recommended to use sourceTensor.detach().clone() or sourceTensor.detach().clone().requires_grad_(True), rather than torch.tensor(sourceTensor).
  x = torch.tensor(chunk[:-1], dtype=torch.long)
/home/featurize/data/ENA-AAH-v3-v3branch/src/data.py:21: UserWarning: To copy construct from a tensor, it is recommended to use sourceTensor.detach().clone() or sourceTensor.detach().clone().requires_grad_(True), rather than torch.tensor(sourceTensor).
  y = torch.tensor(chunk[1:], dtype=torch.long)
wandb: updating run metadata
wandb: uploading history steps 218-220, summary, console lines 412-426; uploading wandb-summary.json; uploading config.yaml; uploading output.log
wandb: uploading output.log
wandb: uploading data
wandb: 
wandb: Run history:
wandb:            aah/Lk_mean ▁▁▁▁▁▁▁▁▁▁▁▁▁▁▁▁▁▁▁▁▁▁▁▁▁▁▁▁▁▁▁▁▁▁▁▁▁▁▁▁
wandb:             aah/Lk_p90 ▁▁▁▁▁▁▁▁▁▁▁▁▁▁▁▁▁▁▁▁▁▁▁▁▁▁▁▁▁▁▁▁▁▁▁▁▁▁▁▁
wandb:              aah/W_max ▁▁▁▁▁▁▁▁▁▁▁▁▁▁▁▁▁▁▁▁▁▁▁▁▁▁▁▁▁▁▁▁▁▁▁▁▁▁▁▁
wandb:             aah/W_mean ▁▁▁▁▁▁▁▁▁▁▁▁▁▁▁▁▁▁▁▁▁▁▁▁▁▁▁▁▁▁▁▁▁▁▁▁▁▁▁▁
wandb:              aah/W_min ▁▁▁▁▁▁▁▁▁▁▁▁▁▁▁▁▁▁▁▁▁▁▁▁▁▁▁▁▁▁▁▁▁▁▁▁▁▁▁▁
wandb:         aah/attn_ratio ▁▁▁▁▁▁▁▁▁▁▁▁▁▁▁▁▁▁▁▁▁▁▁▁▁▁▁▁▁▁▁▁▁▁▁▁▁▁▁▁
wandb: aah/attn_ratio_std_ema ▁▁▁▁▁▁▁▁▁▁▁▁▁▁▁▁▁▁▁▁▁▁▁▁▁▁▁▁▁▁▁▁▁▁▁▁▁▁▁▁
wandb:         aah/avg_window ▁▁▁▁▁▁▁▁▁▁▁▁▁▁▁▁▁▁▁▁▁▁▁▁▁▁▁▁▁▁▁▁▁▁▁▁▁▁▁▁
wandb:     aah/flops_attn_est ▁▁▁▁▁▁▁▁▁▁▁▁▁▁▁▁▁▁▁▁▁▁▁▁▁▁▁▁▁▁▁▁▁▁▁▁▁▁▁▁
wandb:        aah/flops_ratio ▁▁▁▁▁▁▁▁▁▁▁▁▁▁▁▁▁▁▁▁▁▁▁▁▁▁▁▁▁▁▁▁▁▁▁▁▁▁▁▁
wandb:                    +41 ...
wandb: 
wandb: Run summary:
wandb:            aah/Lk_mean 512
wandb:             aah/Lk_p90 512
wandb:              aah/W_max 512
wandb:             aah/W_mean 512
wandb:              aah/W_min 512
wandb:         aah/attn_ratio 1
wandb: aah/attn_ratio_std_ema 0
wandb:         aah/avg_window 512
wandb:     aah/flops_attn_est 77309411328.0
wandb:        aah/flops_ratio 1
wandb:                    +45 ...
wandb: 
wandb: 🚀 View run aah-v3-identity-100m-10k-wt2 at: https://wandb.ai/zimmer061310-ena/ENA-AAH/runs/jsorx1wc
wandb: ⭐️ View project at: https://wandb.ai/zimmer061310-ena/ENA-AAH
wandb: Synced 5 W&B file(s), 0 media file(s), 0 artifact file(s) and 0 other file(s)
wandb: Find logs at: ./wandb/run-20260330_155625-jsorx1wc/logs
eval batch 0/50
eval batch 5/50
eval batch 10/50
eval batch 15/50
eval batch 20/50
eval batch 25/50
eval batch 30/50
eval batch 35/50
eval batch 40/50
eval batch 45/50
eval step 10000 | loss 6.3547 | ppl 575.20
