'[Errno -3] Temporary failure in name resolution' thrown while requesting HEAD https://huggingface.co/datasets/wikitext/resolve/b08601e04326c79dfdd32d625aee71d232d685c3/wikitext.py
Retrying in 1s [Retry 1/5].
Using the latest cached version of the dataset since wikitext couldn't be found on the Hugging Face Hub
Found the latest cached dataset configuration 'wikitext-2-raw-v1' at /home/zimmer/.cache/huggingface/datasets/wikitext/wikitext-2-raw-v1/0.0.0/b08601e04326c79dfdd32d625aee71d232d685c3 (last modified on Sun Feb  8 13:14:16 2026).
Token indices sequence length is longer than the specified maximum sequence length for this model (2428601 > 1024). Running this sequence through the model will result in indexing errors
wandb: [wandb.login()] Loaded credentials for https://api.wandb.ai from /home/zimmer/.netrc.
wandb: W&B API key is configured. Use `wandb login --relogin` to force relogin
wandb: Network error (ConnectionError), entering retry loop.
wandb: Network error (ConnectionError), entering retry loop.
wandb: setting up run ab3pqf7z
wandb: Tracking run with wandb version 0.24.2
wandb: Run data is saved locally in /home/zimmer/Ena-AAH-v3/wandb/run-20260214_020616-ab3pqf7z
wandb: Run `wandb offline` to turn off syncing.
wandb: Syncing run aah-v3-control-off-1b-5k-wt2
wandb: ⭐️ View project at https://wandb.ai/zimmer061310-ena/ENA-AAH
wandb: 🚀 View run at https://wandb.ai/zimmer061310-ena/ENA-AAH/runs/ab3pqf7z
/home/zimmer/Ena-AAH-v3/src/data.py:20: UserWarning: To copy construct from a tensor, it is recommended to use sourceTensor.detach().clone() or sourceTensor.detach().clone().requires_grad_(True), rather than torch.tensor(sourceTensor).
  x = torch.tensor(chunk[:-1], dtype=torch.long)
/home/zimmer/Ena-AAH-v3/src/data.py:21: UserWarning: To copy construct from a tensor, it is recommended to use sourceTensor.detach().clone() or sourceTensor.detach().clone().requires_grad_(True), rather than torch.tensor(sourceTensor).
  y = torch.tensor(chunk[1:], dtype=torch.long)
/home/zimmer/Ena-AAH-v3/src/data.py:20: UserWarning: To copy construct from a tensor, it is recommended to use sourceTensor.detach().clone() or sourceTensor.detach().clone().requires_grad_(True), rather than torch.tensor(sourceTensor).
  x = torch.tensor(chunk[:-1], dtype=torch.long)
/home/zimmer/Ena-AAH-v3/src/data.py:21: UserWarning: To copy construct from a tensor, it is recommended to use sourceTensor.detach().clone() or sourceTensor.detach().clone().requires_grad_(True), rather than torch.tensor(sourceTensor).
  y = torch.tensor(chunk[1:], dtype=torch.long)
/home/zimmer/Ena-AAH-v3/scripts/train.py:279: DeprecationWarning: torch.get_autocast_gpu_dtype() is deprecated. Please use torch.get_autocast_dtype('cuda') instead. (Triggered internally at /pytorch/torch/csrc/autograd/init.cpp:856.)
  print(f"autocast gpu dtype: {torch.get_autocast_gpu_dtype()}")
autocast gpu dtype: torch.float16
step 50 | loss 59.7735 | tok/s 9196.4 | attn_elems 50331648 | attn_ratio 1.000
step 100 | loss 80.0414 | tok/s 10591.7 | attn_elems 50331648 | attn_ratio 1.000
step 150 | loss 44.4629 | tok/s 11056.5 | attn_elems 50331648 | attn_ratio 1.000
step 200 | loss 26.0039 | tok/s 10537.3 | attn_elems 50331648 | attn_ratio 1.000
step 250 | loss 22.2312 | tok/s 11022.6 | attn_elems 50331648 | attn_ratio 1.000
step 300 | loss 19.3965 | tok/s 10366.3 | attn_elems 50331648 | attn_ratio 1.000
step 350 | loss 16.7308 | tok/s 10499.1 | attn_elems 50331648 | attn_ratio 1.000
step 400 | loss 20.3971 | tok/s 11011.4 | attn_elems 50331648 | attn_ratio 1.000
step 450 | loss 18.7499 | tok/s 10457.3 | attn_elems 50331648 | attn_ratio 1.000
step 500 | loss 13.3740 | tok/s 11062.2 | attn_elems 50331648 | attn_ratio 1.000
/home/zimmer/Ena-AAH-v3/src/data.py:20: UserWarning: To copy construct from a tensor, it is recommended to use sourceTensor.detach().clone() or sourceTensor.detach().clone().requires_grad_(True), rather than torch.tensor(sourceTensor).
  x = torch.tensor(chunk[:-1], dtype=torch.long)
/home/zimmer/Ena-AAH-v3/src/data.py:21: UserWarning: To copy construct from a tensor, it is recommended to use sourceTensor.detach().clone() or sourceTensor.detach().clone().requires_grad_(True), rather than torch.tensor(sourceTensor).
  y = torch.tensor(chunk[1:], dtype=torch.long)
/home/zimmer/Ena-AAH-v3/src/data.py:20: UserWarning: To copy construct from a tensor, it is recommended to use sourceTensor.detach().clone() or sourceTensor.detach().clone().requires_grad_(True), rather than torch.tensor(sourceTensor).
  x = torch.tensor(chunk[:-1], dtype=torch.long)
/home/zimmer/Ena-AAH-v3/src/data.py:21: UserWarning: To copy construct from a tensor, it is recommended to use sourceTensor.detach().clone() or sourceTensor.detach().clone().requires_grad_(True), rather than torch.tensor(sourceTensor).
  y = torch.tensor(chunk[1:], dtype=torch.long)
eval batch 0/50
eval batch 5/50
eval batch 10/50
eval batch 15/50
eval batch 20/50
eval batch 25/50
eval batch 30/50
eval batch 35/50
eval batch 40/50
eval batch 45/50
eval step 500 | loss 11.3051 | ppl 81232.32
step 550 | loss 12.1550 | tok/s 8040.1 | attn_elems 50331648 | attn_ratio 1.000
/home/zimmer/Ena-AAH-v3/src/data.py:20: UserWarning: To copy construct from a tensor, it is recommended to use sourceTensor.detach().clone() or sourceTensor.detach().clone().requires_grad_(True), rather than torch.tensor(sourceTensor).
  x = torch.tensor(chunk[:-1], dtype=torch.long)
/home/zimmer/Ena-AAH-v3/src/data.py:21: UserWarning: To copy construct from a tensor, it is recommended to use sourceTensor.detach().clone() or sourceTensor.detach().clone().requires_grad_(True), rather than torch.tensor(sourceTensor).
  y = torch.tensor(chunk[1:], dtype=torch.long)
/home/zimmer/Ena-AAH-v3/src/data.py:20: UserWarning: To copy construct from a tensor, it is recommended to use sourceTensor.detach().clone() or sourceTensor.detach().clone().requires_grad_(True), rather than torch.tensor(sourceTensor).
  x = torch.tensor(chunk[:-1], dtype=torch.long)
/home/zimmer/Ena-AAH-v3/src/data.py:21: UserWarning: To copy construct from a tensor, it is recommended to use sourceTensor.detach().clone() or sourceTensor.detach().clone().requires_grad_(True), rather than torch.tensor(sourceTensor).
  y = torch.tensor(chunk[1:], dtype=torch.long)
step 600 | loss 12.6036 | tok/s 10388.7 | attn_elems 50331648 | attn_ratio 1.000
step 650 | loss 11.6835 | tok/s 11103.0 | attn_elems 50331648 | attn_ratio 1.000
step 700 | loss 11.5635 | tok/s 10438.2 | attn_elems 50331648 | attn_ratio 1.000
step 750 | loss 10.7976 | tok/s 11097.5 | attn_elems 50331648 | attn_ratio 1.000
step 800 | loss 10.8152 | tok/s 10449.9 | attn_elems 50331648 | attn_ratio 1.000
step 850 | loss 10.9222 | tok/s 10422.6 | attn_elems 50331648 | attn_ratio 1.000
step 900 | loss 10.3592 | tok/s 11108.2 | attn_elems 50331648 | attn_ratio 1.000
step 950 | loss 10.5018 | tok/s 10404.4 | attn_elems 50331648 | attn_ratio 1.000
step 1000 | loss 10.3961 | tok/s 11157.5 | attn_elems 50331648 | attn_ratio 1.000
/home/zimmer/Ena-AAH-v3/src/data.py:20: UserWarning: To copy construct from a tensor, it is recommended to use sourceTensor.detach().clone() or sourceTensor.detach().clone().requires_grad_(True), rather than torch.tensor(sourceTensor).
  x = torch.tensor(chunk[:-1], dtype=torch.long)
/home/zimmer/Ena-AAH-v3/src/data.py:21: UserWarning: To copy construct from a tensor, it is recommended to use sourceTensor.detach().clone() or sourceTensor.detach().clone().requires_grad_(True), rather than torch.tensor(sourceTensor).
  y = torch.tensor(chunk[1:], dtype=torch.long)
/home/zimmer/Ena-AAH-v3/src/data.py:20: UserWarning: To copy construct from a tensor, it is recommended to use sourceTensor.detach().clone() or sourceTensor.detach().clone().requires_grad_(True), rather than torch.tensor(sourceTensor).
  x = torch.tensor(chunk[:-1], dtype=torch.long)
/home/zimmer/Ena-AAH-v3/src/data.py:21: UserWarning: To copy construct from a tensor, it is recommended to use sourceTensor.detach().clone() or sourceTensor.detach().clone().requires_grad_(True), rather than torch.tensor(sourceTensor).
  y = torch.tensor(chunk[1:], dtype=torch.long)
eval batch 0/50
eval batch 5/50
eval batch 10/50
eval batch 15/50
eval batch 20/50
eval batch 25/50
eval batch 30/50
eval batch 35/50
eval batch 40/50
eval batch 45/50
eval step 1000 | loss 8.2453 | ppl 3809.71
step 1050 | loss 9.6546 | tok/s 8035.5 | attn_elems 50331648 | attn_ratio 1.000
step 1100 | loss 9.9506 | tok/s 10664.7 | attn_elems 50331648 | attn_ratio 1.000
step 1150 | loss 15.0896 | tok/s 10698.9 | attn_elems 50331648 | attn_ratio 1.000
/home/zimmer/Ena-AAH-v3/src/data.py:20: UserWarning: To copy construct from a tensor, it is recommended to use sourceTensor.detach().clone() or sourceTensor.detach().clone().requires_grad_(True), rather than torch.tensor(sourceTensor).
  x = torch.tensor(chunk[:-1], dtype=torch.long)
/home/zimmer/Ena-AAH-v3/src/data.py:21: UserWarning: To copy construct from a tensor, it is recommended to use sourceTensor.detach().clone() or sourceTensor.detach().clone().requires_grad_(True), rather than torch.tensor(sourceTensor).
  y = torch.tensor(chunk[1:], dtype=torch.long)
/home/zimmer/Ena-AAH-v3/src/data.py:20: UserWarning: To copy construct from a tensor, it is recommended to use sourceTensor.detach().clone() or sourceTensor.detach().clone().requires_grad_(True), rather than torch.tensor(sourceTensor).
  x = torch.tensor(chunk[:-1], dtype=torch.long)
/home/zimmer/Ena-AAH-v3/src/data.py:21: UserWarning: To copy construct from a tensor, it is recommended to use sourceTensor.detach().clone() or sourceTensor.detach().clone().requires_grad_(True), rather than torch.tensor(sourceTensor).
  y = torch.tensor(chunk[1:], dtype=torch.long)
step 1200 | loss 12.6144 | tok/s 10698.2 | attn_elems 50331648 | attn_ratio 1.000
step 1250 | loss 9.8515 | tok/s 10706.6 | attn_elems 50331648 | attn_ratio 1.000
step 1300 | loss 9.4784 | tok/s 10705.0 | attn_elems 50331648 | attn_ratio 1.000
step 1350 | loss 9.2576 | tok/s 10691.8 | attn_elems 50331648 | attn_ratio 1.000
step 1400 | loss 9.1143 | tok/s 10686.6 | attn_elems 50331648 | attn_ratio 1.000
step 1450 | loss 8.8186 | tok/s 10617.8 | attn_elems 50331648 | attn_ratio 1.000
step 1500 | loss 8.8282 | tok/s 10396.3 | attn_elems 50331648 | attn_ratio 1.000
/home/zimmer/Ena-AAH-v3/src/data.py:20: UserWarning: To copy construct from a tensor, it is recommended to use sourceTensor.detach().clone() or sourceTensor.detach().clone().requires_grad_(True), rather than torch.tensor(sourceTensor).
  x = torch.tensor(chunk[:-1], dtype=torch.long)
/home/zimmer/Ena-AAH-v3/src/data.py:21: UserWarning: To copy construct from a tensor, it is recommended to use sourceTensor.detach().clone() or sourceTensor.detach().clone().requires_grad_(True), rather than torch.tensor(sourceTensor).
  y = torch.tensor(chunk[1:], dtype=torch.long)
/home/zimmer/Ena-AAH-v3/src/data.py:20: UserWarning: To copy construct from a tensor, it is recommended to use sourceTensor.detach().clone() or sourceTensor.detach().clone().requires_grad_(True), rather than torch.tensor(sourceTensor).
  x = torch.tensor(chunk[:-1], dtype=torch.long)
/home/zimmer/Ena-AAH-v3/src/data.py:21: UserWarning: To copy construct from a tensor, it is recommended to use sourceTensor.detach().clone() or sourceTensor.detach().clone().requires_grad_(True), rather than torch.tensor(sourceTensor).
  y = torch.tensor(chunk[1:], dtype=torch.long)
eval batch 0/50
eval batch 5/50
eval batch 10/50
eval batch 15/50
eval batch 20/50
eval batch 25/50
eval batch 30/50
eval batch 35/50
eval batch 40/50
eval batch 45/50
eval step 1500 | loss 7.5449 | ppl 1891.10
step 1550 | loss 9.1747 | tok/s 8310.3 | attn_elems 50331648 | attn_ratio 1.000
step 1600 | loss 9.0306 | tok/s 10563.5 | attn_elems 50331648 | attn_ratio 1.000
step 1650 | loss 9.0591 | tok/s 10387.5 | attn_elems 50331648 | attn_ratio 1.000
step 1700 | loss 8.9616 | tok/s 11042.2 | attn_elems 50331648 | attn_ratio 1.000
step 1750 | loss 8.9379 | tok/s 10795.2 | attn_elems 50331648 | attn_ratio 1.000
/home/zimmer/Ena-AAH-v3/src/data.py:20: UserWarning: To copy construct from a tensor, it is recommended to use sourceTensor.detach().clone() or sourceTensor.detach().clone().requires_grad_(True), rather than torch.tensor(sourceTensor).
  x = torch.tensor(chunk[:-1], dtype=torch.long)
/home/zimmer/Ena-AAH-v3/src/data.py:21: UserWarning: To copy construct from a tensor, it is recommended to use sourceTensor.detach().clone() or sourceTensor.detach().clone().requires_grad_(True), rather than torch.tensor(sourceTensor).
  y = torch.tensor(chunk[1:], dtype=torch.long)
/home/zimmer/Ena-AAH-v3/src/data.py:20: UserWarning: To copy construct from a tensor, it is recommended to use sourceTensor.detach().clone() or sourceTensor.detach().clone().requires_grad_(True), rather than torch.tensor(sourceTensor).
  x = torch.tensor(chunk[:-1], dtype=torch.long)
/home/zimmer/Ena-AAH-v3/src/data.py:21: UserWarning: To copy construct from a tensor, it is recommended to use sourceTensor.detach().clone() or sourceTensor.detach().clone().requires_grad_(True), rather than torch.tensor(sourceTensor).
  y = torch.tensor(chunk[1:], dtype=torch.long)
step 1800 | loss 8.7703 | tok/s 10623.6 | attn_elems 50331648 | attn_ratio 1.000
step 1850 | loss 8.6965 | tok/s 10354.0 | attn_elems 50331648 | attn_ratio 1.000
step 1900 | loss 8.9174 | tok/s 10704.8 | attn_elems 50331648 | attn_ratio 1.000
step 1950 | loss 8.6660 | tok/s 11059.6 | attn_elems 50331648 | attn_ratio 1.000
step 2000 | loss 8.5209 | tok/s 10651.0 | attn_elems 50331648 | attn_ratio 1.000
/home/zimmer/Ena-AAH-v3/src/data.py:20: UserWarning: To copy construct from a tensor, it is recommended to use sourceTensor.detach().clone() or sourceTensor.detach().clone().requires_grad_(True), rather than torch.tensor(sourceTensor).
  x = torch.tensor(chunk[:-1], dtype=torch.long)
/home/zimmer/Ena-AAH-v3/src/data.py:21: UserWarning: To copy construct from a tensor, it is recommended to use sourceTensor.detach().clone() or sourceTensor.detach().clone().requires_grad_(True), rather than torch.tensor(sourceTensor).
  y = torch.tensor(chunk[1:], dtype=torch.long)
/home/zimmer/Ena-AAH-v3/src/data.py:20: UserWarning: To copy construct from a tensor, it is recommended to use sourceTensor.detach().clone() or sourceTensor.detach().clone().requires_grad_(True), rather than torch.tensor(sourceTensor).
  x = torch.tensor(chunk[:-1], dtype=torch.long)
/home/zimmer/Ena-AAH-v3/src/data.py:21: UserWarning: To copy construct from a tensor, it is recommended to use sourceTensor.detach().clone() or sourceTensor.detach().clone().requires_grad_(True), rather than torch.tensor(sourceTensor).
  y = torch.tensor(chunk[1:], dtype=torch.long)
eval batch 0/50
eval batch 5/50
eval batch 10/50
eval batch 15/50
eval batch 20/50
eval batch 25/50
eval batch 30/50
eval batch 35/50
eval batch 40/50
eval batch 45/50
eval step 2000 | loss 7.2482 | ppl 1405.63
step 2050 | loss 8.9931 | tok/s 8090.0 | attn_elems 50331648 | attn_ratio 1.000
step 2100 | loss 8.6127 | tok/s 10371.5 | attn_elems 50331648 | attn_ratio 1.000
step 2150 | loss 8.9351 | tok/s 10668.5 | attn_elems 50331648 | attn_ratio 1.000
step 2200 | loss 8.6185 | tok/s 11077.5 | attn_elems 50331648 | attn_ratio 1.000
step 2250 | loss 8.4329 | tok/s 10296.3 | attn_elems 50331648 | attn_ratio 1.000
step 2300 | loss 8.1459 | tok/s 10792.1 | attn_elems 50331648 | attn_ratio 1.000
step 2350 | loss 8.7828 | tok/s 10857.3 | attn_elems 50331648 | attn_ratio 1.000
/home/zimmer/Ena-AAH-v3/src/data.py:20: UserWarning: To copy construct from a tensor, it is recommended to use sourceTensor.detach().clone() or sourceTensor.detach().clone().requires_grad_(True), rather than torch.tensor(sourceTensor).
  x = torch.tensor(chunk[:-1], dtype=torch.long)
/home/zimmer/Ena-AAH-v3/src/data.py:21: UserWarning: To copy construct from a tensor, it is recommended to use sourceTensor.detach().clone() or sourceTensor.detach().clone().requires_grad_(True), rather than torch.tensor(sourceTensor).
  y = torch.tensor(chunk[1:], dtype=torch.long)
/home/zimmer/Ena-AAH-v3/src/data.py:20: UserWarning: To copy construct from a tensor, it is recommended to use sourceTensor.detach().clone() or sourceTensor.detach().clone().requires_grad_(True), rather than torch.tensor(sourceTensor).
  x = torch.tensor(chunk[:-1], dtype=torch.long)
/home/zimmer/Ena-AAH-v3/src/data.py:21: UserWarning: To copy construct from a tensor, it is recommended to use sourceTensor.detach().clone() or sourceTensor.detach().clone().requires_grad_(True), rather than torch.tensor(sourceTensor).
  y = torch.tensor(chunk[1:], dtype=torch.long)
step 2400 | loss 8.4849 | tok/s 10779.1 | attn_elems 50331648 | attn_ratio 1.000
step 2450 | loss 8.6394 | tok/s 10583.9 | attn_elems 50331648 | attn_ratio 1.000
step 2500 | loss 8.5052 | tok/s 10281.8 | attn_elems 50331648 | attn_ratio 1.000
/home/zimmer/Ena-AAH-v3/src/data.py:20: UserWarning: To copy construct from a tensor, it is recommended to use sourceTensor.detach().clone() or sourceTensor.detach().clone().requires_grad_(True), rather than torch.tensor(sourceTensor).
  x = torch.tensor(chunk[:-1], dtype=torch.long)
/home/zimmer/Ena-AAH-v3/src/data.py:21: UserWarning: To copy construct from a tensor, it is recommended to use sourceTensor.detach().clone() or sourceTensor.detach().clone().requires_grad_(True), rather than torch.tensor(sourceTensor).
  y = torch.tensor(chunk[1:], dtype=torch.long)
/home/zimmer/Ena-AAH-v3/src/data.py:20: UserWarning: To copy construct from a tensor, it is recommended to use sourceTensor.detach().clone() or sourceTensor.detach().clone().requires_grad_(True), rather than torch.tensor(sourceTensor).
  x = torch.tensor(chunk[:-1], dtype=torch.long)
/home/zimmer/Ena-AAH-v3/src/data.py:21: UserWarning: To copy construct from a tensor, it is recommended to use sourceTensor.detach().clone() or sourceTensor.detach().clone().requires_grad_(True), rather than torch.tensor(sourceTensor).
  y = torch.tensor(chunk[1:], dtype=torch.long)
eval batch 0/50
eval batch 5/50
eval batch 10/50
eval batch 15/50
eval batch 20/50
eval batch 25/50
eval batch 30/50
eval batch 35/50
eval batch 40/50
eval batch 45/50
eval step 2500 | loss 7.1308 | ppl 1249.92
step 2550 | loss 8.4080 | tok/s 8387.4 | attn_elems 50331648 | attn_ratio 1.000
step 2600 | loss 8.2522 | tok/s 10595.1 | attn_elems 50331648 | attn_ratio 1.000
step 2650 | loss 8.5413 | tok/s 10351.9 | attn_elems 50331648 | attn_ratio 1.000
step 2700 | loss 8.1160 | tok/s 11083.6 | attn_elems 50331648 | attn_ratio 1.000
step 2750 | loss 8.4790 | tok/s 10226.6 | attn_elems 50331648 | attn_ratio 1.000
step 2800 | loss 8.3588 | tok/s 10914.5 | attn_elems 50331648 | attn_ratio 1.000
step 2850 | loss 8.2258 | tok/s 10691.3 | attn_elems 50331648 | attn_ratio 1.000
step 2900 | loss 8.2679 | tok/s 10899.0 | attn_elems 50331648 | attn_ratio 1.000
step 2950 | loss 8.5821 | tok/s 10572.9 | attn_elems 50331648 | attn_ratio 1.000
/home/zimmer/Ena-AAH-v3/src/data.py:20: UserWarning: To copy construct from a tensor, it is recommended to use sourceTensor.detach().clone() or sourceTensor.detach().clone().requires_grad_(True), rather than torch.tensor(sourceTensor).
  x = torch.tensor(chunk[:-1], dtype=torch.long)
/home/zimmer/Ena-AAH-v3/src/data.py:21: UserWarning: To copy construct from a tensor, it is recommended to use sourceTensor.detach().clone() or sourceTensor.detach().clone().requires_grad_(True), rather than torch.tensor(sourceTensor).
  y = torch.tensor(chunk[1:], dtype=torch.long)
/home/zimmer/Ena-AAH-v3/src/data.py:20: UserWarning: To copy construct from a tensor, it is recommended to use sourceTensor.detach().clone() or sourceTensor.detach().clone().requires_grad_(True), rather than torch.tensor(sourceTensor).
  x = torch.tensor(chunk[:-1], dtype=torch.long)
/home/zimmer/Ena-AAH-v3/src/data.py:21: UserWarning: To copy construct from a tensor, it is recommended to use sourceTensor.detach().clone() or sourceTensor.detach().clone().requires_grad_(True), rather than torch.tensor(sourceTensor).
  y = torch.tensor(chunk[1:], dtype=torch.long)
step 3000 | loss 8.3750 | tok/s 10536.8 | attn_elems 50331648 | attn_ratio 1.000
/home/zimmer/Ena-AAH-v3/src/data.py:20: UserWarning: To copy construct from a tensor, it is recommended to use sourceTensor.detach().clone() or sourceTensor.detach().clone().requires_grad_(True), rather than torch.tensor(sourceTensor).
  x = torch.tensor(chunk[:-1], dtype=torch.long)
/home/zimmer/Ena-AAH-v3/src/data.py:21: UserWarning: To copy construct from a tensor, it is recommended to use sourceTensor.detach().clone() or sourceTensor.detach().clone().requires_grad_(True), rather than torch.tensor(sourceTensor).
  y = torch.tensor(chunk[1:], dtype=torch.long)
/home/zimmer/Ena-AAH-v3/src/data.py:20: UserWarning: To copy construct from a tensor, it is recommended to use sourceTensor.detach().clone() or sourceTensor.detach().clone().requires_grad_(True), rather than torch.tensor(sourceTensor).
  x = torch.tensor(chunk[:-1], dtype=torch.long)
/home/zimmer/Ena-AAH-v3/src/data.py:21: UserWarning: To copy construct from a tensor, it is recommended to use sourceTensor.detach().clone() or sourceTensor.detach().clone().requires_grad_(True), rather than torch.tensor(sourceTensor).
  y = torch.tensor(chunk[1:], dtype=torch.long)
eval batch 0/50
eval batch 5/50
eval batch 10/50
eval batch 15/50
eval batch 20/50
eval batch 25/50
eval batch 30/50
eval batch 35/50
eval batch 40/50
eval batch 45/50
eval step 3000 | loss 6.9665 | ppl 1060.51
step 3050 | loss 8.1124 | tok/s 8336.2 | attn_elems 50331648 | attn_ratio 1.000
step 3100 | loss 8.3075 | tok/s 10525.1 | attn_elems 50331648 | attn_ratio 1.000
step 3150 | loss 8.3872 | tok/s 10533.3 | attn_elems 50331648 | attn_ratio 1.000
step 3200 | loss 8.1395 | tok/s 11056.3 | attn_elems 50331648 | attn_ratio 1.000
step 3250 | loss 8.2545 | tok/s 10367.3 | attn_elems 50331648 | attn_ratio 1.000
step 3300 | loss 8.3348 | tok/s 11111.3 | attn_elems 50331648 | attn_ratio 1.000
step 3350 | loss 8.1549 | tok/s 10520.5 | attn_elems 50331648 | attn_ratio 1.000
step 3400 | loss 8.1940 | tok/s 10953.9 | attn_elems 50331648 | attn_ratio 1.000
step 3450 | loss 8.2286 | tok/s 10518.3 | attn_elems 50331648 | attn_ratio 1.000
step 3500 | loss 8.1005 | tok/s 10441.0 | attn_elems 50331648 | attn_ratio 1.000
/home/zimmer/Ena-AAH-v3/src/data.py:20: UserWarning: To copy construct from a tensor, it is recommended to use sourceTensor.detach().clone() or sourceTensor.detach().clone().requires_grad_(True), rather than torch.tensor(sourceTensor).
  x = torch.tensor(chunk[:-1], dtype=torch.long)
/home/zimmer/Ena-AAH-v3/src/data.py:21: UserWarning: To copy construct from a tensor, it is recommended to use sourceTensor.detach().clone() or sourceTensor.detach().clone().requires_grad_(True), rather than torch.tensor(sourceTensor).
  y = torch.tensor(chunk[1:], dtype=torch.long)
/home/zimmer/Ena-AAH-v3/src/data.py:20: UserWarning: To copy construct from a tensor, it is recommended to use sourceTensor.detach().clone() or sourceTensor.detach().clone().requires_grad_(True), rather than torch.tensor(sourceTensor).
  x = torch.tensor(chunk[:-1], dtype=torch.long)
/home/zimmer/Ena-AAH-v3/src/data.py:21: UserWarning: To copy construct from a tensor, it is recommended to use sourceTensor.detach().clone() or sourceTensor.detach().clone().requires_grad_(True), rather than torch.tensor(sourceTensor).
  y = torch.tensor(chunk[1:], dtype=torch.long)
eval batch 0/50
eval batch 5/50
eval batch 10/50
eval batch 15/50
eval batch 20/50
eval batch 25/50
eval batch 30/50
eval batch 35/50
eval batch 40/50
eval batch 45/50
eval step 3500 | loss 6.8874 | ppl 979.84
step 3550 | loss 8.3460 | tok/s 8387.8 | attn_elems 50331648 | attn_ratio 1.000
/home/zimmer/Ena-AAH-v3/src/data.py:20: UserWarning: To copy construct from a tensor, it is recommended to use sourceTensor.detach().clone() or sourceTensor.detach().clone().requires_grad_(True), rather than torch.tensor(sourceTensor).
  x = torch.tensor(chunk[:-1], dtype=torch.long)
/home/zimmer/Ena-AAH-v3/src/data.py:21: UserWarning: To copy construct from a tensor, it is recommended to use sourceTensor.detach().clone() or sourceTensor.detach().clone().requires_grad_(True), rather than torch.tensor(sourceTensor).
  y = torch.tensor(chunk[1:], dtype=torch.long)
/home/zimmer/Ena-AAH-v3/src/data.py:20: UserWarning: To copy construct from a tensor, it is recommended to use sourceTensor.detach().clone() or sourceTensor.detach().clone().requires_grad_(True), rather than torch.tensor(sourceTensor).
  x = torch.tensor(chunk[:-1], dtype=torch.long)
/home/zimmer/Ena-AAH-v3/src/data.py:21: UserWarning: To copy construct from a tensor, it is recommended to use sourceTensor.detach().clone() or sourceTensor.detach().clone().requires_grad_(True), rather than torch.tensor(sourceTensor).
  y = torch.tensor(chunk[1:], dtype=torch.long)
step 3600 | loss 7.9191 | tok/s 10522.6 | attn_elems 50331648 | attn_ratio 1.000
step 3650 | loss 7.7696 | tok/s 10467.0 | attn_elems 50331648 | attn_ratio 1.000
step 3700 | loss 8.0395 | tok/s 11039.7 | attn_elems 50331648 | attn_ratio 1.000
step 3750 | loss 8.0977 | tok/s 10472.6 | attn_elems 50331648 | attn_ratio 1.000
step 3800 | loss 8.1124 | tok/s 11061.8 | attn_elems 50331648 | attn_ratio 1.000
step 3850 | loss 8.0972 | tok/s 10486.2 | attn_elems 50331648 | attn_ratio 1.000
step 3900 | loss 7.9305 | tok/s 10968.1 | attn_elems 50331648 | attn_ratio 1.000
step 3950 | loss 7.8911 | tok/s 10606.6 | attn_elems 50331648 | attn_ratio 1.000
step 4000 | loss 8.0860 | tok/s 10393.4 | attn_elems 50331648 | attn_ratio 1.000
/home/zimmer/Ena-AAH-v3/src/data.py:20: UserWarning: To copy construct from a tensor, it is recommended to use sourceTensor.detach().clone() or sourceTensor.detach().clone().requires_grad_(True), rather than torch.tensor(sourceTensor).
  x = torch.tensor(chunk[:-1], dtype=torch.long)
/home/zimmer/Ena-AAH-v3/src/data.py:21: UserWarning: To copy construct from a tensor, it is recommended to use sourceTensor.detach().clone() or sourceTensor.detach().clone().requires_grad_(True), rather than torch.tensor(sourceTensor).
  y = torch.tensor(chunk[1:], dtype=torch.long)
/home/zimmer/Ena-AAH-v3/src/data.py:20: UserWarning: To copy construct from a tensor, it is recommended to use sourceTensor.detach().clone() or sourceTensor.detach().clone().requires_grad_(True), rather than torch.tensor(sourceTensor).
  x = torch.tensor(chunk[:-1], dtype=torch.long)
/home/zimmer/Ena-AAH-v3/src/data.py:21: UserWarning: To copy construct from a tensor, it is recommended to use sourceTensor.detach().clone() or sourceTensor.detach().clone().requires_grad_(True), rather than torch.tensor(sourceTensor).
  y = torch.tensor(chunk[1:], dtype=torch.long)
eval batch 0/50
eval batch 5/50
eval batch 10/50
eval batch 15/50
eval batch 20/50
eval batch 25/50
eval batch 30/50
eval batch 35/50
eval batch 40/50
eval batch 45/50
eval step 4000 | loss 6.8243 | ppl 919.94
step 4050 | loss 7.8764 | tok/s 8379.4 | attn_elems 50331648 | attn_ratio 1.000
step 4100 | loss 8.0847 | tok/s 10603.1 | attn_elems 50331648 | attn_ratio 1.000
/home/zimmer/Ena-AAH-v3/src/data.py:20: UserWarning: To copy construct from a tensor, it is recommended to use sourceTensor.detach().clone() or sourceTensor.detach().clone().requires_grad_(True), rather than torch.tensor(sourceTensor).
  x = torch.tensor(chunk[:-1], dtype=torch.long)
/home/zimmer/Ena-AAH-v3/src/data.py:21: UserWarning: To copy construct from a tensor, it is recommended to use sourceTensor.detach().clone() or sourceTensor.detach().clone().requires_grad_(True), rather than torch.tensor(sourceTensor).
  y = torch.tensor(chunk[1:], dtype=torch.long)
/home/zimmer/Ena-AAH-v3/src/data.py:20: UserWarning: To copy construct from a tensor, it is recommended to use sourceTensor.detach().clone() or sourceTensor.detach().clone().requires_grad_(True), rather than torch.tensor(sourceTensor).
  x = torch.tensor(chunk[:-1], dtype=torch.long)
/home/zimmer/Ena-AAH-v3/src/data.py:21: UserWarning: To copy construct from a tensor, it is recommended to use sourceTensor.detach().clone() or sourceTensor.detach().clone().requires_grad_(True), rather than torch.tensor(sourceTensor).
  y = torch.tensor(chunk[1:], dtype=torch.long)
step 4150 | loss 8.0658 | tok/s 10391.5 | attn_elems 50331648 | attn_ratio 1.000
step 4200 | loss 7.9932 | tok/s 11046.7 | attn_elems 50331648 | attn_ratio 1.000
step 4250 | loss 8.0376 | tok/s 10509.1 | attn_elems 50331648 | attn_ratio 1.000
step 4300 | loss 7.9531 | tok/s 10948.4 | attn_elems 50331648 | attn_ratio 1.000
step 4350 | loss 7.8452 | tok/s 10508.1 | attn_elems 50331648 | attn_ratio 1.000
step 4400 | loss 7.9592 | tok/s 10919.1 | attn_elems 50331648 | attn_ratio 1.000
step 4450 | loss 8.0429 | tok/s 10561.2 | attn_elems 50331648 | attn_ratio 1.000
step 4500 | loss 8.0296 | tok/s 10458.5 | attn_elems 50331648 | attn_ratio 1.000
/home/zimmer/Ena-AAH-v3/src/data.py:20: UserWarning: To copy construct from a tensor, it is recommended to use sourceTensor.detach().clone() or sourceTensor.detach().clone().requires_grad_(True), rather than torch.tensor(sourceTensor).
  x = torch.tensor(chunk[:-1], dtype=torch.long)
/home/zimmer/Ena-AAH-v3/src/data.py:21: UserWarning: To copy construct from a tensor, it is recommended to use sourceTensor.detach().clone() or sourceTensor.detach().clone().requires_grad_(True), rather than torch.tensor(sourceTensor).
  y = torch.tensor(chunk[1:], dtype=torch.long)
/home/zimmer/Ena-AAH-v3/src/data.py:20: UserWarning: To copy construct from a tensor, it is recommended to use sourceTensor.detach().clone() or sourceTensor.detach().clone().requires_grad_(True), rather than torch.tensor(sourceTensor).
  x = torch.tensor(chunk[:-1], dtype=torch.long)
/home/zimmer/Ena-AAH-v3/src/data.py:21: UserWarning: To copy construct from a tensor, it is recommended to use sourceTensor.detach().clone() or sourceTensor.detach().clone().requires_grad_(True), rather than torch.tensor(sourceTensor).
  y = torch.tensor(chunk[1:], dtype=torch.long)
eval batch 0/50
eval batch 5/50
eval batch 10/50
eval batch 15/50
eval batch 20/50
eval batch 25/50
eval batch 30/50
eval batch 35/50
eval batch 40/50
eval batch 45/50
eval step 4500 | loss 6.8123 | ppl 908.97
step 4550 | loss 7.7770 | tok/s 8311.6 | attn_elems 50331648 | attn_ratio 1.000
step 4600 | loss 7.9575 | tok/s 10590.8 | attn_elems 50331648 | attn_ratio 1.000
step 4650 | loss 7.7294 | tok/s 10343.4 | attn_elems 50331648 | attn_ratio 1.000
step 4700 | loss 7.8966 | tok/s 11072.0 | attn_elems 50331648 | attn_ratio 1.000
/home/zimmer/Ena-AAH-v3/src/data.py:20: UserWarning: To copy construct from a tensor, it is recommended to use sourceTensor.detach().clone() or sourceTensor.detach().clone().requires_grad_(True), rather than torch.tensor(sourceTensor).
  x = torch.tensor(chunk[:-1], dtype=torch.long)
/home/zimmer/Ena-AAH-v3/src/data.py:21: UserWarning: To copy construct from a tensor, it is recommended to use sourceTensor.detach().clone() or sourceTensor.detach().clone().requires_grad_(True), rather than torch.tensor(sourceTensor).
  y = torch.tensor(chunk[1:], dtype=torch.long)
/home/zimmer/Ena-AAH-v3/src/data.py:20: UserWarning: To copy construct from a tensor, it is recommended to use sourceTensor.detach().clone() or sourceTensor.detach().clone().requires_grad_(True), rather than torch.tensor(sourceTensor).
  x = torch.tensor(chunk[:-1], dtype=torch.long)
/home/zimmer/Ena-AAH-v3/src/data.py:21: UserWarning: To copy construct from a tensor, it is recommended to use sourceTensor.detach().clone() or sourceTensor.detach().clone().requires_grad_(True), rather than torch.tensor(sourceTensor).
  y = torch.tensor(chunk[1:], dtype=torch.long)
step 4750 | loss 8.1297 | tok/s 10362.2 | attn_elems 50331648 | attn_ratio 1.000
step 4800 | loss 7.8490 | tok/s 11080.4 | attn_elems 50331648 | attn_ratio 1.000
step 4850 | loss 8.0854 | tok/s 10558.8 | attn_elems 50331648 | attn_ratio 1.000
step 4900 | loss 7.9158 | tok/s 10885.2 | attn_elems 50331648 | attn_ratio 1.000
step 4950 | loss 8.0140 | tok/s 10570.7 | attn_elems 50331648 | attn_ratio 1.000
step 5000 | loss 7.8600 | tok/s 10354.7 | attn_elems 50331648 | attn_ratio 1.000
/home/zimmer/Ena-AAH-v3/src/data.py:20: UserWarning: To copy construct from a tensor, it is recommended to use sourceTensor.detach().clone() or sourceTensor.detach().clone().requires_grad_(True), rather than torch.tensor(sourceTensor).
  x = torch.tensor(chunk[:-1], dtype=torch.long)
/home/zimmer/Ena-AAH-v3/src/data.py:21: UserWarning: To copy construct from a tensor, it is recommended to use sourceTensor.detach().clone() or sourceTensor.detach().clone().requires_grad_(True), rather than torch.tensor(sourceTensor).
  y = torch.tensor(chunk[1:], dtype=torch.long)
/home/zimmer/Ena-AAH-v3/src/data.py:20: UserWarning: To copy construct from a tensor, it is recommended to use sourceTensor.detach().clone() or sourceTensor.detach().clone().requires_grad_(True), rather than torch.tensor(sourceTensor).
  x = torch.tensor(chunk[:-1], dtype=torch.long)
/home/zimmer/Ena-AAH-v3/src/data.py:21: UserWarning: To copy construct from a tensor, it is recommended to use sourceTensor.detach().clone() or sourceTensor.detach().clone().requires_grad_(True), rather than torch.tensor(sourceTensor).
  y = torch.tensor(chunk[1:], dtype=torch.long)
eval batch 0/50
eval batch 5/50
eval batch 10/50
eval batch 15/50
eval batch 20/50
eval batch 25/50
eval batch 30/50
eval batch 35/50
eval batch 40/50
eval batch 45/50
eval step 5000 | loss 6.7858 | ppl 885.20
[1;34mwandb[0m: 
[1;34mwandb[0m: 🚀 View run [33maah-v3-control-off-1b-5k-wt2[0m at: [34mhttps://wandb.ai/zimmer061310-ena/ENA-AAH/runs/ab3pqf7z[0m
[1;34mwandb[0m: Find logs at: [1;35mwandb/run-20260214_020616-ab3pqf7z/logs[0m
Warning: Resource leak detected by SharedSignalPool, 2 Signals leaked.
