'[Errno -3] Temporary failure in name resolution' thrown while requesting HEAD https://huggingface.co/datasets/wikitext/resolve/b08601e04326c79dfdd32d625aee71d232d685c3/wikitext.py
Retrying in 1s [Retry 1/5].
Using the latest cached version of the dataset since wikitext couldn't be found on the Hugging Face Hub
Found the latest cached dataset configuration 'wikitext-2-raw-v1' at /home/zimmer/.cache/huggingface/datasets/wikitext/wikitext-2-raw-v1/0.0.0/b08601e04326c79dfdd32d625aee71d232d685c3 (last modified on Sun Feb  8 13:14:16 2026).
Token indices sequence length is longer than the specified maximum sequence length for this model (2428601 > 1024). Running this sequence through the model will result in indexing errors
wandb: [wandb.login()] Loaded credentials for https://api.wandb.ai from /home/zimmer/.netrc.
wandb: W&B API key is configured. Use `wandb login --relogin` to force relogin
wandb: Network error (ConnectionError), entering retry loop.
wandb: Network error (ConnectionError), entering retry loop.
/home/zimmer/Ena-AAH-v3/src/data.py:20: UserWarning: To copy construct from a tensor, it is recommended to use sourceTensor.detach().clone() or sourceTensor.detach().clone().requires_grad_(True), rather than torch.tensor(sourceTensor).
  x = torch.tensor(chunk[:-1], dtype=torch.long)
/home/zimmer/Ena-AAH-v3/src/data.py:21: UserWarning: To copy construct from a tensor, it is recommended to use sourceTensor.detach().clone() or sourceTensor.detach().clone().requires_grad_(True), rather than torch.tensor(sourceTensor).
  y = torch.tensor(chunk[1:], dtype=torch.long)
/home/zimmer/Ena-AAH-v3/src/data.py:20: UserWarning: To copy construct from a tensor, it is recommended to use sourceTensor.detach().clone() or sourceTensor.detach().clone().requires_grad_(True), rather than torch.tensor(sourceTensor).
  x = torch.tensor(chunk[:-1], dtype=torch.long)
/home/zimmer/Ena-AAH-v3/src/data.py:21: UserWarning: To copy construct from a tensor, it is recommended to use sourceTensor.detach().clone() or sourceTensor.detach().clone().requires_grad_(True), rather than torch.tensor(sourceTensor).
  y = torch.tensor(chunk[1:], dtype=torch.long)
/home/zimmer/Ena-AAH-v3/scripts/train.py:279: DeprecationWarning: torch.get_autocast_gpu_dtype() is deprecated. Please use torch.get_autocast_dtype('cuda') instead. (Triggered internally at /pytorch/torch/csrc/autograd/init.cpp:856.)
  print(f"autocast gpu dtype: {torch.get_autocast_gpu_dtype()}")
wandb: Network error (ConnectionError), entering retry loop.
autocast gpu dtype: torch.float16
step 50 | loss 59.7703 | tok/s 5699.8 | attn_elems 50331648 | attn_ratio 1.000
step 100 | loss 60.0970 | tok/s 6636.3 | attn_elems 50331648 | attn_ratio 1.000
step 150 | loss 46.0973 | tok/s 7047.9 | attn_elems 25165824 | attn_ratio 0.500
step 200 | loss 30.5347 | tok/s 7050.5 | attn_elems 25165824 | attn_ratio 0.500
step 250 | loss 24.0051 | tok/s 7377.0 | attn_elems 25165824 | attn_ratio 0.500
step 300 | loss 20.4060 | tok/s 7053.2 | attn_elems 25165824 | attn_ratio 0.500
step 350 | loss 21.3019 | tok/s 7111.2 | attn_elems 18481152 | attn_ratio 0.367
step 400 | loss 17.8999 | tok/s 7103.6 | attn_elems 18481152 | attn_ratio 0.367
step 450 | loss 15.1069 | tok/s 7173.1 | attn_elems 18481152 | attn_ratio 0.367
step 500 | loss 13.1737 | tok/s 7104.4 | attn_elems 18481152 | attn_ratio 0.367
/home/zimmer/Ena-AAH-v3/src/data.py:20: UserWarning: To copy construct from a tensor, it is recommended to use sourceTensor.detach().clone() or sourceTensor.detach().clone().requires_grad_(True), rather than torch.tensor(sourceTensor).
  x = torch.tensor(chunk[:-1], dtype=torch.long)
/home/zimmer/Ena-AAH-v3/src/data.py:21: UserWarning: To copy construct from a tensor, it is recommended to use sourceTensor.detach().clone() or sourceTensor.detach().clone().requires_grad_(True), rather than torch.tensor(sourceTensor).
  y = torch.tensor(chunk[1:], dtype=torch.long)
/home/zimmer/Ena-AAH-v3/src/data.py:20: UserWarning: To copy construct from a tensor, it is recommended to use sourceTensor.detach().clone() or sourceTensor.detach().clone().requires_grad_(True), rather than torch.tensor(sourceTensor).
  x = torch.tensor(chunk[:-1], dtype=torch.long)
/home/zimmer/Ena-AAH-v3/src/data.py:21: UserWarning: To copy construct from a tensor, it is recommended to use sourceTensor.detach().clone() or sourceTensor.detach().clone().requires_grad_(True), rather than torch.tensor(sourceTensor).
  y = torch.tensor(chunk[1:], dtype=torch.long)
eval batch 0/50
eval batch 5/50
eval batch 10/50
eval batch 15/50
eval batch 20/50
eval batch 25/50
eval batch 30/50
eval batch 35/50
eval batch 40/50
eval batch 45/50
eval step 500 | loss 11.3938 | ppl 88770.14
step 550 | loss 12.3596 | tok/s 4716.3 | attn_elems 18481152 | attn_ratio 0.367
/home/zimmer/Ena-AAH-v3/src/data.py:20: UserWarning: To copy construct from a tensor, it is recommended to use sourceTensor.detach().clone() or sourceTensor.detach().clone().requires_grad_(True), rather than torch.tensor(sourceTensor).
  x = torch.tensor(chunk[:-1], dtype=torch.long)
/home/zimmer/Ena-AAH-v3/src/data.py:21: UserWarning: To copy construct from a tensor, it is recommended to use sourceTensor.detach().clone() or sourceTensor.detach().clone().requires_grad_(True), rather than torch.tensor(sourceTensor).
  y = torch.tensor(chunk[1:], dtype=torch.long)
/home/zimmer/Ena-AAH-v3/src/data.py:20: UserWarning: To copy construct from a tensor, it is recommended to use sourceTensor.detach().clone() or sourceTensor.detach().clone().requires_grad_(True), rather than torch.tensor(sourceTensor).
  x = torch.tensor(chunk[:-1], dtype=torch.long)
/home/zimmer/Ena-AAH-v3/src/data.py:21: UserWarning: To copy construct from a tensor, it is recommended to use sourceTensor.detach().clone() or sourceTensor.detach().clone().requires_grad_(True), rather than torch.tensor(sourceTensor).
  y = torch.tensor(chunk[1:], dtype=torch.long)
step 600 | loss 12.7582 | tok/s 7143.6 | attn_elems 18481152 | attn_ratio 0.367
step 650 | loss 11.8659 | tok/s 7139.5 | attn_elems 18481152 | attn_ratio 0.367
step 700 | loss 11.5669 | tok/s 7054.6 | attn_elems 18481152 | attn_ratio 0.367
step 750 | loss 10.9399 | tok/s 7112.2 | attn_elems 18481152 | attn_ratio 0.367
step 800 | loss 10.8759 | tok/s 7336.5 | attn_elems 18481152 | attn_ratio 0.367
step 850 | loss 11.1249 | tok/s 7199.5 | attn_elems 18481152 | attn_ratio 0.367
step 900 | loss 10.4228 | tok/s 7171.9 | attn_elems 18481152 | attn_ratio 0.367
step 950 | loss 10.6626 | tok/s 7217.1 | attn_elems 18481152 | attn_ratio 0.367
step 1000 | loss 10.5281 | tok/s 7159.9 | attn_elems 18481152 | attn_ratio 0.367
/home/zimmer/Ena-AAH-v3/src/data.py:20: UserWarning: To copy construct from a tensor, it is recommended to use sourceTensor.detach().clone() or sourceTensor.detach().clone().requires_grad_(True), rather than torch.tensor(sourceTensor).
  x = torch.tensor(chunk[:-1], dtype=torch.long)
/home/zimmer/Ena-AAH-v3/src/data.py:21: UserWarning: To copy construct from a tensor, it is recommended to use sourceTensor.detach().clone() or sourceTensor.detach().clone().requires_grad_(True), rather than torch.tensor(sourceTensor).
  y = torch.tensor(chunk[1:], dtype=torch.long)
/home/zimmer/Ena-AAH-v3/src/data.py:20: UserWarning: To copy construct from a tensor, it is recommended to use sourceTensor.detach().clone() or sourceTensor.detach().clone().requires_grad_(True), rather than torch.tensor(sourceTensor).
  x = torch.tensor(chunk[:-1], dtype=torch.long)
/home/zimmer/Ena-AAH-v3/src/data.py:21: UserWarning: To copy construct from a tensor, it is recommended to use sourceTensor.detach().clone() or sourceTensor.detach().clone().requires_grad_(True), rather than torch.tensor(sourceTensor).
  y = torch.tensor(chunk[1:], dtype=torch.long)
eval batch 0/50
eval batch 5/50
eval batch 10/50
eval batch 15/50
eval batch 20/50
eval batch 25/50
eval batch 30/50
eval batch 35/50
eval batch 40/50
eval batch 45/50
eval step 1000 | loss 8.3260 | ppl 4129.77
step 1050 | loss 14.5929 | tok/s 4735.8 | attn_elems 18481152 | attn_ratio 0.367
step 1100 | loss 10.4030 | tok/s 7098.7 | attn_elems 18481152 | attn_ratio 0.367
step 1150 | loss 9.5846 | tok/s 7112.0 | attn_elems 18481152 | attn_ratio 0.367
/home/zimmer/Ena-AAH-v3/src/data.py:20: UserWarning: To copy construct from a tensor, it is recommended to use sourceTensor.detach().clone() or sourceTensor.detach().clone().requires_grad_(True), rather than torch.tensor(sourceTensor).
  x = torch.tensor(chunk[:-1], dtype=torch.long)
/home/zimmer/Ena-AAH-v3/src/data.py:21: UserWarning: To copy construct from a tensor, it is recommended to use sourceTensor.detach().clone() or sourceTensor.detach().clone().requires_grad_(True), rather than torch.tensor(sourceTensor).
  y = torch.tensor(chunk[1:], dtype=torch.long)
/home/zimmer/Ena-AAH-v3/src/data.py:20: UserWarning: To copy construct from a tensor, it is recommended to use sourceTensor.detach().clone() or sourceTensor.detach().clone().requires_grad_(True), rather than torch.tensor(sourceTensor).
  x = torch.tensor(chunk[:-1], dtype=torch.long)
/home/zimmer/Ena-AAH-v3/src/data.py:21: UserWarning: To copy construct from a tensor, it is recommended to use sourceTensor.detach().clone() or sourceTensor.detach().clone().requires_grad_(True), rather than torch.tensor(sourceTensor).
  y = torch.tensor(chunk[1:], dtype=torch.long)
step 1200 | loss 9.5350 | tok/s 7168.2 | attn_elems 18481152 | attn_ratio 0.367
step 1250 | loss 9.4842 | tok/s 7075.8 | attn_elems 18481152 | attn_ratio 0.367
step 1300 | loss 9.4858 | tok/s 7345.9 | attn_elems 18481152 | attn_ratio 0.367
step 1350 | loss 9.2838 | tok/s 7097.6 | attn_elems 18481152 | attn_ratio 0.367
step 1400 | loss 9.1032 | tok/s 7125.7 | attn_elems 18481152 | attn_ratio 0.367
step 1450 | loss 8.8185 | tok/s 7166.4 | attn_elems 18481152 | attn_ratio 0.367
step 1500 | loss 8.8867 | tok/s 7174.6 | attn_elems 18481152 | attn_ratio 0.367
/home/zimmer/Ena-AAH-v3/src/data.py:20: UserWarning: To copy construct from a tensor, it is recommended to use sourceTensor.detach().clone() or sourceTensor.detach().clone().requires_grad_(True), rather than torch.tensor(sourceTensor).
  x = torch.tensor(chunk[:-1], dtype=torch.long)
/home/zimmer/Ena-AAH-v3/src/data.py:21: UserWarning: To copy construct from a tensor, it is recommended to use sourceTensor.detach().clone() or sourceTensor.detach().clone().requires_grad_(True), rather than torch.tensor(sourceTensor).
  y = torch.tensor(chunk[1:], dtype=torch.long)
/home/zimmer/Ena-AAH-v3/src/data.py:20: UserWarning: To copy construct from a tensor, it is recommended to use sourceTensor.detach().clone() or sourceTensor.detach().clone().requires_grad_(True), rather than torch.tensor(sourceTensor).
  x = torch.tensor(chunk[:-1], dtype=torch.long)
/home/zimmer/Ena-AAH-v3/src/data.py:21: UserWarning: To copy construct from a tensor, it is recommended to use sourceTensor.detach().clone() or sourceTensor.detach().clone().requires_grad_(True), rather than torch.tensor(sourceTensor).
  y = torch.tensor(chunk[1:], dtype=torch.long)
eval batch 0/50
eval batch 5/50
eval batch 10/50
eval batch 15/50
eval batch 20/50
eval batch 25/50
eval batch 30/50
eval batch 35/50
eval batch 40/50
eval batch 45/50
eval step 1500 | loss 7.5299 | ppl 1862.96
step 1550 | loss 9.2594 | tok/s 4712.7 | attn_elems 18481152 | attn_ratio 0.367
step 1600 | loss 9.0261 | tok/s 7114.2 | attn_elems 18481152 | attn_ratio 0.367
step 1650 | loss 9.1537 | tok/s 7149.9 | attn_elems 18481152 | attn_ratio 0.367
step 1700 | loss 8.9325 | tok/s 7162.2 | attn_elems 18481152 | attn_ratio 0.367
step 1750 | loss 8.9813 | tok/s 7168.2 | attn_elems 18481152 | attn_ratio 0.367
/home/zimmer/Ena-AAH-v3/src/data.py:20: UserWarning: To copy construct from a tensor, it is recommended to use sourceTensor.detach().clone() or sourceTensor.detach().clone().requires_grad_(True), rather than torch.tensor(sourceTensor).
  x = torch.tensor(chunk[:-1], dtype=torch.long)
/home/zimmer/Ena-AAH-v3/src/data.py:21: UserWarning: To copy construct from a tensor, it is recommended to use sourceTensor.detach().clone() or sourceTensor.detach().clone().requires_grad_(True), rather than torch.tensor(sourceTensor).
  y = torch.tensor(chunk[1:], dtype=torch.long)
/home/zimmer/Ena-AAH-v3/src/data.py:20: UserWarning: To copy construct from a tensor, it is recommended to use sourceTensor.detach().clone() or sourceTensor.detach().clone().requires_grad_(True), rather than torch.tensor(sourceTensor).
  x = torch.tensor(chunk[:-1], dtype=torch.long)
/home/zimmer/Ena-AAH-v3/src/data.py:21: UserWarning: To copy construct from a tensor, it is recommended to use sourceTensor.detach().clone() or sourceTensor.detach().clone().requires_grad_(True), rather than torch.tensor(sourceTensor).
  y = torch.tensor(chunk[1:], dtype=torch.long)
step 1800 | loss 8.8218 | tok/s 7465.6 | attn_elems 18481152 | attn_ratio 0.367
step 1850 | loss 8.7349 | tok/s 7151.1 | attn_elems 18481152 | attn_ratio 0.367
step 1900 | loss 8.9425 | tok/s 7027.4 | attn_elems 18481152 | attn_ratio 0.367
step 1950 | loss 8.6554 | tok/s 7155.0 | attn_elems 18481152 | attn_ratio 0.367
step 2000 | loss 8.7233 | tok/s 6952.9 | attn_elems 18481152 | attn_ratio 0.367
/home/zimmer/Ena-AAH-v3/src/data.py:20: UserWarning: To copy construct from a tensor, it is recommended to use sourceTensor.detach().clone() or sourceTensor.detach().clone().requires_grad_(True), rather than torch.tensor(sourceTensor).
  x = torch.tensor(chunk[:-1], dtype=torch.long)
/home/zimmer/Ena-AAH-v3/src/data.py:21: UserWarning: To copy construct from a tensor, it is recommended to use sourceTensor.detach().clone() or sourceTensor.detach().clone().requires_grad_(True), rather than torch.tensor(sourceTensor).
  y = torch.tensor(chunk[1:], dtype=torch.long)
/home/zimmer/Ena-AAH-v3/src/data.py:20: UserWarning: To copy construct from a tensor, it is recommended to use sourceTensor.detach().clone() or sourceTensor.detach().clone().requires_grad_(True), rather than torch.tensor(sourceTensor).
  x = torch.tensor(chunk[:-1], dtype=torch.long)
/home/zimmer/Ena-AAH-v3/src/data.py:21: UserWarning: To copy construct from a tensor, it is recommended to use sourceTensor.detach().clone() or sourceTensor.detach().clone().requires_grad_(True), rather than torch.tensor(sourceTensor).
  y = torch.tensor(chunk[1:], dtype=torch.long)
eval batch 0/50
eval batch 5/50
eval batch 10/50
eval batch 15/50
eval batch 20/50
eval batch 25/50
eval batch 30/50
eval batch 35/50
eval batch 40/50
eval batch 45/50
eval step 2000 | loss 7.4047 | ppl 1643.65
step 2050 | loss 8.7505 | tok/s 4776.0 | attn_elems 18481152 | attn_ratio 0.367
step 2100 | loss 8.5595 | tok/s 7213.9 | attn_elems 18481152 | attn_ratio 0.367
step 2150 | loss 8.9482 | tok/s 7083.7 | attn_elems 18481152 | attn_ratio 0.367
step 2200 | loss 8.6246 | tok/s 7196.3 | attn_elems 18481152 | attn_ratio 0.367
step 2250 | loss 8.4073 | tok/s 7177.0 | attn_elems 18481152 | attn_ratio 0.367
step 2300 | loss 8.1577 | tok/s 7350.6 | attn_elems 18481152 | attn_ratio 0.367
step 2350 | loss 8.7832 | tok/s 7081.5 | attn_elems 18481152 | attn_ratio 0.367
/home/zimmer/Ena-AAH-v3/src/data.py:20: UserWarning: To copy construct from a tensor, it is recommended to use sourceTensor.detach().clone() or sourceTensor.detach().clone().requires_grad_(True), rather than torch.tensor(sourceTensor).
  x = torch.tensor(chunk[:-1], dtype=torch.long)
/home/zimmer/Ena-AAH-v3/src/data.py:21: UserWarning: To copy construct from a tensor, it is recommended to use sourceTensor.detach().clone() or sourceTensor.detach().clone().requires_grad_(True), rather than torch.tensor(sourceTensor).
  y = torch.tensor(chunk[1:], dtype=torch.long)
/home/zimmer/Ena-AAH-v3/src/data.py:20: UserWarning: To copy construct from a tensor, it is recommended to use sourceTensor.detach().clone() or sourceTensor.detach().clone().requires_grad_(True), rather than torch.tensor(sourceTensor).
  x = torch.tensor(chunk[:-1], dtype=torch.long)
/home/zimmer/Ena-AAH-v3/src/data.py:21: UserWarning: To copy construct from a tensor, it is recommended to use sourceTensor.detach().clone() or sourceTensor.detach().clone().requires_grad_(True), rather than torch.tensor(sourceTensor).
  y = torch.tensor(chunk[1:], dtype=torch.long)
step 2400 | loss 8.4609 | tok/s 7039.1 | attn_elems 18481152 | attn_ratio 0.367
step 2450 | loss 8.7471 | tok/s 7062.0 | attn_elems 18481152 | attn_ratio 0.367
step 2500 | loss 8.4853 | tok/s 7097.3 | attn_elems 18481152 | attn_ratio 0.367
/home/zimmer/Ena-AAH-v3/src/data.py:20: UserWarning: To copy construct from a tensor, it is recommended to use sourceTensor.detach().clone() or sourceTensor.detach().clone().requires_grad_(True), rather than torch.tensor(sourceTensor).
  x = torch.tensor(chunk[:-1], dtype=torch.long)
/home/zimmer/Ena-AAH-v3/src/data.py:21: UserWarning: To copy construct from a tensor, it is recommended to use sourceTensor.detach().clone() or sourceTensor.detach().clone().requires_grad_(True), rather than torch.tensor(sourceTensor).
  y = torch.tensor(chunk[1:], dtype=torch.long)
/home/zimmer/Ena-AAH-v3/src/data.py:20: UserWarning: To copy construct from a tensor, it is recommended to use sourceTensor.detach().clone() or sourceTensor.detach().clone().requires_grad_(True), rather than torch.tensor(sourceTensor).
  x = torch.tensor(chunk[:-1], dtype=torch.long)
/home/zimmer/Ena-AAH-v3/src/data.py:21: UserWarning: To copy construct from a tensor, it is recommended to use sourceTensor.detach().clone() or sourceTensor.detach().clone().requires_grad_(True), rather than torch.tensor(sourceTensor).
  y = torch.tensor(chunk[1:], dtype=torch.long)
eval batch 0/50
eval batch 5/50
eval batch 10/50
eval batch 15/50
eval batch 20/50
eval batch 25/50
eval batch 30/50
eval batch 35/50
eval batch 40/50
eval batch 45/50
eval step 2500 | loss 7.1311 | ppl 1250.30
step 2550 | loss 8.4188 | tok/s 4570.5 | attn_elems 18481152 | attn_ratio 0.367
step 2600 | loss 8.2168 | tok/s 6938.1 | attn_elems 18481152 | attn_ratio 0.367
step 2650 | loss 8.5222 | tok/s 6877.1 | attn_elems 18481152 | attn_ratio 0.367
step 2700 | loss 8.1092 | tok/s 6991.3 | attn_elems 18481152 | attn_ratio 0.367
step 2750 | loss 8.4481 | tok/s 6964.1 | attn_elems 18481152 | attn_ratio 0.367
step 2800 | loss 8.3771 | tok/s 6971.9 | attn_elems 18481152 | attn_ratio 0.367
step 2850 | loss 8.1742 | tok/s 7453.1 | attn_elems 18481152 | attn_ratio 0.367
step 2900 | loss 8.2266 | tok/s 7253.7 | attn_elems 18481152 | attn_ratio 0.367
step 2950 | loss 8.5830 | tok/s 7127.2 | attn_elems 18481152 | attn_ratio 0.367
/home/zimmer/Ena-AAH-v3/src/data.py:20: UserWarning: To copy construct from a tensor, it is recommended to use sourceTensor.detach().clone() or sourceTensor.detach().clone().requires_grad_(True), rather than torch.tensor(sourceTensor).
  x = torch.tensor(chunk[:-1], dtype=torch.long)
/home/zimmer/Ena-AAH-v3/src/data.py:21: UserWarning: To copy construct from a tensor, it is recommended to use sourceTensor.detach().clone() or sourceTensor.detach().clone().requires_grad_(True), rather than torch.tensor(sourceTensor).
  y = torch.tensor(chunk[1:], dtype=torch.long)
/home/zimmer/Ena-AAH-v3/src/data.py:20: UserWarning: To copy construct from a tensor, it is recommended to use sourceTensor.detach().clone() or sourceTensor.detach().clone().requires_grad_(True), rather than torch.tensor(sourceTensor).
  x = torch.tensor(chunk[:-1], dtype=torch.long)
/home/zimmer/Ena-AAH-v3/src/data.py:21: UserWarning: To copy construct from a tensor, it is recommended to use sourceTensor.detach().clone() or sourceTensor.detach().clone().requires_grad_(True), rather than torch.tensor(sourceTensor).
  y = torch.tensor(chunk[1:], dtype=torch.long)
step 3000 | loss 8.3534 | tok/s 7185.0 | attn_elems 18481152 | attn_ratio 0.367
/home/zimmer/Ena-AAH-v3/src/data.py:20: UserWarning: To copy construct from a tensor, it is recommended to use sourceTensor.detach().clone() or sourceTensor.detach().clone().requires_grad_(True), rather than torch.tensor(sourceTensor).
  x = torch.tensor(chunk[:-1], dtype=torch.long)
/home/zimmer/Ena-AAH-v3/src/data.py:21: UserWarning: To copy construct from a tensor, it is recommended to use sourceTensor.detach().clone() or sourceTensor.detach().clone().requires_grad_(True), rather than torch.tensor(sourceTensor).
  y = torch.tensor(chunk[1:], dtype=torch.long)
/home/zimmer/Ena-AAH-v3/src/data.py:20: UserWarning: To copy construct from a tensor, it is recommended to use sourceTensor.detach().clone() or sourceTensor.detach().clone().requires_grad_(True), rather than torch.tensor(sourceTensor).
  x = torch.tensor(chunk[:-1], dtype=torch.long)
/home/zimmer/Ena-AAH-v3/src/data.py:21: UserWarning: To copy construct from a tensor, it is recommended to use sourceTensor.detach().clone() or sourceTensor.detach().clone().requires_grad_(True), rather than torch.tensor(sourceTensor).
  y = torch.tensor(chunk[1:], dtype=torch.long)
eval batch 0/50
eval batch 5/50
eval batch 10/50
eval batch 15/50
eval batch 20/50
eval batch 25/50
eval batch 30/50
eval batch 35/50
eval batch 40/50
eval batch 45/50
eval step 3000 | loss 6.9806 | ppl 1075.60
step 3050 | loss 8.0911 | tok/s 4689.1 | attn_elems 18481152 | attn_ratio 0.367
step 3100 | loss 8.2978 | tok/s 7006.8 | attn_elems 18481152 | attn_ratio 0.367
step 3150 | loss 8.3456 | tok/s 6959.5 | attn_elems 18481152 | attn_ratio 0.367
step 3200 | loss 8.1516 | tok/s 7067.3 | attn_elems 18481152 | attn_ratio 0.367
step 3250 | loss 8.2592 | tok/s 7078.1 | attn_elems 18481152 | attn_ratio 0.367
step 3300 | loss 8.3031 | tok/s 7035.7 | attn_elems 18481152 | attn_ratio 0.367
step 3350 | loss 8.1494 | tok/s 7286.9 | attn_elems 18481152 | attn_ratio 0.367
step 3400 | loss 8.1696 | tok/s 6973.3 | attn_elems 18481152 | attn_ratio 0.367
step 3450 | loss 8.2145 | tok/s 7051.3 | attn_elems 18481152 | attn_ratio 0.367
step 3500 | loss 8.0475 | tok/s 6995.2 | attn_elems 18481152 | attn_ratio 0.367
/home/zimmer/Ena-AAH-v3/src/data.py:20: UserWarning: To copy construct from a tensor, it is recommended to use sourceTensor.detach().clone() or sourceTensor.detach().clone().requires_grad_(True), rather than torch.tensor(sourceTensor).
  x = torch.tensor(chunk[:-1], dtype=torch.long)
/home/zimmer/Ena-AAH-v3/src/data.py:21: UserWarning: To copy construct from a tensor, it is recommended to use sourceTensor.detach().clone() or sourceTensor.detach().clone().requires_grad_(True), rather than torch.tensor(sourceTensor).
  y = torch.tensor(chunk[1:], dtype=torch.long)
/home/zimmer/Ena-AAH-v3/src/data.py:20: UserWarning: To copy construct from a tensor, it is recommended to use sourceTensor.detach().clone() or sourceTensor.detach().clone().requires_grad_(True), rather than torch.tensor(sourceTensor).
  x = torch.tensor(chunk[:-1], dtype=torch.long)
/home/zimmer/Ena-AAH-v3/src/data.py:21: UserWarning: To copy construct from a tensor, it is recommended to use sourceTensor.detach().clone() or sourceTensor.detach().clone().requires_grad_(True), rather than torch.tensor(sourceTensor).
  y = torch.tensor(chunk[1:], dtype=torch.long)
eval batch 0/50
eval batch 5/50
eval batch 10/50
eval batch 15/50
eval batch 20/50
eval batch 25/50
eval batch 30/50
eval batch 35/50
eval batch 40/50
eval batch 45/50
eval step 3500 | loss 6.8830 | ppl 975.52
step 3550 | loss 8.3392 | tok/s 4607.5 | attn_elems 18481152 | attn_ratio 0.367
/home/zimmer/Ena-AAH-v3/src/data.py:20: UserWarning: To copy construct from a tensor, it is recommended to use sourceTensor.detach().clone() or sourceTensor.detach().clone().requires_grad_(True), rather than torch.tensor(sourceTensor).
  x = torch.tensor(chunk[:-1], dtype=torch.long)
/home/zimmer/Ena-AAH-v3/src/data.py:21: UserWarning: To copy construct from a tensor, it is recommended to use sourceTensor.detach().clone() or sourceTensor.detach().clone().requires_grad_(True), rather than torch.tensor(sourceTensor).
  y = torch.tensor(chunk[1:], dtype=torch.long)
/home/zimmer/Ena-AAH-v3/src/data.py:20: UserWarning: To copy construct from a tensor, it is recommended to use sourceTensor.detach().clone() or sourceTensor.detach().clone().requires_grad_(True), rather than torch.tensor(sourceTensor).
  x = torch.tensor(chunk[:-1], dtype=torch.long)
/home/zimmer/Ena-AAH-v3/src/data.py:21: UserWarning: To copy construct from a tensor, it is recommended to use sourceTensor.detach().clone() or sourceTensor.detach().clone().requires_grad_(True), rather than torch.tensor(sourceTensor).
  y = torch.tensor(chunk[1:], dtype=torch.long)
step 3600 | loss 7.8813 | tok/s 6913.3 | attn_elems 18481152 | attn_ratio 0.367
step 3650 | loss 7.7336 | tok/s 6968.9 | attn_elems 18481152 | attn_ratio 0.367
step 3700 | loss 8.0063 | tok/s 6992.9 | attn_elems 18481152 | attn_ratio 0.367
step 3750 | loss 8.0604 | tok/s 6988.9 | attn_elems 18481152 | attn_ratio 0.367
step 3800 | loss 8.0815 | tok/s 6978.0 | attn_elems 18481152 | attn_ratio 0.367
step 3850 | loss 8.0642 | tok/s 6963.1 | attn_elems 18481152 | attn_ratio 0.367
step 3900 | loss 7.9056 | tok/s 7309.5 | attn_elems 18481152 | attn_ratio 0.367
step 3950 | loss 7.8867 | tok/s 7351.4 | attn_elems 18481152 | attn_ratio 0.367
step 4000 | loss 8.0429 | tok/s 7003.0 | attn_elems 18481152 | attn_ratio 0.367
/home/zimmer/Ena-AAH-v3/src/data.py:20: UserWarning: To copy construct from a tensor, it is recommended to use sourceTensor.detach().clone() or sourceTensor.detach().clone().requires_grad_(True), rather than torch.tensor(sourceTensor).
  x = torch.tensor(chunk[:-1], dtype=torch.long)
/home/zimmer/Ena-AAH-v3/src/data.py:21: UserWarning: To copy construct from a tensor, it is recommended to use sourceTensor.detach().clone() or sourceTensor.detach().clone().requires_grad_(True), rather than torch.tensor(sourceTensor).
  y = torch.tensor(chunk[1:], dtype=torch.long)
/home/zimmer/Ena-AAH-v3/src/data.py:20: UserWarning: To copy construct from a tensor, it is recommended to use sourceTensor.detach().clone() or sourceTensor.detach().clone().requires_grad_(True), rather than torch.tensor(sourceTensor).
  x = torch.tensor(chunk[:-1], dtype=torch.long)
/home/zimmer/Ena-AAH-v3/src/data.py:21: UserWarning: To copy construct from a tensor, it is recommended to use sourceTensor.detach().clone() or sourceTensor.detach().clone().requires_grad_(True), rather than torch.tensor(sourceTensor).
  y = torch.tensor(chunk[1:], dtype=torch.long)
eval batch 0/50
eval batch 5/50
eval batch 10/50
eval batch 15/50
eval batch 20/50
eval batch 25/50
eval batch 30/50
eval batch 35/50
eval batch 40/50
eval batch 45/50
eval step 4000 | loss 6.8184 | ppl 914.51
step 4050 | loss 7.8680 | tok/s 4508.0 | attn_elems 18481152 | attn_ratio 0.367
step 4100 | loss 8.0509 | tok/s 7350.8 | attn_elems 18481152 | attn_ratio 0.367
/home/zimmer/Ena-AAH-v3/src/data.py:20: UserWarning: To copy construct from a tensor, it is recommended to use sourceTensor.detach().clone() or sourceTensor.detach().clone().requires_grad_(True), rather than torch.tensor(sourceTensor).
  x = torch.tensor(chunk[:-1], dtype=torch.long)
/home/zimmer/Ena-AAH-v3/src/data.py:21: UserWarning: To copy construct from a tensor, it is recommended to use sourceTensor.detach().clone() or sourceTensor.detach().clone().requires_grad_(True), rather than torch.tensor(sourceTensor).
  y = torch.tensor(chunk[1:], dtype=torch.long)
/home/zimmer/Ena-AAH-v3/src/data.py:20: UserWarning: To copy construct from a tensor, it is recommended to use sourceTensor.detach().clone() or sourceTensor.detach().clone().requires_grad_(True), rather than torch.tensor(sourceTensor).
  x = torch.tensor(chunk[:-1], dtype=torch.long)
/home/zimmer/Ena-AAH-v3/src/data.py:21: UserWarning: To copy construct from a tensor, it is recommended to use sourceTensor.detach().clone() or sourceTensor.detach().clone().requires_grad_(True), rather than torch.tensor(sourceTensor).
  y = torch.tensor(chunk[1:], dtype=torch.long)
step 4150 | loss 8.0328 | tok/s 7160.8 | attn_elems 18481152 | attn_ratio 0.367
step 4200 | loss 7.9749 | tok/s 7216.8 | attn_elems 18481152 | attn_ratio 0.367
step 4250 | loss 8.0085 | tok/s 7133.5 | attn_elems 18481152 | attn_ratio 0.367
step 4300 | loss 7.9132 | tok/s 7125.3 | attn_elems 18481152 | attn_ratio 0.367
step 4350 | loss 7.7855 | tok/s 7136.0 | attn_elems 18481152 | attn_ratio 0.367
step 4400 | loss 7.9562 | tok/s 7184.5 | attn_elems 18481152 | attn_ratio 0.367
step 4450 | loss 8.0063 | tok/s 7484.8 | attn_elems 18481152 | attn_ratio 0.367
step 4500 | loss 8.0235 | tok/s 7157.3 | attn_elems 18481152 | attn_ratio 0.367
/home/zimmer/Ena-AAH-v3/src/data.py:20: UserWarning: To copy construct from a tensor, it is recommended to use sourceTensor.detach().clone() or sourceTensor.detach().clone().requires_grad_(True), rather than torch.tensor(sourceTensor).
  x = torch.tensor(chunk[:-1], dtype=torch.long)
/home/zimmer/Ena-AAH-v3/src/data.py:21: UserWarning: To copy construct from a tensor, it is recommended to use sourceTensor.detach().clone() or sourceTensor.detach().clone().requires_grad_(True), rather than torch.tensor(sourceTensor).
  y = torch.tensor(chunk[1:], dtype=torch.long)
/home/zimmer/Ena-AAH-v3/src/data.py:20: UserWarning: To copy construct from a tensor, it is recommended to use sourceTensor.detach().clone() or sourceTensor.detach().clone().requires_grad_(True), rather than torch.tensor(sourceTensor).
  x = torch.tensor(chunk[:-1], dtype=torch.long)
/home/zimmer/Ena-AAH-v3/src/data.py:21: UserWarning: To copy construct from a tensor, it is recommended to use sourceTensor.detach().clone() or sourceTensor.detach().clone().requires_grad_(True), rather than torch.tensor(sourceTensor).
  y = torch.tensor(chunk[1:], dtype=torch.long)
eval batch 0/50
eval batch 5/50
eval batch 10/50
eval batch 15/50
eval batch 20/50
eval batch 25/50
eval batch 30/50
eval batch 35/50
eval batch 40/50
eval batch 45/50
eval step 4500 | loss 6.8016 | ppl 899.25
step 4550 | loss 7.7589 | tok/s 4618.4 | attn_elems 18481152 | attn_ratio 0.367
step 4600 | loss 7.9294 | tok/s 7502.8 | attn_elems 18481152 | attn_ratio 0.367
step 4650 | loss 7.6994 | tok/s 7166.8 | attn_elems 18481152 | attn_ratio 0.367
step 4700 | loss 7.8553 | tok/s 7128.7 | attn_elems 18481152 | attn_ratio 0.367
/home/zimmer/Ena-AAH-v3/src/data.py:20: UserWarning: To copy construct from a tensor, it is recommended to use sourceTensor.detach().clone() or sourceTensor.detach().clone().requires_grad_(True), rather than torch.tensor(sourceTensor).
  x = torch.tensor(chunk[:-1], dtype=torch.long)
/home/zimmer/Ena-AAH-v3/src/data.py:21: UserWarning: To copy construct from a tensor, it is recommended to use sourceTensor.detach().clone() or sourceTensor.detach().clone().requires_grad_(True), rather than torch.tensor(sourceTensor).
  y = torch.tensor(chunk[1:], dtype=torch.long)
/home/zimmer/Ena-AAH-v3/src/data.py:20: UserWarning: To copy construct from a tensor, it is recommended to use sourceTensor.detach().clone() or sourceTensor.detach().clone().requires_grad_(True), rather than torch.tensor(sourceTensor).
  x = torch.tensor(chunk[:-1], dtype=torch.long)
/home/zimmer/Ena-AAH-v3/src/data.py:21: UserWarning: To copy construct from a tensor, it is recommended to use sourceTensor.detach().clone() or sourceTensor.detach().clone().requires_grad_(True), rather than torch.tensor(sourceTensor).
  y = torch.tensor(chunk[1:], dtype=torch.long)
step 4750 | loss 8.1066 | tok/s 7097.1 | attn_elems 18481152 | attn_ratio 0.367
step 4800 | loss 7.7970 | tok/s 7222.9 | attn_elems 18481152 | attn_ratio 0.367
step 4850 | loss 8.0312 | tok/s 7116.3 | attn_elems 18481152 | attn_ratio 0.367
step 4900 | loss 7.8521 | tok/s 7448.7 | attn_elems 18481152 | attn_ratio 0.367
step 4950 | loss 7.9748 | tok/s 7130.6 | attn_elems 18481152 | attn_ratio 0.367
step 5000 | loss 7.8597 | tok/s 7165.9 | attn_elems 18481152 | attn_ratio 0.367
/home/zimmer/Ena-AAH-v3/src/data.py:20: UserWarning: To copy construct from a tensor, it is recommended to use sourceTensor.detach().clone() or sourceTensor.detach().clone().requires_grad_(True), rather than torch.tensor(sourceTensor).
  x = torch.tensor(chunk[:-1], dtype=torch.long)
/home/zimmer/Ena-AAH-v3/src/data.py:21: UserWarning: To copy construct from a tensor, it is recommended to use sourceTensor.detach().clone() or sourceTensor.detach().clone().requires_grad_(True), rather than torch.tensor(sourceTensor).
  y = torch.tensor(chunk[1:], dtype=torch.long)
/home/zimmer/Ena-AAH-v3/src/data.py:20: UserWarning: To copy construct from a tensor, it is recommended to use sourceTensor.detach().clone() or sourceTensor.detach().clone().requires_grad_(True), rather than torch.tensor(sourceTensor).
  x = torch.tensor(chunk[:-1], dtype=torch.long)
/home/zimmer/Ena-AAH-v3/src/data.py:21: UserWarning: To copy construct from a tensor, it is recommended to use sourceTensor.detach().clone() or sourceTensor.detach().clone().requires_grad_(True), rather than torch.tensor(sourceTensor).
  y = torch.tensor(chunk[1:], dtype=torch.long)
eval batch 0/50
eval batch 5/50
eval batch 10/50
eval batch 15/50
eval batch 20/50
eval batch 25/50
eval batch 30/50
eval batch 35/50
eval batch 40/50
eval batch 45/50
eval step 5000 | loss 6.7734 | ppl 874.29
[1;34mwandb[0m: 
[1;34mwandb[0m: 🚀 View run [33maah-v3-full-1b-5k-wt2[0m at: [34mhttps://wandb.ai/zimmer061310-ena/ENA-AAH/runs/4k2foobm[0m
[1;34mwandb[0m: Find logs at: [1;35mwandb/run-20260214_024321-4k2foobm/logs[0m
Warning: Resource leak detected by SharedSignalPool, 2 Signals leaked.
