Token indices sequence length is longer than the specified maximum sequence length for this model (2428601 > 1024). Running this sequence through the model will result in indexing errors
wandb: [wandb.login()] Loaded credentials for https://api.wandb.ai from /home/featurize/.netrc.
wandb: Currently logged in as: zimmer061310 (zimmer061310-ena) to https://api.wandb.ai. Use `wandb login --relogin` to force relogin
wandb: WARNING Using a boolean value for 'reinit' is deprecated. Use 'return_previous' or 'finish_previous' instead.
wandb: setting up run a4zl9mc0
wandb: Tracking run with wandb version 0.25.1
wandb: Run data is saved locally in /home/featurize/work/ENA-AAH-v3/wandb/run-20260326_204434-a4zl9mc0
wandb: Run `wandb offline` to turn off syncing.
wandb: Syncing run baseline-1b-10k-wt2-infer-multi
wandb: ⭐️ View project at https://wandb.ai/zimmer061310-ena/ENA-AAH
wandb: 🚀 View run at https://wandb.ai/zimmer061310-ena/ENA-AAH/runs/a4zl9mc0
/home/featurize/work/ENA-AAH-v3/src/data.py:20: UserWarning: To copy construct from a tensor, it is recommended to use sourceTensor.detach().clone() or sourceTensor.detach().clone().requires_grad_(True), rather than torch.tensor(sourceTensor).
  x = torch.tensor(chunk[:-1], dtype=torch.long)
/home/featurize/work/ENA-AAH-v3/src/data.py:21: UserWarning: To copy construct from a tensor, it is recommended to use sourceTensor.detach().clone() or sourceTensor.detach().clone().requires_grad_(True), rather than torch.tensor(sourceTensor).
  y = torch.tensor(chunk[1:], dtype=torch.long)
wandb: updating run metadata
wandb: uploading output.log; uploading wandb-summary.json; uploading config.yaml
wandb: uploading wandb-summary.json; uploading config.yaml
wandb: uploading history steps 1-3, summary, console lines 6-8
wandb: 
wandb: Run history:
wandb:     aah/flops_attn_est ▁▁▁
wandb:        aah/flops_ratio ▁▁▁
wandb:  aah/flops_reduction_% ▁▁▁
wandb:    aah/flops_total_est ▁▁▁
wandb: infer/checkpoint_index ▁▅█
wandb:  infer/checkpoint_step ▁▅█
wandb:        infer/elapsed_s █▁▁
wandb:     infer/eval_batches ▁▁▁
wandb:             infer/seed ▁▁▁
wandb:            infer/tok_s ▁██
wandb:                    +15 ...
wandb: 
wandb: Run summary:
wandb:     aah/flops_attn_est 206158430208.0
wandb:        aah/flops_ratio 1
wandb:  aah/flops_reduction_% 0
wandb:    aah/flops_total_est 3917010173952.0
wandb:       infer/checkpoint /home/featurize/work...
wandb: infer/checkpoint_index 2
wandb:  infer/checkpoint_step 10000
wandb:           infer/config /home/featurize/work...
wandb:        infer/elapsed_s 4.67415
wandb:     infer/eval_batches 50
wandb:                    +19 ...
wandb: 
wandb: 🚀 View run baseline-1b-10k-wt2-infer-multi at: https://wandb.ai/zimmer061310-ena/ENA-AAH/runs/a4zl9mc0
wandb: ⭐️ View project at: https://wandb.ai/zimmer061310-ena/ENA-AAH
wandb: Synced 5 W&B file(s), 0 media file(s), 0 artifact file(s) and 0 other file(s)
wandb: Find logs at: ./wandb/run-20260326_204434-a4zl9mc0/logs
run_name=baseline-1b-10k-wt2 config_path=/home/featurize/work/ENA-AAH-v3/configs/baseline_1b_10000.yaml config_hash=8052932e1371f8cbf50a9bbdadca348e56d1337c11f74fc1f22fb08dcae391d7 git_commit=24c5fd736fbc063bafae89602381ba06438a0b28 seed=1337 strict=True
[1/3] checkpoint=/home/featurize/work/ENA-AAH-v3/experiments/baseline-1b-10k-wt2_step9000.pt step=9000 val_loss=6.340646 val_ppl=567.1626 tok_s=42858.63 flops_ratio=1.000000
[2/3] checkpoint=/home/featurize/work/ENA-AAH-v3/experiments/baseline-1b-10k-wt2_step9500.pt step=9500 val_loss=6.339418 val_ppl=566.4666 tok_s=43829.07 flops_ratio=1.000000
[3/3] checkpoint=/home/featurize/work/ENA-AAH-v3/experiments/baseline-1b-10k-wt2_step10000.pt step=10000 val_loss=6.336065 val_ppl=564.5706 tok_s=43815.41 flops_ratio=1.000000
summary n=3 val_ppl_mean=566.0666 val_ppl_std=1.0953 val_loss_mean=6.338710 val_loss_std=0.001936 flops_ratio_mean=1.000000 flops_ratio_std=0.000000 best_val_ppl=564.5706 last_val_ppl=564.5706 delta_ppl=2.5920 delta_loss=0.004581
summary_json=/home/featurize/work/ENA-AAH-v3/logs/infer_summary_baseline_1b_10000_20260326_181436.json
