Token indices sequence length is longer than the specified maximum sequence length for this model (2428601 > 1024). Running this sequence through the model will result in indexing errors
wandb: [wandb.login()] Loaded credentials for https://api.wandb.ai from /home/featurize/.netrc.
wandb: Currently logged in as: zimmer061310 (zimmer061310-ena) to https://api.wandb.ai. Use `wandb login --relogin` to force relogin
wandb: WARNING Using a boolean value for 'reinit' is deprecated. Use 'return_previous' or 'finish_previous' instead.
wandb: setting up run rw6pt5px
wandb: Tracking run with wandb version 0.25.1
wandb: Run data is saved locally in /home/featurize/work/ENA-AAH-v3/wandb/run-20260326_194416-rw6pt5px
wandb: Run `wandb offline` to turn off syncing.
wandb: Syncing run baseline-500m-10k-wt2-infer-multi
wandb: ⭐️ View project at https://wandb.ai/zimmer061310-ena/ENA-AAH
wandb: 🚀 View run at https://wandb.ai/zimmer061310-ena/ENA-AAH/runs/rw6pt5px
/home/featurize/work/ENA-AAH-v3/src/data.py:20: UserWarning: To copy construct from a tensor, it is recommended to use sourceTensor.detach().clone() or sourceTensor.detach().clone().requires_grad_(True), rather than torch.tensor(sourceTensor).
  x = torch.tensor(chunk[:-1], dtype=torch.long)
/home/featurize/work/ENA-AAH-v3/src/data.py:21: UserWarning: To copy construct from a tensor, it is recommended to use sourceTensor.detach().clone() or sourceTensor.detach().clone().requires_grad_(True), rather than torch.tensor(sourceTensor).
  y = torch.tensor(chunk[1:], dtype=torch.long)
wandb: updating run metadata
wandb: uploading output.log; uploading wandb-summary.json; uploading config.yaml
wandb: uploading wandb-summary.json; uploading config.yaml; uploading history steps 2-3, summary, console lines 7-8
wandb: uploading data
wandb: 
wandb: Run history:
wandb:     aah/flops_attn_est ▁▁▁
wandb:        aah/flops_ratio ▁▁▁
wandb:  aah/flops_reduction_% ▁▁▁
wandb:    aah/flops_total_est ▁▁▁
wandb: infer/checkpoint_index ▁▅█
wandb:  infer/checkpoint_step ▁▅█
wandb:        infer/elapsed_s █▁▂
wandb:     infer/eval_batches ▁▁▁
wandb:             infer/seed ▁▁▁
wandb:            infer/tok_s ▁█▇
wandb:                    +15 ...
wandb: 
wandb: Run summary:
wandb:     aah/flops_attn_est 309237645312.0
wandb:        aah/flops_ratio 1
wandb:  aah/flops_reduction_% 0
wandb:    aah/flops_total_est 5875515260928.0
wandb:       infer/checkpoint /home/featurize/work...
wandb: infer/checkpoint_index 2
wandb:  infer/checkpoint_step 10000
wandb:           infer/config /home/featurize/work...
wandb:        infer/elapsed_s 7.20442
wandb:     infer/eval_batches 50
wandb:                    +19 ...
wandb: 
wandb: 🚀 View run baseline-500m-10k-wt2-infer-multi at: https://wandb.ai/zimmer061310-ena/ENA-AAH/runs/rw6pt5px
wandb: ⭐️ View project at: https://wandb.ai/zimmer061310-ena/ENA-AAH
wandb: Synced 5 W&B file(s), 0 media file(s), 0 artifact file(s) and 0 other file(s)
wandb: Find logs at: ./wandb/run-20260326_194416-rw6pt5px/logs
run_name=baseline-500m-10k-wt2 config_path=/home/featurize/work/ENA-AAH-v3/configs/baseline_500m_10000.yaml config_hash=c57be1234fe5336b42aef070d8e2f69a88ad314f700b1dd39106f9846ed30f8d git_commit=24c5fd736fbc063bafae89602381ba06438a0b28 seed=1337 strict=True
[1/3] checkpoint=/home/featurize/work/ENA-AAH-v3/experiments/baseline-500m-10k-wt2_step9000.pt step=9000 val_loss=6.325158 val_ppl=558.4462 tok_s=28008.16 flops_ratio=1.000000
[2/3] checkpoint=/home/featurize/work/ENA-AAH-v3/experiments/baseline-500m-10k-wt2_step9500.pt step=9500 val_loss=6.304489 val_ppl=547.0219 tok_s=28468.56 flops_ratio=1.000000
[3/3] checkpoint=/home/featurize/work/ENA-AAH-v3/experiments/baseline-500m-10k-wt2_step10000.pt step=10000 val_loss=6.302460 val_ppl=545.9133 tok_s=28426.99 flops_ratio=1.000000
summary n=3 val_ppl_mean=550.4604 val_ppl_std=5.6649 val_loss_mean=6.310702 val_loss_std=0.010255 flops_ratio_mean=1.000000 flops_ratio_std=0.000000 best_val_ppl=545.9133 last_val_ppl=545.9133 delta_ppl=12.5329 delta_loss=0.022698
summary_json=/home/featurize/work/ENA-AAH-v3/logs/infer_summary_baseline_500m_10000_20260326_181436.json
