Token indices sequence length is longer than the specified maximum sequence length for this model (2428601 > 1024). Running this sequence through the model will result in indexing errors
wandb: [wandb.login()] Loaded credentials for https://api.wandb.ai from /home/featurize/.netrc.
wandb: Currently logged in as: zimmer061310 (zimmer061310-ena) to https://api.wandb.ai. Use `wandb login --relogin` to force relogin
wandb: WARNING Using a boolean value for 'reinit' is deprecated. Use 'return_previous' or 'finish_previous' instead.
wandb: setting up run wzkz2rn4
wandb: Tracking run with wandb version 0.25.1
wandb: Run data is saved locally in /home/featurize/ENA-AAH-v3/wandb/run-20260323_080451-wzkz2rn4
wandb: Run `wandb offline` to turn off syncing.
wandb: Syncing run baseline-500m-10k-wt2-infer
wandb: ⭐️ View project at https://wandb.ai/zimmer061310-ena/ENA-AAH
wandb: 🚀 View run at https://wandb.ai/zimmer061310-ena/ENA-AAH/runs/wzkz2rn4
/home/featurize/ENA-AAH-v3/src/data.py:20: UserWarning: To copy construct from a tensor, it is recommended to use sourceTensor.clone().detach() or sourceTensor.clone().detach().requires_grad_(True), rather than torch.tensor(sourceTensor).
  x = torch.tensor(chunk[:-1], dtype=torch.long)
/home/featurize/ENA-AAH-v3/src/data.py:21: UserWarning: To copy construct from a tensor, it is recommended to use sourceTensor.clone().detach() or sourceTensor.clone().detach().requires_grad_(True), rather than torch.tensor(sourceTensor).
  y = torch.tensor(chunk[1:], dtype=torch.long)
/home/featurize/ENA-AAH-v3/src/data.py:20: UserWarning: To copy construct from a tensor, it is recommended to use sourceTensor.clone().detach() or sourceTensor.clone().detach().requires_grad_(True), rather than torch.tensor(sourceTensor).
  x = torch.tensor(chunk[:-1], dtype=torch.long)
/home/featurize/ENA-AAH-v3/src/data.py:21: UserWarning: To copy construct from a tensor, it is recommended to use sourceTensor.clone().detach() or sourceTensor.clone().detach().requires_grad_(True), rather than torch.tensor(sourceTensor).
  y = torch.tensor(chunk[1:], dtype=torch.long)
/home/featurize/ENA-AAH-v3/src/data.py:20: UserWarning: To copy construct from a tensor, it is recommended to use sourceTensor.clone().detach() or sourceTensor.clone().detach().requires_grad_(True), rather than torch.tensor(sourceTensor).
  x = torch.tensor(chunk[:-1], dtype=torch.long)
/home/featurize/ENA-AAH-v3/src/data.py:21: UserWarning: To copy construct from a tensor, it is recommended to use sourceTensor.clone().detach() or sourceTensor.clone().detach().requires_grad_(True), rather than torch.tensor(sourceTensor).
  y = torch.tensor(chunk[1:], dtype=torch.long)
/home/featurize/ENA-AAH-v3/src/data.py:20: UserWarning: To copy construct from a tensor, it is recommended to use sourceTensor.clone().detach() or sourceTensor.clone().detach().requires_grad_(True), rather than torch.tensor(sourceTensor).
  x = torch.tensor(chunk[:-1], dtype=torch.long)
/home/featurize/ENA-AAH-v3/src/data.py:21: UserWarning: To copy construct from a tensor, it is recommended to use sourceTensor.clone().detach() or sourceTensor.clone().detach().requires_grad_(True), rather than torch.tensor(sourceTensor).
  y = torch.tensor(chunk[1:], dtype=torch.long)
wandb: updating run metadata
wandb: uploading output.log; uploading wandb-summary.json; uploading config.yaml
wandb: uploading history steps 0-0, summary, console lines 0-4
wandb: 
wandb: Run history:
wandb:    aah/flops_attn_est ▁
wandb:       aah/flops_ratio ▁
wandb: aah/flops_reduction_% ▁
wandb:   aah/flops_total_est ▁
wandb:       infer/elapsed_s ▁
wandb:    infer/eval_batches ▁
wandb:     infer/flops_ratio ▁
wandb:           infer/tok_s ▁
wandb:        infer/val_loss ▁
wandb:         infer/val_ppl ▁
wandb: 
wandb: Run summary:
wandb:    aah/flops_attn_est 309237645312.0
wandb:       aah/flops_ratio 1
wandb: aah/flops_reduction_% 0
wandb:   aah/flops_total_est 5875515260928.0
wandb:      infer/checkpoint experiments/baseline...
wandb:          infer/config configs/baseline_500...
wandb:       infer/elapsed_s 6.95871
wandb:    infer/eval_batches 50
wandb:     infer/flops_ratio 1
wandb:           infer/tok_s 29430.73028
wandb:                    +2 ...
wandb: 
wandb: 🚀 View run baseline-500m-10k-wt2-infer at: https://wandb.ai/zimmer061310-ena/ENA-AAH/runs/wzkz2rn4
wandb: ⭐️ View project at: https://wandb.ai/zimmer061310-ena/ENA-AAH
wandb: Synced 5 W&B file(s), 0 media file(s), 0 artifact file(s) and 0 other file(s)
wandb: Find logs at: ./wandb/run-20260323_080451-wzkz2rn4/logs
config=configs/baseline_500m_10000.yaml
checkpoint=experiments/baseline-500m-10k-wt2.pt
device=cuda precision=bf16
eval_batches=50 val_loss=6.324438 val_ppl=558.0439 tok_s=29430.73 elapsed_s=6.96
aah/flops_attn_est=309237645312.00 aah/flops_total_est=5875515260928.00 aah/flops_ratio=1.000000 aah/flops_reduction_%=0.0000
