Token indices sequence length is longer than the specified maximum sequence length for this model (2428601 > 1024). Running this sequence through the model will result in indexing errors
wandb: [wandb.login()] Loaded credentials for https://api.wandb.ai from /home/featurize/.netrc.
wandb: Currently logged in as: zimmer061310 (zimmer061310-ena) to https://api.wandb.ai. Use `wandb login --relogin` to force relogin
wandb: WARNING Using a boolean value for 'reinit' is deprecated. Use 'return_previous' or 'finish_previous' instead.
wandb: setting up run ik9hi8xf
wandb: Tracking run with wandb version 0.25.1
wandb: Run data is saved locally in /home/featurize/ENA-AAH-v3/wandb/run-20260322_214905-ik9hi8xf
wandb: Run `wandb offline` to turn off syncing.
wandb: Syncing run aah-v3-final-100m-10k-wt2-infer
wandb: ⭐️ View project at https://wandb.ai/zimmer061310-ena/ENA-AAH
wandb: 🚀 View run at https://wandb.ai/zimmer061310-ena/ENA-AAH/runs/ik9hi8xf
/home/featurize/ENA-AAH-v3/src/data.py:20: UserWarning: To copy construct from a tensor, it is recommended to use sourceTensor.clone().detach() or sourceTensor.clone().detach().requires_grad_(True), rather than torch.tensor(sourceTensor).
  x = torch.tensor(chunk[:-1], dtype=torch.long)
/home/featurize/ENA-AAH-v3/src/data.py:20: UserWarning: To copy construct from a tensor, it is recommended to use sourceTensor.clone().detach() or sourceTensor.clone().detach().requires_grad_(True), rather than torch.tensor(sourceTensor).
  x = torch.tensor(chunk[:-1], dtype=torch.long)
/home/featurize/ENA-AAH-v3/src/data.py:21: UserWarning: To copy construct from a tensor, it is recommended to use sourceTensor.clone().detach() or sourceTensor.clone().detach().requires_grad_(True), rather than torch.tensor(sourceTensor).
  y = torch.tensor(chunk[1:], dtype=torch.long)
/home/featurize/ENA-AAH-v3/src/data.py:21: UserWarning: To copy construct from a tensor, it is recommended to use sourceTensor.clone().detach() or sourceTensor.clone().detach().requires_grad_(True), rather than torch.tensor(sourceTensor).
  y = torch.tensor(chunk[1:], dtype=torch.long)
/home/featurize/ENA-AAH-v3/src/data.py:20: UserWarning: To copy construct from a tensor, it is recommended to use sourceTensor.clone().detach() or sourceTensor.clone().detach().requires_grad_(True), rather than torch.tensor(sourceTensor).
  x = torch.tensor(chunk[:-1], dtype=torch.long)
/home/featurize/ENA-AAH-v3/src/data.py:21: UserWarning: To copy construct from a tensor, it is recommended to use sourceTensor.clone().detach() or sourceTensor.clone().detach().requires_grad_(True), rather than torch.tensor(sourceTensor).
  y = torch.tensor(chunk[1:], dtype=torch.long)
/home/featurize/ENA-AAH-v3/src/data.py:20: UserWarning: To copy construct from a tensor, it is recommended to use sourceTensor.clone().detach() or sourceTensor.clone().detach().requires_grad_(True), rather than torch.tensor(sourceTensor).
  x = torch.tensor(chunk[:-1], dtype=torch.long)
/home/featurize/ENA-AAH-v3/src/data.py:21: UserWarning: To copy construct from a tensor, it is recommended to use sourceTensor.clone().detach() or sourceTensor.clone().detach().requires_grad_(True), rather than torch.tensor(sourceTensor).
  y = torch.tensor(chunk[1:], dtype=torch.long)
wandb: uploading wandb-metadata.json; uploading requirements.txt; uploading console lines 0-5; updating run metadata
wandb: uploading wandb-summary.json; uploading config.yaml
wandb: 
wandb: Run history:
wandb:    aah/flops_attn_est ▁
wandb:       aah/flops_ratio ▁
wandb: aah/flops_reduction_% ▁
wandb:   aah/flops_total_est ▁
wandb:       infer/elapsed_s ▁
wandb:    infer/eval_batches ▁
wandb:     infer/flops_ratio ▁
wandb:           infer/tok_s ▁
wandb:        infer/val_loss ▁
wandb:         infer/val_ppl ▁
wandb: 
wandb: Run summary:
wandb:    aah/flops_attn_est 45064944353.28
wandb:       aah/flops_ratio 0.95829
wandb: aah/flops_reduction_% 4.17083
wandb:   aah/flops_total_est 740849646305.28
wandb:      infer/checkpoint experiments/aah-v3-f...
wandb:          infer/config configs/aah_v3_final...
wandb:       infer/elapsed_s 5.25514
wandb:    infer/eval_batches 50
wandb:     infer/flops_ratio 0.95829
wandb:           infer/tok_s 38971.36142
wandb:                    +2 ...
wandb: 
wandb: 🚀 View run aah-v3-final-100m-10k-wt2-infer at: https://wandb.ai/zimmer061310-ena/ENA-AAH/runs/ik9hi8xf
wandb: ⭐️ View project at: https://wandb.ai/zimmer061310-ena/ENA-AAH
wandb: Synced 5 W&B file(s), 0 media file(s), 0 artifact file(s) and 0 other file(s)
wandb: Find logs at: ./wandb/run-20260322_214905-ik9hi8xf/logs
config=configs/aah_v3_final_100m_10000.yaml
checkpoint=experiments/aah-v3-final-100m-10k-wt2.pt
device=cuda precision=bf16
eval_batches=50 val_loss=6.469575 val_ppl=645.2096 tok_s=38971.36 elapsed_s=5.26
aah/flops_attn_est=45064944353.28 aah/flops_total_est=740849646305.28 aah/flops_ratio=0.958292 aah/flops_reduction_%=4.1708
aah/resolution_per_head_mean=[298.4533386230469, 298.4533386230469, 298.4533386230469, 298.4533386230469, 298.4533386230469, 298.4533386230469, 298.4533386230469, 298.4533386230469, 298.4533386230469, 298.4533386230469, 298.4533386230469, 298.4533386230469]
aah/branch_usage_freq={'512': 0.335, '128': 0.3333333333333333, '256': 0.3283333333333333, '64': 0.0033333333333333335}
