Traceback (most recent call last):
  File "/home/featurize/work/ENA-AAH-v3/src/data.py", line 29, in _load_wikitext
    return load_dataset("wikitext", dataset_name)
           ^^^^^^^^^^^^^^^^^^^^^^^^^^^^^^^^^^^^^^
  File "/home/featurize/work/.local/lib/python3.11/site-packages/datasets/load.py", line 1688, in load_dataset
    builder_instance = load_dataset_builder(
                       ^^^^^^^^^^^^^^^^^^^^^
  File "/home/featurize/work/.local/lib/python3.11/site-packages/datasets/load.py", line 1315, in load_dataset_builder
    dataset_module = dataset_module_factory(
                     ^^^^^^^^^^^^^^^^^^^^^^^
  File "/home/featurize/work/.local/lib/python3.11/site-packages/datasets/load.py", line 1207, in dataset_module_factory
    raise e1 from None
  File "/home/featurize/work/.local/lib/python3.11/site-packages/datasets/load.py", line 1114, in dataset_module_factory
    dataset_readme_path = api.hf_hub_download(
                          ^^^^^^^^^^^^^^^^^^^^
  File "/home/featurize/work/.local/lib/python3.11/site-packages/huggingface_hub/utils/_validators.py", line 89, in _inner_fn
    return fn(*args, **kwargs)
           ^^^^^^^^^^^^^^^^^^^
  File "/home/featurize/work/.local/lib/python3.11/site-packages/huggingface_hub/hf_api.py", line 5922, in hf_hub_download
    return hf_hub_download(
           ^^^^^^^^^^^^^^^^
  File "/home/featurize/work/.local/lib/python3.11/site-packages/huggingface_hub/utils/_validators.py", line 89, in _inner_fn
    return fn(*args, **kwargs)
           ^^^^^^^^^^^^^^^^^^^
  File "/home/featurize/work/.local/lib/python3.11/site-packages/huggingface_hub/file_download.py", line 986, in hf_hub_download
    return _hf_hub_download_to_cache_dir(
           ^^^^^^^^^^^^^^^^^^^^^^^^^^^^^^
  File "/home/featurize/work/.local/lib/python3.11/site-packages/huggingface_hub/file_download.py", line 1061, in _hf_hub_download_to_cache_dir
    (url_to_download, etag, commit_hash, expected_size, xet_file_data, head_call_error) = _get_metadata_or_catch_error(
                                                                                          ^^^^^^^^^^^^^^^^^^^^^^^^^^^^^
  File "/home/featurize/work/.local/lib/python3.11/site-packages/huggingface_hub/file_download.py", line 1653, in _get_metadata_or_catch_error
    metadata = get_hf_file_metadata(
               ^^^^^^^^^^^^^^^^^^^^^
  File "/home/featurize/work/.local/lib/python3.11/site-packages/huggingface_hub/utils/_validators.py", line 89, in _inner_fn
    return fn(*args, **kwargs)
           ^^^^^^^^^^^^^^^^^^^
  File "/home/featurize/work/.local/lib/python3.11/site-packages/huggingface_hub/file_download.py", line 1576, in get_hf_file_metadata
    response = _httpx_follow_relative_redirects_with_backoff(
               ^^^^^^^^^^^^^^^^^^^^^^^^^^^^^^^^^^^^^^^^^^^^^^
  File "/home/featurize/work/.local/lib/python3.11/site-packages/huggingface_hub/utils/_http.py", line 685, in _httpx_follow_relative_redirects_with_backoff
    response = http_backoff(
               ^^^^^^^^^^^^^
  File "/home/featurize/work/.local/lib/python3.11/site-packages/huggingface_hub/utils/_http.py", line 559, in http_backoff
    return next(
           ^^^^^
  File "/home/featurize/work/.local/lib/python3.11/site-packages/huggingface_hub/utils/_http.py", line 427, in _http_backoff_base
    client = get_session()
             ^^^^^^^^^^^^^
  File "/home/featurize/work/.local/lib/python3.11/site-packages/huggingface_hub/utils/_http.py", line 346, in get_session
    _GLOBAL_CLIENT = _GLOBAL_CLIENT_FACTORY()
                     ^^^^^^^^^^^^^^^^^^^^^^^^
  File "/home/featurize/work/.local/lib/python3.11/site-packages/huggingface_hub/utils/_http.py", line 272, in default_client_factory
    return httpx.Client(
           ^^^^^^^^^^^^^
  File "/environment/miniconda3/lib/python3.11/site-packages/httpx/_client.py", line 695, in __init__
    self._mounts: dict[URLPattern, BaseTransport | None] = {
                                                           ^
  File "/environment/miniconda3/lib/python3.11/site-packages/httpx/_client.py", line 698, in <dictcomp>
    else self._init_proxy_transport(
         ^^^^^^^^^^^^^^^^^^^^^^^^^^^
  File "/environment/miniconda3/lib/python3.11/site-packages/httpx/_client.py", line 752, in _init_proxy_transport
    return HTTPTransport(
           ^^^^^^^^^^^^^^
  File "/environment/miniconda3/lib/python3.11/site-packages/httpx/_transports/default.py", line 175, in __init__
    raise ImportError(
ImportError: Using SOCKS proxy, but the 'socksio' package is not installed. Make sure to install httpx using `pip install httpx[socks]`.

The above exception was the direct cause of the following exception:

Traceback (most recent call last):
  File "/home/featurize/work/ENA-AAH-v3/scripts/train.py", line 945, in <module>
    main()
  File "/home/featurize/work/ENA-AAH-v3/scripts/train.py", line 222, in main
    train_loader, val_loader, vocab_size = build_dataloaders(
                                           ^^^^^^^^^^^^^^^^^^
  File "/home/featurize/work/ENA-AAH-v3/src/data.py", line 37, in build_dataloaders
    ds = _load_wikitext(dataset_name)
         ^^^^^^^^^^^^^^^^^^^^^^^^^^^^
  File "/home/featurize/work/ENA-AAH-v3/src/data.py", line 33, in _load_wikitext
    raise RuntimeError(f"Failed to load dataset after {retries} attempts: {last_err}") from last_err
RuntimeError: Failed to load dataset after 5 attempts: Using SOCKS proxy, but the 'socksio' package is not installed. Make sure to install httpx using `pip install httpx[socks]`.
