Token indices sequence length is longer than the specified maximum sequence length for this model (2428601 > 1024). Running this sequence through the model will result in indexing errors
wandb: [wandb.login()] Loaded credentials for https://api.wandb.ai from /home/zimmer/.netrc.
wandb: Currently logged in as: zimmer061310 (zimmer061310-ena) to https://api.wandb.ai. Use `wandb login --relogin` to force relogin
wandb: setting up run rdjyv0pv
wandb: Tracking run with wandb version 0.24.2
wandb: Run data is saved locally in /home/zimmer/Ena-AAH-v3/wandb/run-20260216_191053-rdjyv0pv
wandb: Run `wandb offline` to turn off syncing.
wandb: Syncing run aah-v3-full-1b-5k-stable2-wt2
wandb: ⭐️ View project at https://wandb.ai/zimmer061310-ena/ENA-AAH
wandb: 🚀 View run at https://wandb.ai/zimmer061310-ena/ENA-AAH/runs/rdjyv0pv
/home/zimmer/Ena-AAH-v3/src/data.py:20: UserWarning: To copy construct from a tensor, it is recommended to use sourceTensor.detach().clone() or sourceTensor.detach().clone().requires_grad_(True), rather than torch.tensor(sourceTensor).
  x = torch.tensor(chunk[:-1], dtype=torch.long)
/home/zimmer/Ena-AAH-v3/src/data.py:21: UserWarning: To copy construct from a tensor, it is recommended to use sourceTensor.detach().clone() or sourceTensor.detach().clone().requires_grad_(True), rather than torch.tensor(sourceTensor).
  y = torch.tensor(chunk[1:], dtype=torch.long)
/home/zimmer/Ena-AAH-v3/src/data.py:20: UserWarning: To copy construct from a tensor, it is recommended to use sourceTensor.detach().clone() or sourceTensor.detach().clone().requires_grad_(True), rather than torch.tensor(sourceTensor).
  x = torch.tensor(chunk[:-1], dtype=torch.long)
/home/zimmer/Ena-AAH-v3/src/data.py:21: UserWarning: To copy construct from a tensor, it is recommended to use sourceTensor.detach().clone() or sourceTensor.detach().clone().requires_grad_(True), rather than torch.tensor(sourceTensor).
  y = torch.tensor(chunk[1:], dtype=torch.long)
/home/zimmer/Ena-AAH-v3/scripts/train.py:306: DeprecationWarning: torch.get_autocast_gpu_dtype() is deprecated. Please use torch.get_autocast_dtype('cuda') instead. (Triggered internally at /pytorch/torch/csrc/autograd/init.cpp:856.)
  print(f"autocast gpu dtype: {torch.get_autocast_gpu_dtype()}")
autocast gpu dtype: torch.float16
step 50 | loss 59.7703 | tok/s 5614.5 | attn_elems 50331648 | attn_ratio 1.000
step 100 | loss 60.0970 | tok/s 6377.3 | attn_elems 50331648 | attn_ratio 1.000
step 150 | loss 45.1898 | tok/s 6379.7 | attn_elems 50331648 | attn_ratio 1.000
step 200 | loss 31.0583 | tok/s 6390.4 | attn_elems 50331648 | attn_ratio 1.000
step 250 | loss 23.2284 | tok/s 6363.2 | attn_elems 50331648 | attn_ratio 1.000
step 300 | loss 19.8018 | tok/s 6427.7 | attn_elems 50331648 | attn_ratio 1.000
step 350 | loss 17.1546 | tok/s 7136.8 | attn_elems 50331648 | attn_ratio 1.000
step 400 | loss 17.2052 | tok/s 7040.3 | attn_elems 50331648 | attn_ratio 1.000
step 450 | loss 15.6280 | tok/s 6458.6 | attn_elems 50331648 | attn_ratio 1.000
step 500 | loss 16.4486 | tok/s 6386.4 | attn_elems 50331648 | attn_ratio 1.000
/home/zimmer/Ena-AAH-v3/src/data.py:20: UserWarning: To copy construct from a tensor, it is recommended to use sourceTensor.detach().clone() or sourceTensor.detach().clone().requires_grad_(True), rather than torch.tensor(sourceTensor).
  x = torch.tensor(chunk[:-1], dtype=torch.long)
/home/zimmer/Ena-AAH-v3/src/data.py:21: UserWarning: To copy construct from a tensor, it is recommended to use sourceTensor.detach().clone() or sourceTensor.detach().clone().requires_grad_(True), rather than torch.tensor(sourceTensor).
  y = torch.tensor(chunk[1:], dtype=torch.long)
/home/zimmer/Ena-AAH-v3/src/data.py:20: UserWarning: To copy construct from a tensor, it is recommended to use sourceTensor.detach().clone() or sourceTensor.detach().clone().requires_grad_(True), rather than torch.tensor(sourceTensor).
  x = torch.tensor(chunk[:-1], dtype=torch.long)
/home/zimmer/Ena-AAH-v3/src/data.py:21: UserWarning: To copy construct from a tensor, it is recommended to use sourceTensor.detach().clone() or sourceTensor.detach().clone().requires_grad_(True), rather than torch.tensor(sourceTensor).
  y = torch.tensor(chunk[1:], dtype=torch.long)
eval batch 0/50
eval batch 5/50
eval batch 10/50
eval batch 15/50
eval batch 20/50
eval batch 25/50
eval batch 30/50
eval batch 35/50
eval batch 40/50
eval batch 45/50
eval step 500 | loss 13.5526 | ppl 768840.93
step 550 | loss 13.2249 | tok/s 3889.9 | attn_elems 50331648 | attn_ratio 1.000
/home/zimmer/Ena-AAH-v3/src/data.py:20: UserWarning: To copy construct from a tensor, it is recommended to use sourceTensor.detach().clone() or sourceTensor.detach().clone().requires_grad_(True), rather than torch.tensor(sourceTensor).
  x = torch.tensor(chunk[:-1], dtype=torch.long)
/home/zimmer/Ena-AAH-v3/src/data.py:21: UserWarning: To copy construct from a tensor, it is recommended to use sourceTensor.detach().clone() or sourceTensor.detach().clone().requires_grad_(True), rather than torch.tensor(sourceTensor).
  y = torch.tensor(chunk[1:], dtype=torch.long)
/home/zimmer/Ena-AAH-v3/src/data.py:20: UserWarning: To copy construct from a tensor, it is recommended to use sourceTensor.detach().clone() or sourceTensor.detach().clone().requires_grad_(True), rather than torch.tensor(sourceTensor).
  x = torch.tensor(chunk[:-1], dtype=torch.long)
/home/zimmer/Ena-AAH-v3/src/data.py:21: UserWarning: To copy construct from a tensor, it is recommended to use sourceTensor.detach().clone() or sourceTensor.detach().clone().requires_grad_(True), rather than torch.tensor(sourceTensor).
  y = torch.tensor(chunk[1:], dtype=torch.long)
step 600 | loss 12.8934 | tok/s 7201.9 | attn_elems 50331648 | attn_ratio 1.000
step 650 | loss 11.7692 | tok/s 6474.6 | attn_elems 50331648 | attn_ratio 1.000
step 700 | loss 11.5006 | tok/s 6270.9 | attn_elems 50331648 | attn_ratio 1.000
step 750 | loss 10.9073 | tok/s 6225.0 | attn_elems 50331648 | attn_ratio 1.000
step 800 | loss 10.8114 | tok/s 6201.7 | attn_elems 50331648 | attn_ratio 1.000
step 850 | loss 11.0656 | tok/s 6303.6 | attn_elems 50331648 | attn_ratio 1.000
step 900 | loss 10.4249 | tok/s 6272.2 | attn_elems 50331648 | attn_ratio 1.000
step 950 | loss 10.4810 | tok/s 6298.0 | attn_elems 50331648 | attn_ratio 1.000
step 1000 | loss 10.4960 | tok/s 6306.8 | attn_elems 50331648 | attn_ratio 1.000
/home/zimmer/Ena-AAH-v3/src/data.py:20: UserWarning: To copy construct from a tensor, it is recommended to use sourceTensor.detach().clone() or sourceTensor.detach().clone().requires_grad_(True), rather than torch.tensor(sourceTensor).
  x = torch.tensor(chunk[:-1], dtype=torch.long)
/home/zimmer/Ena-AAH-v3/src/data.py:21: UserWarning: To copy construct from a tensor, it is recommended to use sourceTensor.detach().clone() or sourceTensor.detach().clone().requires_grad_(True), rather than torch.tensor(sourceTensor).
  y = torch.tensor(chunk[1:], dtype=torch.long)
/home/zimmer/Ena-AAH-v3/src/data.py:20: UserWarning: To copy construct from a tensor, it is recommended to use sourceTensor.detach().clone() or sourceTensor.detach().clone().requires_grad_(True), rather than torch.tensor(sourceTensor).
  x = torch.tensor(chunk[:-1], dtype=torch.long)
/home/zimmer/Ena-AAH-v3/src/data.py:21: UserWarning: To copy construct from a tensor, it is recommended to use sourceTensor.detach().clone() or sourceTensor.detach().clone().requires_grad_(True), rather than torch.tensor(sourceTensor).
  y = torch.tensor(chunk[1:], dtype=torch.long)
eval batch 0/50
eval batch 5/50
eval batch 10/50
eval batch 15/50
eval batch 20/50
eval batch 25/50
eval batch 30/50
eval batch 35/50
eval batch 40/50
eval batch 45/50
eval step 1000 | loss 8.2936 | ppl 3998.37
step 1050 | loss 9.6243 | tok/s 4107.6 | attn_elems 50331648 | attn_ratio 1.000
step 1100 | loss 9.8364 | tok/s 6341.9 | attn_elems 50331648 | attn_ratio 1.000
step 1150 | loss 9.6599 | tok/s 6355.1 | attn_elems 50331648 | attn_ratio 1.000
/home/zimmer/Ena-AAH-v3/src/data.py:20: UserWarning: To copy construct from a tensor, it is recommended to use sourceTensor.detach().clone() or sourceTensor.detach().clone().requires_grad_(True), rather than torch.tensor(sourceTensor).
  x = torch.tensor(chunk[:-1], dtype=torch.long)
/home/zimmer/Ena-AAH-v3/src/data.py:21: UserWarning: To copy construct from a tensor, it is recommended to use sourceTensor.detach().clone() or sourceTensor.detach().clone().requires_grad_(True), rather than torch.tensor(sourceTensor).
  y = torch.tensor(chunk[1:], dtype=torch.long)
/home/zimmer/Ena-AAH-v3/src/data.py:20: UserWarning: To copy construct from a tensor, it is recommended to use sourceTensor.detach().clone() or sourceTensor.detach().clone().requires_grad_(True), rather than torch.tensor(sourceTensor).
  x = torch.tensor(chunk[:-1], dtype=torch.long)
/home/zimmer/Ena-AAH-v3/src/data.py:21: UserWarning: To copy construct from a tensor, it is recommended to use sourceTensor.detach().clone() or sourceTensor.detach().clone().requires_grad_(True), rather than torch.tensor(sourceTensor).
  y = torch.tensor(chunk[1:], dtype=torch.long)
step 1200 | loss 9.5202 | tok/s 6369.3 | attn_elems 50331648 | attn_ratio 1.000
step 1250 | loss 9.6364 | tok/s 6346.3 | attn_elems 50331648 | attn_ratio 1.000
step 1300 | loss 9.7277 | tok/s 6342.7 | attn_elems 50331648 | attn_ratio 1.000
step 1350 | loss 9.3247 | tok/s 7012.7 | attn_elems 50331648 | attn_ratio 1.000
step 1400 | loss 10.1201 | tok/s 6374.6 | attn_elems 50331648 | attn_ratio 1.000
step 1450 | loss 12.5668 | tok/s 6335.7 | attn_elems 50331648 | attn_ratio 1.000
step 1500 | loss 9.1336 | tok/s 6280.1 | attn_elems 50331648 | attn_ratio 1.000
/home/zimmer/Ena-AAH-v3/src/data.py:20: UserWarning: To copy construct from a tensor, it is recommended to use sourceTensor.detach().clone() or sourceTensor.detach().clone().requires_grad_(True), rather than torch.tensor(sourceTensor).
  x = torch.tensor(chunk[:-1], dtype=torch.long)
/home/zimmer/Ena-AAH-v3/src/data.py:21: UserWarning: To copy construct from a tensor, it is recommended to use sourceTensor.detach().clone() or sourceTensor.detach().clone().requires_grad_(True), rather than torch.tensor(sourceTensor).
  y = torch.tensor(chunk[1:], dtype=torch.long)
/home/zimmer/Ena-AAH-v3/src/data.py:20: UserWarning: To copy construct from a tensor, it is recommended to use sourceTensor.detach().clone() or sourceTensor.detach().clone().requires_grad_(True), rather than torch.tensor(sourceTensor).
  x = torch.tensor(chunk[:-1], dtype=torch.long)
/home/zimmer/Ena-AAH-v3/src/data.py:21: UserWarning: To copy construct from a tensor, it is recommended to use sourceTensor.detach().clone() or sourceTensor.detach().clone().requires_grad_(True), rather than torch.tensor(sourceTensor).
  y = torch.tensor(chunk[1:], dtype=torch.long)
eval batch 0/50
eval batch 5/50
eval batch 10/50
eval batch 15/50
eval batch 20/50
eval batch 25/50
eval batch 30/50
eval batch 35/50
eval batch 40/50
eval batch 45/50
eval step 1500 | loss 8.3097 | ppl 4063.24
step 1550 | loss 9.2566 | tok/s 3782.4 | attn_elems 50331648 | attn_ratio 1.000
step 1600 | loss 9.0256 | tok/s 6989.7 | attn_elems 50331648 | attn_ratio 1.000
step 1650 | loss 9.1127 | tok/s 6966.7 | attn_elems 50331648 | attn_ratio 1.000
step 1700 | loss 8.9221 | tok/s 6242.2 | attn_elems 50331648 | attn_ratio 1.000
step 1750 | loss 9.0021 | tok/s 6176.5 | attn_elems 50331648 | attn_ratio 1.000
/home/zimmer/Ena-AAH-v3/src/data.py:20: UserWarning: To copy construct from a tensor, it is recommended to use sourceTensor.detach().clone() or sourceTensor.detach().clone().requires_grad_(True), rather than torch.tensor(sourceTensor).
  x = torch.tensor(chunk[:-1], dtype=torch.long)
/home/zimmer/Ena-AAH-v3/src/data.py:21: UserWarning: To copy construct from a tensor, it is recommended to use sourceTensor.detach().clone() or sourceTensor.detach().clone().requires_grad_(True), rather than torch.tensor(sourceTensor).
  y = torch.tensor(chunk[1:], dtype=torch.long)
/home/zimmer/Ena-AAH-v3/src/data.py:20: UserWarning: To copy construct from a tensor, it is recommended to use sourceTensor.detach().clone() or sourceTensor.detach().clone().requires_grad_(True), rather than torch.tensor(sourceTensor).
  x = torch.tensor(chunk[:-1], dtype=torch.long)
/home/zimmer/Ena-AAH-v3/src/data.py:21: UserWarning: To copy construct from a tensor, it is recommended to use sourceTensor.detach().clone() or sourceTensor.detach().clone().requires_grad_(True), rather than torch.tensor(sourceTensor).
  y = torch.tensor(chunk[1:], dtype=torch.long)
step 1800 | loss 8.7850 | tok/s 6316.1 | attn_elems 50331648 | attn_ratio 1.000
step 1850 | loss 8.7503 | tok/s 6350.5 | attn_elems 50331648 | attn_ratio 1.000
step 1900 | loss 8.9245 | tok/s 6340.0 | attn_elems 50331648 | attn_ratio 1.000
step 1950 | loss 8.6619 | tok/s 6280.6 | attn_elems 50331648 | attn_ratio 1.000
step 2000 | loss 8.5266 | tok/s 6270.5 | attn_elems 50331648 | attn_ratio 1.000
/home/zimmer/Ena-AAH-v3/src/data.py:20: UserWarning: To copy construct from a tensor, it is recommended to use sourceTensor.detach().clone() or sourceTensor.detach().clone().requires_grad_(True), rather than torch.tensor(sourceTensor).
  x = torch.tensor(chunk[:-1], dtype=torch.long)
/home/zimmer/Ena-AAH-v3/src/data.py:21: UserWarning: To copy construct from a tensor, it is recommended to use sourceTensor.detach().clone() or sourceTensor.detach().clone().requires_grad_(True), rather than torch.tensor(sourceTensor).
  y = torch.tensor(chunk[1:], dtype=torch.long)
/home/zimmer/Ena-AAH-v3/src/data.py:20: UserWarning: To copy construct from a tensor, it is recommended to use sourceTensor.detach().clone() or sourceTensor.detach().clone().requires_grad_(True), rather than torch.tensor(sourceTensor).
  x = torch.tensor(chunk[:-1], dtype=torch.long)
/home/zimmer/Ena-AAH-v3/src/data.py:21: UserWarning: To copy construct from a tensor, it is recommended to use sourceTensor.detach().clone() or sourceTensor.detach().clone().requires_grad_(True), rather than torch.tensor(sourceTensor).
  y = torch.tensor(chunk[1:], dtype=torch.long)
eval batch 0/50
eval batch 5/50
eval batch 10/50
eval batch 15/50
eval batch 20/50
eval batch 25/50
eval batch 30/50
eval batch 35/50
eval batch 40/50
eval batch 45/50
eval step 2000 | loss 7.2482 | ppl 1405.57
step 2050 | loss 8.7938 | tok/s 4249.8 | attn_elems 18481152 | attn_ratio 0.367
step 2100 | loss 8.5792 | tok/s 6755.5 | attn_elems 18481152 | attn_ratio 0.367
step 2150 | loss 8.9285 | tok/s 6754.9 | attn_elems 18481152 | attn_ratio 0.367
step 2200 | loss 8.6232 | tok/s 6668.9 | attn_elems 18481152 | attn_ratio 0.367
step 2250 | loss 8.4247 | tok/s 7598.1 | attn_elems 18481152 | attn_ratio 0.367
step 2300 | loss 8.1692 | tok/s 6773.6 | attn_elems 18481152 | attn_ratio 0.367
step 2350 | loss 8.7672 | tok/s 6726.5 | attn_elems 18481152 | attn_ratio 0.367
/home/zimmer/Ena-AAH-v3/src/data.py:20: UserWarning: To copy construct from a tensor, it is recommended to use sourceTensor.detach().clone() or sourceTensor.detach().clone().requires_grad_(True), rather than torch.tensor(sourceTensor).
  x = torch.tensor(chunk[:-1], dtype=torch.long)
/home/zimmer/Ena-AAH-v3/src/data.py:21: UserWarning: To copy construct from a tensor, it is recommended to use sourceTensor.detach().clone() or sourceTensor.detach().clone().requires_grad_(True), rather than torch.tensor(sourceTensor).
  y = torch.tensor(chunk[1:], dtype=torch.long)
/home/zimmer/Ena-AAH-v3/src/data.py:20: UserWarning: To copy construct from a tensor, it is recommended to use sourceTensor.detach().clone() or sourceTensor.detach().clone().requires_grad_(True), rather than torch.tensor(sourceTensor).
  x = torch.tensor(chunk[:-1], dtype=torch.long)
/home/zimmer/Ena-AAH-v3/src/data.py:21: UserWarning: To copy construct from a tensor, it is recommended to use sourceTensor.detach().clone() or sourceTensor.detach().clone().requires_grad_(True), rather than torch.tensor(sourceTensor).
  y = torch.tensor(chunk[1:], dtype=torch.long)
step 2400 | loss 8.4939 | tok/s 6756.4 | attn_elems 18481152 | attn_ratio 0.367
step 2450 | loss 8.5793 | tok/s 6708.3 | attn_elems 18481152 | attn_ratio 0.367
step 2500 | loss 8.4818 | tok/s 6726.3 | attn_elems 18481152 | attn_ratio 0.367
/home/zimmer/Ena-AAH-v3/src/data.py:20: UserWarning: To copy construct from a tensor, it is recommended to use sourceTensor.detach().clone() or sourceTensor.detach().clone().requires_grad_(True), rather than torch.tensor(sourceTensor).
  x = torch.tensor(chunk[:-1], dtype=torch.long)
/home/zimmer/Ena-AAH-v3/src/data.py:21: UserWarning: To copy construct from a tensor, it is recommended to use sourceTensor.detach().clone() or sourceTensor.detach().clone().requires_grad_(True), rather than torch.tensor(sourceTensor).
  y = torch.tensor(chunk[1:], dtype=torch.long)
/home/zimmer/Ena-AAH-v3/src/data.py:20: UserWarning: To copy construct from a tensor, it is recommended to use sourceTensor.detach().clone() or sourceTensor.detach().clone().requires_grad_(True), rather than torch.tensor(sourceTensor).
  x = torch.tensor(chunk[:-1], dtype=torch.long)
/home/zimmer/Ena-AAH-v3/src/data.py:21: UserWarning: To copy construct from a tensor, it is recommended to use sourceTensor.detach().clone() or sourceTensor.detach().clone().requires_grad_(True), rather than torch.tensor(sourceTensor).
  y = torch.tensor(chunk[1:], dtype=torch.long)
eval batch 0/50
eval batch 5/50
eval batch 10/50
eval batch 15/50
eval batch 20/50
eval batch 25/50
eval batch 30/50
eval batch 35/50
eval batch 40/50
eval batch 45/50
eval step 2500 | loss 7.1112 | ppl 1225.60
step 2550 | loss 8.3995 | tok/s 4492.4 | attn_elems 18481152 | attn_ratio 0.367
step 2600 | loss 8.2343 | tok/s 6660.9 | attn_elems 18481152 | attn_ratio 0.367
step 2650 | loss 8.5352 | tok/s 6700.0 | attn_elems 18481152 | attn_ratio 0.367
step 2700 | loss 8.1190 | tok/s 7660.8 | attn_elems 18481152 | attn_ratio 0.367
step 2750 | loss 8.4479 | tok/s 6750.3 | attn_elems 18481152 | attn_ratio 0.367
step 2800 | loss 8.3788 | tok/s 6726.7 | attn_elems 18481152 | attn_ratio 0.367
step 2850 | loss 8.1892 | tok/s 6722.9 | attn_elems 18481152 | attn_ratio 0.367
step 2900 | loss 8.2508 | tok/s 6714.2 | attn_elems 18481152 | attn_ratio 0.367
step 2950 | loss 8.5945 | tok/s 6701.1 | attn_elems 18481152 | attn_ratio 0.367
/home/zimmer/Ena-AAH-v3/src/data.py:20: UserWarning: To copy construct from a tensor, it is recommended to use sourceTensor.detach().clone() or sourceTensor.detach().clone().requires_grad_(True), rather than torch.tensor(sourceTensor).
  x = torch.tensor(chunk[:-1], dtype=torch.long)
/home/zimmer/Ena-AAH-v3/src/data.py:21: UserWarning: To copy construct from a tensor, it is recommended to use sourceTensor.detach().clone() or sourceTensor.detach().clone().requires_grad_(True), rather than torch.tensor(sourceTensor).
  y = torch.tensor(chunk[1:], dtype=torch.long)
/home/zimmer/Ena-AAH-v3/src/data.py:20: UserWarning: To copy construct from a tensor, it is recommended to use sourceTensor.detach().clone() or sourceTensor.detach().clone().requires_grad_(True), rather than torch.tensor(sourceTensor).
  x = torch.tensor(chunk[:-1], dtype=torch.long)
/home/zimmer/Ena-AAH-v3/src/data.py:21: UserWarning: To copy construct from a tensor, it is recommended to use sourceTensor.detach().clone() or sourceTensor.detach().clone().requires_grad_(True), rather than torch.tensor(sourceTensor).
  y = torch.tensor(chunk[1:], dtype=torch.long)
step 3000 | loss 8.3731 | tok/s 7561.1 | attn_elems 18481152 | attn_ratio 0.367
/home/zimmer/Ena-AAH-v3/src/data.py:20: UserWarning: To copy construct from a tensor, it is recommended to use sourceTensor.detach().clone() or sourceTensor.detach().clone().requires_grad_(True), rather than torch.tensor(sourceTensor).
  x = torch.tensor(chunk[:-1], dtype=torch.long)
/home/zimmer/Ena-AAH-v3/src/data.py:21: UserWarning: To copy construct from a tensor, it is recommended to use sourceTensor.detach().clone() or sourceTensor.detach().clone().requires_grad_(True), rather than torch.tensor(sourceTensor).
  y = torch.tensor(chunk[1:], dtype=torch.long)
/home/zimmer/Ena-AAH-v3/src/data.py:20: UserWarning: To copy construct from a tensor, it is recommended to use sourceTensor.detach().clone() or sourceTensor.detach().clone().requires_grad_(True), rather than torch.tensor(sourceTensor).
  x = torch.tensor(chunk[:-1], dtype=torch.long)
/home/zimmer/Ena-AAH-v3/src/data.py:21: UserWarning: To copy construct from a tensor, it is recommended to use sourceTensor.detach().clone() or sourceTensor.detach().clone().requires_grad_(True), rather than torch.tensor(sourceTensor).
  y = torch.tensor(chunk[1:], dtype=torch.long)
eval batch 0/50
eval batch 5/50
eval batch 10/50
eval batch 15/50
eval batch 20/50
eval batch 25/50
eval batch 30/50
eval batch 35/50
eval batch 40/50
eval batch 45/50
eval step 3000 | loss 6.9540 | ppl 1047.35
step 3050 | loss 8.0897 | tok/s 4172.6 | attn_elems 18481152 | attn_ratio 0.367
step 3100 | loss 8.3130 | tok/s 6731.2 | attn_elems 18481152 | attn_ratio 0.367
step 3150 | loss 8.3748 | tok/s 7621.2 | attn_elems 18481152 | attn_ratio 0.367
step 3200 | loss 8.1360 | tok/s 6717.3 | attn_elems 18481152 | attn_ratio 0.367
step 3250 | loss 8.2634 | tok/s 6706.7 | attn_elems 18481152 | attn_ratio 0.367
step 3300 | loss 8.3301 | tok/s 6647.4 | attn_elems 18481152 | attn_ratio 0.367
step 3350 | loss 8.1500 | tok/s 6825.6 | attn_elems 18481152 | attn_ratio 0.367
step 3400 | loss 8.1730 | tok/s 7676.4 | attn_elems 18481152 | attn_ratio 0.367
step 3450 | loss 8.2193 | tok/s 6740.4 | attn_elems 18481152 | attn_ratio 0.367
step 3500 | loss 8.0532 | tok/s 6718.9 | attn_elems 18481152 | attn_ratio 0.367
/home/zimmer/Ena-AAH-v3/src/data.py:20: UserWarning: To copy construct from a tensor, it is recommended to use sourceTensor.detach().clone() or sourceTensor.detach().clone().requires_grad_(True), rather than torch.tensor(sourceTensor).
  x = torch.tensor(chunk[:-1], dtype=torch.long)
/home/zimmer/Ena-AAH-v3/src/data.py:21: UserWarning: To copy construct from a tensor, it is recommended to use sourceTensor.detach().clone() or sourceTensor.detach().clone().requires_grad_(True), rather than torch.tensor(sourceTensor).
  y = torch.tensor(chunk[1:], dtype=torch.long)
/home/zimmer/Ena-AAH-v3/src/data.py:20: UserWarning: To copy construct from a tensor, it is recommended to use sourceTensor.detach().clone() or sourceTensor.detach().clone().requires_grad_(True), rather than torch.tensor(sourceTensor).
  x = torch.tensor(chunk[:-1], dtype=torch.long)
/home/zimmer/Ena-AAH-v3/src/data.py:21: UserWarning: To copy construct from a tensor, it is recommended to use sourceTensor.detach().clone() or sourceTensor.detach().clone().requires_grad_(True), rather than torch.tensor(sourceTensor).
  y = torch.tensor(chunk[1:], dtype=torch.long)
eval batch 0/50
eval batch 5/50
eval batch 10/50
eval batch 15/50
eval batch 20/50
eval batch 25/50
eval batch 30/50
eval batch 35/50
eval batch 40/50
eval batch 45/50
eval step 3500 | loss 6.8746 | ppl 967.43
step 3550 | loss 8.3468 | tok/s 3985.0 | attn_elems 18481152 | attn_ratio 0.367
/home/zimmer/Ena-AAH-v3/src/data.py:20: UserWarning: To copy construct from a tensor, it is recommended to use sourceTensor.detach().clone() or sourceTensor.detach().clone().requires_grad_(True), rather than torch.tensor(sourceTensor).
  x = torch.tensor(chunk[:-1], dtype=torch.long)
/home/zimmer/Ena-AAH-v3/src/data.py:21: UserWarning: To copy construct from a tensor, it is recommended to use sourceTensor.detach().clone() or sourceTensor.detach().clone().requires_grad_(True), rather than torch.tensor(sourceTensor).
  y = torch.tensor(chunk[1:], dtype=torch.long)
/home/zimmer/Ena-AAH-v3/src/data.py:20: UserWarning: To copy construct from a tensor, it is recommended to use sourceTensor.detach().clone() or sourceTensor.detach().clone().requires_grad_(True), rather than torch.tensor(sourceTensor).
  x = torch.tensor(chunk[:-1], dtype=torch.long)
/home/zimmer/Ena-AAH-v3/src/data.py:21: UserWarning: To copy construct from a tensor, it is recommended to use sourceTensor.detach().clone() or sourceTensor.detach().clone().requires_grad_(True), rather than torch.tensor(sourceTensor).
  y = torch.tensor(chunk[1:], dtype=torch.long)
step 3600 | loss 7.8807 | tok/s 7330.1 | attn_elems 18481152 | attn_ratio 0.367
step 3650 | loss 7.7564 | tok/s 6514.4 | attn_elems 18481152 | attn_ratio 0.367
step 3700 | loss 8.0045 | tok/s 6622.2 | attn_elems 18481152 | attn_ratio 0.367
step 3750 | loss 8.0841 | tok/s 6645.8 | attn_elems 18481152 | attn_ratio 0.367
step 3800 | loss 8.0998 | tok/s 6755.5 | attn_elems 18481152 | attn_ratio 0.367
step 3850 | loss 8.0756 | tok/s 6732.0 | attn_elems 18481152 | attn_ratio 0.367
step 3900 | loss 7.9134 | tok/s 7580.5 | attn_elems 18481152 | attn_ratio 0.367
step 3950 | loss 7.8950 | tok/s 6725.1 | attn_elems 18481152 | attn_ratio 0.367
step 4000 | loss 8.0455 | tok/s 6701.4 | attn_elems 18481152 | attn_ratio 0.367
/home/zimmer/Ena-AAH-v3/src/data.py:20: UserWarning: To copy construct from a tensor, it is recommended to use sourceTensor.detach().clone() or sourceTensor.detach().clone().requires_grad_(True), rather than torch.tensor(sourceTensor).
  x = torch.tensor(chunk[:-1], dtype=torch.long)
/home/zimmer/Ena-AAH-v3/src/data.py:21: UserWarning: To copy construct from a tensor, it is recommended to use sourceTensor.detach().clone() or sourceTensor.detach().clone().requires_grad_(True), rather than torch.tensor(sourceTensor).
  y = torch.tensor(chunk[1:], dtype=torch.long)
/home/zimmer/Ena-AAH-v3/src/data.py:20: UserWarning: To copy construct from a tensor, it is recommended to use sourceTensor.detach().clone() or sourceTensor.detach().clone().requires_grad_(True), rather than torch.tensor(sourceTensor).
  x = torch.tensor(chunk[:-1], dtype=torch.long)
/home/zimmer/Ena-AAH-v3/src/data.py:21: UserWarning: To copy construct from a tensor, it is recommended to use sourceTensor.detach().clone() or sourceTensor.detach().clone().requires_grad_(True), rather than torch.tensor(sourceTensor).
  y = torch.tensor(chunk[1:], dtype=torch.long)
eval batch 0/50
eval batch 5/50
eval batch 10/50
eval batch 15/50
eval batch 20/50
eval batch 25/50
eval batch 30/50
eval batch 35/50
eval batch 40/50
eval batch 45/50
eval step 4000 | loss 6.8167 | ppl 912.95
step 4050 | loss 7.8901 | tok/s 4472.1 | attn_elems 18481152 | attn_ratio 0.367
step 4100 | loss 8.0618 | tok/s 6747.1 | attn_elems 18481152 | attn_ratio 0.367
/home/zimmer/Ena-AAH-v3/src/data.py:20: UserWarning: To copy construct from a tensor, it is recommended to use sourceTensor.detach().clone() or sourceTensor.detach().clone().requires_grad_(True), rather than torch.tensor(sourceTensor).
  x = torch.tensor(chunk[:-1], dtype=torch.long)
/home/zimmer/Ena-AAH-v3/src/data.py:21: UserWarning: To copy construct from a tensor, it is recommended to use sourceTensor.detach().clone() or sourceTensor.detach().clone().requires_grad_(True), rather than torch.tensor(sourceTensor).
  y = torch.tensor(chunk[1:], dtype=torch.long)
/home/zimmer/Ena-AAH-v3/src/data.py:20: UserWarning: To copy construct from a tensor, it is recommended to use sourceTensor.detach().clone() or sourceTensor.detach().clone().requires_grad_(True), rather than torch.tensor(sourceTensor).
  x = torch.tensor(chunk[:-1], dtype=torch.long)
/home/zimmer/Ena-AAH-v3/src/data.py:21: UserWarning: To copy construct from a tensor, it is recommended to use sourceTensor.detach().clone() or sourceTensor.detach().clone().requires_grad_(True), rather than torch.tensor(sourceTensor).
  y = torch.tensor(chunk[1:], dtype=torch.long)
step 4150 | loss 8.0577 | tok/s 6785.6 | attn_elems 18481152 | attn_ratio 0.367
step 4200 | loss 7.9877 | tok/s 6849.4 | attn_elems 18481152 | attn_ratio 0.367
step 4250 | loss 8.0119 | tok/s 6803.0 | attn_elems 18481152 | attn_ratio 0.367
step 4300 | loss 7.9366 | tok/s 7655.0 | attn_elems 18481152 | attn_ratio 0.367
step 4350 | loss 7.7983 | tok/s 6714.2 | attn_elems 18481152 | attn_ratio 0.367
step 4400 | loss 7.9850 | tok/s 6744.1 | attn_elems 18481152 | attn_ratio 0.367
step 4450 | loss 8.0207 | tok/s 6726.8 | attn_elems 18481152 | attn_ratio 0.367
step 4500 | loss 8.0179 | tok/s 6698.3 | attn_elems 18481152 | attn_ratio 0.367
/home/zimmer/Ena-AAH-v3/src/data.py:20: UserWarning: To copy construct from a tensor, it is recommended to use sourceTensor.detach().clone() or sourceTensor.detach().clone().requires_grad_(True), rather than torch.tensor(sourceTensor).
  x = torch.tensor(chunk[:-1], dtype=torch.long)
/home/zimmer/Ena-AAH-v3/src/data.py:21: UserWarning: To copy construct from a tensor, it is recommended to use sourceTensor.detach().clone() or sourceTensor.detach().clone().requires_grad_(True), rather than torch.tensor(sourceTensor).
  y = torch.tensor(chunk[1:], dtype=torch.long)
/home/zimmer/Ena-AAH-v3/src/data.py:20: UserWarning: To copy construct from a tensor, it is recommended to use sourceTensor.detach().clone() or sourceTensor.detach().clone().requires_grad_(True), rather than torch.tensor(sourceTensor).
  x = torch.tensor(chunk[:-1], dtype=torch.long)
/home/zimmer/Ena-AAH-v3/src/data.py:21: UserWarning: To copy construct from a tensor, it is recommended to use sourceTensor.detach().clone() or sourceTensor.detach().clone().requires_grad_(True), rather than torch.tensor(sourceTensor).
  y = torch.tensor(chunk[1:], dtype=torch.long)
eval batch 0/50
eval batch 5/50
eval batch 10/50
eval batch 15/50
eval batch 20/50
eval batch 25/50
eval batch 30/50
eval batch 35/50
eval batch 40/50
eval batch 45/50
eval step 4500 | loss 6.7977 | ppl 895.80
step 4550 | loss 7.7649 | tok/s 4641.9 | attn_elems 18481152 | attn_ratio 0.367
step 4600 | loss 7.9468 | tok/s 6765.1 | attn_elems 18481152 | attn_ratio 0.367
step 4650 | loss 7.7066 | tok/s 6847.2 | attn_elems 18481152 | attn_ratio 0.367
step 4700 | loss 7.8868 | tok/s 6823.2 | attn_elems 18481152 | attn_ratio 0.367
/home/zimmer/Ena-AAH-v3/src/data.py:20: UserWarning: To copy construct from a tensor, it is recommended to use sourceTensor.detach().clone() or sourceTensor.detach().clone().requires_grad_(True), rather than torch.tensor(sourceTensor).
  x = torch.tensor(chunk[:-1], dtype=torch.long)
/home/zimmer/Ena-AAH-v3/src/data.py:21: UserWarning: To copy construct from a tensor, it is recommended to use sourceTensor.detach().clone() or sourceTensor.detach().clone().requires_grad_(True), rather than torch.tensor(sourceTensor).
  y = torch.tensor(chunk[1:], dtype=torch.long)
/home/zimmer/Ena-AAH-v3/src/data.py:20: UserWarning: To copy construct from a tensor, it is recommended to use sourceTensor.detach().clone() or sourceTensor.detach().clone().requires_grad_(True), rather than torch.tensor(sourceTensor).
  x = torch.tensor(chunk[:-1], dtype=torch.long)
/home/zimmer/Ena-AAH-v3/src/data.py:21: UserWarning: To copy construct from a tensor, it is recommended to use sourceTensor.detach().clone() or sourceTensor.detach().clone().requires_grad_(True), rather than torch.tensor(sourceTensor).
  y = torch.tensor(chunk[1:], dtype=torch.long)
step 4750 | loss 8.1243 | tok/s 7719.2 | attn_elems 18481152 | attn_ratio 0.367
step 4800 | loss 7.8041 | tok/s 6750.7 | attn_elems 18481152 | attn_ratio 0.367
step 4850 | loss 8.0551 | tok/s 6776.8 | attn_elems 18481152 | attn_ratio 0.367
step 4900 | loss 7.8500 | tok/s 6803.8 | attn_elems 18481152 | attn_ratio 0.367
step 4950 | loss 7.9891 | tok/s 6770.0 | attn_elems 18481152 | attn_ratio 0.367
step 5000 | loss 7.8642 | tok/s 7601.9 | attn_elems 18481152 | attn_ratio 0.367
/home/zimmer/Ena-AAH-v3/src/data.py:20: UserWarning: To copy construct from a tensor, it is recommended to use sourceTensor.detach().clone() or sourceTensor.detach().clone().requires_grad_(True), rather than torch.tensor(sourceTensor).
  x = torch.tensor(chunk[:-1], dtype=torch.long)
/home/zimmer/Ena-AAH-v3/src/data.py:21: UserWarning: To copy construct from a tensor, it is recommended to use sourceTensor.detach().clone() or sourceTensor.detach().clone().requires_grad_(True), rather than torch.tensor(sourceTensor).
  y = torch.tensor(chunk[1:], dtype=torch.long)
/home/zimmer/Ena-AAH-v3/src/data.py:20: UserWarning: To copy construct from a tensor, it is recommended to use sourceTensor.detach().clone() or sourceTensor.detach().clone().requires_grad_(True), rather than torch.tensor(sourceTensor).
  x = torch.tensor(chunk[:-1], dtype=torch.long)
/home/zimmer/Ena-AAH-v3/src/data.py:21: UserWarning: To copy construct from a tensor, it is recommended to use sourceTensor.detach().clone() or sourceTensor.detach().clone().requires_grad_(True), rather than torch.tensor(sourceTensor).
  y = torch.tensor(chunk[1:], dtype=torch.long)
eval batch 0/50
eval batch 5/50
eval batch 10/50
eval batch 15/50
eval batch 20/50
eval batch 25/50
eval batch 30/50
eval batch 35/50
eval batch 40/50
eval batch 45/50
eval step 5000 | loss 6.7719 | ppl 873.01
[1;34mwandb[0m: 
[1;34mwandb[0m: 🚀 View run [33maah-v3-full-1b-5k-stable2-wt2[0m at: [34mhttps://wandb.ai/zimmer061310-ena/ENA-AAH/runs/rdjyv0pv[0m
[1;34mwandb[0m: Find logs at: [1;35mwandb/run-20260216_191053-rdjyv0pv/logs[0m
Warning: Resource leak detected by SharedSignalPool, 2 Signals leaked.
