Token indices sequence length is longer than the specified maximum sequence length for this model (2428601 > 1024). Running this sequence through the model will result in indexing errors
wandb: [wandb.login()] Loaded credentials for https://api.wandb.ai from /home/featurize/.netrc.
wandb: Currently logged in as: zimmer061310 (zimmer061310-ena) to https://api.wandb.ai. Use `wandb login --relogin` to force relogin
wandb: setting up run 3pf1dz9n
wandb: Tracking run with wandb version 0.25.1
wandb: Run data is saved locally in /home/featurize/work/ENA-AAH-v3/wandb/run-20260326_181241-3pf1dz9n
wandb: Run `wandb offline` to turn off syncing.
wandb: Syncing run baseline-500m-10k-wt2
wandb: ⭐️ View project at https://wandb.ai/zimmer061310-ena/ENA-AAH
wandb: 🚀 View run at https://wandb.ai/zimmer061310-ena/ENA-AAH/runs/3pf1dz9n
run_name=baseline-500m-10k-wt2 config_path=/home/featurize/work/ENA-AAH-v3/configs/baseline_500m_10000.yaml config_hash=c57be1234fe5336b42aef070d8e2f69a88ad314f700b1dd39106f9846ed30f8d git_commit=24c5fd736fbc063bafae89602381ba06438a0b28 seed=1337
checkpoint_steps=[9000, 9500, 10000]
/home/featurize/work/ENA-AAH-v3/src/data.py:20: UserWarning: To copy construct from a tensor, it is recommended to use sourceTensor.detach().clone() or sourceTensor.detach().clone().requires_grad_(True), rather than torch.tensor(sourceTensor).
  x = torch.tensor(chunk[:-1], dtype=torch.long)
/home/featurize/work/ENA-AAH-v3/src/data.py:21: UserWarning: To copy construct from a tensor, it is recommended to use sourceTensor.detach().clone() or sourceTensor.detach().clone().requires_grad_(True), rather than torch.tensor(sourceTensor).
  y = torch.tensor(chunk[1:], dtype=torch.long)
/home/featurize/work/ENA-AAH-v3/scripts/train.py:452: DeprecationWarning: torch.get_autocast_gpu_dtype() is deprecated. Please use torch.get_autocast_dtype('cuda') instead. (Triggered internally at /pytorch/torch/csrc/autograd/init.cpp:881.)
  print(f"autocast gpu dtype: {torch.get_autocast_gpu_dtype()}")
/home/featurize/work/ENA-AAH-v3/src/data.py:20: UserWarning: To copy construct from a tensor, it is recommended to use sourceTensor.detach().clone() or sourceTensor.detach().clone().requires_grad_(True), rather than torch.tensor(sourceTensor).
  x = torch.tensor(chunk[:-1], dtype=torch.long)
/home/featurize/work/ENA-AAH-v3/src/data.py:21: UserWarning: To copy construct from a tensor, it is recommended to use sourceTensor.detach().clone() or sourceTensor.detach().clone().requires_grad_(True), rather than torch.tensor(sourceTensor).
  y = torch.tensor(chunk[1:], dtype=torch.long)
wandb: updating run metadata; uploading summary
wandb: uploading summary
wandb: uploading summary; uploading wandb-metadata.json; uploading requirements.txt; uploading output.log; uploading wandb-summary.json (+ 1 more)
wandb: uploading summary; uploading wandb-summary.json
wandb: uploading summary
wandb: uploading history steps 0-1, summary, console lines 0-19
wandb: 
wandb: Run history:
wandb: run/crashed ▁
wandb:    run/seed ▁
wandb: run/started ▁
wandb:        step ▁█
wandb: 
wandb: Run summary:
wandb: run/config_hash c57be1234fe5336b42ae...
wandb: run/config_path /home/featurize/work...
wandb:     run/crashed 1
wandb:       run/error CUDA out of memory. ...
wandb:  run/git_commit 24c5fd736fbc063bafae...
wandb:        run/seed 1337
wandb:     run/started 1
wandb:            step 1
wandb: 
wandb: 🚀 View run baseline-500m-10k-wt2 at: https://wandb.ai/zimmer061310-ena/ENA-AAH/runs/3pf1dz9n
wandb: ⭐️ View project at: https://wandb.ai/zimmer061310-ena/ENA-AAH
wandb: Synced 5 W&B file(s), 0 media file(s), 0 artifact file(s) and 0 other file(s)
wandb: Find logs at: ./wandb/run-20260326_181241-3pf1dz9n/logs
autocast gpu dtype: torch.float16
Traceback (most recent call last):
  File "/home/featurize/work/ENA-AAH-v3/scripts/train.py", line 503, in main
    logits, loss = model(x, y)
                   ^^^^^^^^^^^
  File "/home/featurize/work/.local/lib/python3.11/site-packages/torch/nn/modules/module.py", line 1779, in _wrapped_call_impl
    return self._call_impl(*args, **kwargs)
           ^^^^^^^^^^^^^^^^^^^^^^^^^^^^^^^^
  File "/home/featurize/work/.local/lib/python3.11/site-packages/torch/nn/modules/module.py", line 1790, in _call_impl
    return forward_call(*args, **kwargs)
           ^^^^^^^^^^^^^^^^^^^^^^^^^^^^^
  File "/home/featurize/work/ENA-AAH-v3/src/models/transformer.py", line 1148, in forward
    loss = F.cross_entropy(logits.view(-1, logits.size(-1)), targets.view(-1))
           ^^^^^^^^^^^^^^^^^^^^^^^^^^^^^^^^^^^^^^^^^^^^^^^^^^^^^^^^^^^^^^^^^^^
  File "/home/featurize/work/.local/lib/python3.11/site-packages/torch/nn/functional.py", line 3504, in cross_entropy
    return torch._C._nn.cross_entropy_loss(
           ^^^^^^^^^^^^^^^^^^^^^^^^^^^^^^^^
torch.OutOfMemoryError: CUDA out of memory. Tried to allocate 786.00 MiB. GPU 0 has a total capacity of 47.40 GiB of which 51.88 MiB is free. Process 23688 has 24.82 GiB memory in use. Including non-PyTorch memory, this process has 22.52 GiB memory in use. Of the allocated memory 21.79 GiB is allocated by PyTorch, and 413.10 MiB is reserved by PyTorch but unallocated. If reserved but unallocated memory is large try setting PYTORCH_CUDA_ALLOC_CONF=expandable_segments:True to avoid fragmentation.  See documentation for Memory Management  (https://docs.pytorch.org/docs/stable/notes/cuda.html#optimizing-memory-usage-with-pytorch-cuda-alloc-conf)

Traceback (most recent call last):
  File "/home/featurize/work/ENA-AAH-v3/scripts/train.py", line 945, in <module>
    main()
  File "/home/featurize/work/ENA-AAH-v3/scripts/train.py", line 503, in main
    logits, loss = model(x, y)
                   ^^^^^^^^^^^
  File "/home/featurize/work/.local/lib/python3.11/site-packages/torch/nn/modules/module.py", line 1779, in _wrapped_call_impl
    return self._call_impl(*args, **kwargs)
           ^^^^^^^^^^^^^^^^^^^^^^^^^^^^^^^^
  File "/home/featurize/work/.local/lib/python3.11/site-packages/torch/nn/modules/module.py", line 1790, in _call_impl
    return forward_call(*args, **kwargs)
           ^^^^^^^^^^^^^^^^^^^^^^^^^^^^^
  File "/home/featurize/work/ENA-AAH-v3/src/models/transformer.py", line 1148, in forward
    loss = F.cross_entropy(logits.view(-1, logits.size(-1)), targets.view(-1))
           ^^^^^^^^^^^^^^^^^^^^^^^^^^^^^^^^^^^^^^^^^^^^^^^^^^^^^^^^^^^^^^^^^^^
  File "/home/featurize/work/.local/lib/python3.11/site-packages/torch/nn/functional.py", line 3504, in cross_entropy
    return torch._C._nn.cross_entropy_loss(
           ^^^^^^^^^^^^^^^^^^^^^^^^^^^^^^^^
torch.OutOfMemoryError: CUDA out of memory. Tried to allocate 786.00 MiB. GPU 0 has a total capacity of 47.40 GiB of which 51.88 MiB is free. Process 23688 has 24.82 GiB memory in use. Including non-PyTorch memory, this process has 22.52 GiB memory in use. Of the allocated memory 21.79 GiB is allocated by PyTorch, and 413.10 MiB is reserved by PyTorch but unallocated. If reserved but unallocated memory is large try setting PYTORCH_CUDA_ALLOC_CONF=expandable_segments:True to avoid fragmentation.  See documentation for Memory Management  (https://docs.pytorch.org/docs/stable/notes/cuda.html#optimizing-memory-usage-with-pytorch-cuda-alloc-conf)
