'[Errno 54] Connection reset by peer' thrown while requesting HEAD https://huggingface.co/datasets/wikitext/resolve/b08601e04326c79dfdd32d625aee71d232d685c3/wikitext.py
Retrying in 1s [Retry 1/5].
Using the latest cached version of the dataset since wikitext couldn't be found on the Hugging Face Hub
Found the latest cached dataset configuration 'wikitext-2-raw-v1' at /Users/zimmerzhao/.cache/huggingface/datasets/wikitext/wikitext-2-raw-v1/0.0.0/b08601e04326c79dfdd32d625aee71d232d685c3 (last modified on Mon Feb  2 15:47:14 2026).
Token indices sequence length is longer than the specified maximum sequence length for this model (2428601 > 1024). Running this sequence through the model will result in indexing errors
wandb: Tracking run with wandb version 0.24.1
wandb: W&B syncing is set to `offline` in this directory. Run `wandb online` or set WANDB_MODE=online to enable cloud syncing.
wandb: Run data is saved locally in /Users/zimmerzhao/ENA-AAH-v2/wandb/offline-run-20260204_121959-it0jl8cq
/Users/zimmerzhao/ENA-AAH-v2/src/data.py:20: UserWarning: To copy construct from a tensor, it is recommended to use sourceTensor.detach().clone() or sourceTensor.detach().clone().requires_grad_(True), rather than torch.tensor(sourceTensor).
  x = torch.tensor(chunk[:-1], dtype=torch.long)
/Users/zimmerzhao/ENA-AAH-v2/src/data.py:20: UserWarning: To copy construct from a tensor, it is recommended to use sourceTensor.detach().clone() or sourceTensor.detach().clone().requires_grad_(True), rather than torch.tensor(sourceTensor).
  x = torch.tensor(chunk[:-1], dtype=torch.long)
/Users/zimmerzhao/ENA-AAH-v2/src/data.py:21: UserWarning: To copy construct from a tensor, it is recommended to use sourceTensor.detach().clone() or sourceTensor.detach().clone().requires_grad_(True), rather than torch.tensor(sourceTensor).
  y = torch.tensor(chunk[1:], dtype=torch.long)
/Users/zimmerzhao/ENA-AAH-v2/src/data.py:21: UserWarning: To copy construct from a tensor, it is recommended to use sourceTensor.detach().clone() or sourceTensor.detach().clone().requires_grad_(True), rather than torch.tensor(sourceTensor).
  y = torch.tensor(chunk[1:], dtype=torch.long)
step 50 | loss 52.3084 | tok/s 4323.5 | mem 0.0 MB | cpu_rss 2008.0 MB | attn_elems 16777216 | attn_ratio 1.000
step 100 | loss 35.5796 | tok/s 4572.8 | mem 0.0 MB | cpu_rss 2008.0 MB | attn_elems 16777216 | attn_ratio 1.000
step 150 | loss 28.7347 | tok/s 4500.0 | mem 0.0 MB | cpu_rss 2008.0 MB | attn_elems 16777216 | attn_ratio 1.000
step 200 | loss 21.8197 | tok/s 4765.3 | mem 0.0 MB | cpu_rss 2008.0 MB | attn_elems 16777216 | attn_ratio 1.000
/Users/zimmerzhao/ENA-AAH-v2/src/data.py:20: UserWarning: To copy construct from a tensor, it is recommended to use sourceTensor.detach().clone() or sourceTensor.detach().clone().requires_grad_(True), rather than torch.tensor(sourceTensor).
  x = torch.tensor(chunk[:-1], dtype=torch.long)
/Users/zimmerzhao/ENA-AAH-v2/src/data.py:20: UserWarning: To copy construct from a tensor, it is recommended to use sourceTensor.detach().clone() or sourceTensor.detach().clone().requires_grad_(True), rather than torch.tensor(sourceTensor).
  x = torch.tensor(chunk[:-1], dtype=torch.long)
/Users/zimmerzhao/ENA-AAH-v2/src/data.py:21: UserWarning: To copy construct from a tensor, it is recommended to use sourceTensor.detach().clone() or sourceTensor.detach().clone().requires_grad_(True), rather than torch.tensor(sourceTensor).
  y = torch.tensor(chunk[1:], dtype=torch.long)
/Users/zimmerzhao/ENA-AAH-v2/src/data.py:21: UserWarning: To copy construct from a tensor, it is recommended to use sourceTensor.detach().clone() or sourceTensor.detach().clone().requires_grad_(True), rather than torch.tensor(sourceTensor).
  y = torch.tensor(chunk[1:], dtype=torch.long)
eval batch 0/50
eval batch 5/50
eval batch 10/50
eval batch 15/50
eval batch 20/50
eval batch 25/50
eval batch 30/50
eval batch 35/50
eval batch 40/50
eval batch 45/50
eval step 200 | loss 20.4898 | ppl 791821884.07
step 250 | loss 18.9342 | tok/s 2926.5 | mem 0.0 MB | cpu_rss 2008.0 MB | attn_elems 16777216 | attn_ratio 1.000
step 300 | loss 15.8390 | tok/s 3838.1 | mem 0.0 MB | cpu_rss 2008.0 MB | attn_elems 16777216 | attn_ratio 1.000
Traceback (most recent call last):
  File "/Users/zimmerzhao/ENA-AAH-v2/scripts/train.py", line 350, in <module>
    main()
  File "/Users/zimmerzhao/ENA-AAH-v2/scripts/train.py", line 204, in main
    logits, loss = model(x, y)
                   ^^^^^^^^^^^
  File "/Library/Frameworks/Python.framework/Versions/3.12/lib/python3.12/site-packages/torch/nn/modules/module.py", line 1779, in _wrapped_call_impl
    return self._call_impl(*args, **kwargs)
           ^^^^^^^^^^^^^^^^^^^^^^^^^^^^^^^^
  File "/Library/Frameworks/Python.framework/Versions/3.12/lib/python3.12/site-packages/torch/nn/modules/module.py", line 1790, in _call_impl
    return forward_call(*args, **kwargs)
           ^^^^^^^^^^^^^^^^^^^^^^^^^^^^^
  File "/Users/zimmerzhao/ENA-AAH-v2/src/models/transformer.py", line 396, in forward
    loss = F.cross_entropy(logits.view(-1, logits.size(-1)), targets.view(-1))
           ^^^^^^^^^^^^^^^^^^^^^^^^^^^^^^^^^^^^^^^^^^^^^^^^^^^^^^^^^^^^^^^^^^^
  File "/Library/Frameworks/Python.framework/Versions/3.12/lib/python3.12/site-packages/torch/nn/functional.py", line 3504, in cross_entropy
    return torch._C._nn.cross_entropy_loss(
           ^^^^^^^^^^^^^^^^^^^^^^^^^^^^^^^^
RuntimeError: MPS backend out of memory (MPS allocated: 19.37 GiB, other allocations: 271.17 MiB, max allowed: 20.13 GiB). Tried to allocate 785.27 MiB on private pool. Use PYTORCH_MPS_HIGH_WATERMARK_RATIO=0.0 to disable upper limit for memory allocations (may cause system failure).
[1;34mwandb[0m: 
[1;34mwandb[0m: You can sync this run to the cloud by running:
[1;34mwandb[0m: [1mwandb sync /Users/zimmerzhao/ENA-AAH-v2/wandb/offline-run-20260204_121959-it0jl8cq[0m
[1;34mwandb[0m: Find logs at: [1;35mwandb/offline-run-20260204_121959-it0jl8cq/logs[0m
