Warning: You are sending unauthenticated requests to the HF Hub. Please set a HF_TOKEN to enable higher rate limits and faster downloads.
Token indices sequence length is longer than the specified maximum sequence length for this model (2428601 > 1024). Running this sequence through the model will result in indexing errors
wandb: Tracking run with wandb version 0.24.1
wandb: W&B syncing is set to `offline` in this directory. Run `wandb online` or set WANDB_MODE=online to enable cloud syncing.
wandb: Run data is saved locally in /Users/zimmerzhao/ENA-AAH-v2/wandb/offline-run-20260205_001931-1jzjiicl
/Users/zimmerzhao/ENA-AAH-v2/src/data.py:20: UserWarning: To copy construct from a tensor, it is recommended to use sourceTensor.detach().clone() or sourceTensor.detach().clone().requires_grad_(True), rather than torch.tensor(sourceTensor).
  x = torch.tensor(chunk[:-1], dtype=torch.long)
/Users/zimmerzhao/ENA-AAH-v2/src/data.py:20: UserWarning: To copy construct from a tensor, it is recommended to use sourceTensor.detach().clone() or sourceTensor.detach().clone().requires_grad_(True), rather than torch.tensor(sourceTensor).
  x = torch.tensor(chunk[:-1], dtype=torch.long)
/Users/zimmerzhao/ENA-AAH-v2/src/data.py:21: UserWarning: To copy construct from a tensor, it is recommended to use sourceTensor.detach().clone() or sourceTensor.detach().clone().requires_grad_(True), rather than torch.tensor(sourceTensor).
  y = torch.tensor(chunk[1:], dtype=torch.long)
/Users/zimmerzhao/ENA-AAH-v2/src/data.py:21: UserWarning: To copy construct from a tensor, it is recommended to use sourceTensor.detach().clone() or sourceTensor.detach().clone().requires_grad_(True), rather than torch.tensor(sourceTensor).
  y = torch.tensor(chunk[1:], dtype=torch.long)
step 50 | loss 52.3084 | tok/s 3481.6 | mem 0.0 MB | cpu_rss 2054.4 MB | attn_elems 16777216 | attn_ratio 1.000
step 100 | loss 35.5796 | tok/s 4515.2 | mem 0.0 MB | cpu_rss 2054.4 MB | attn_elems 16777216 | attn_ratio 1.000
step 150 | loss 28.7347 | tok/s 4367.1 | mem 0.0 MB | cpu_rss 2054.4 MB | attn_elems 16777216 | attn_ratio 1.000
step 200 | loss 21.8197 | tok/s 4032.8 | mem 0.0 MB | cpu_rss 2054.4 MB | attn_elems 16777216 | attn_ratio 1.000
/Users/zimmerzhao/ENA-AAH-v2/src/data.py:20: UserWarning: To copy construct from a tensor, it is recommended to use sourceTensor.detach().clone() or sourceTensor.detach().clone().requires_grad_(True), rather than torch.tensor(sourceTensor).
  x = torch.tensor(chunk[:-1], dtype=torch.long)
/Users/zimmerzhao/ENA-AAH-v2/src/data.py:20: UserWarning: To copy construct from a tensor, it is recommended to use sourceTensor.detach().clone() or sourceTensor.detach().clone().requires_grad_(True), rather than torch.tensor(sourceTensor).
  x = torch.tensor(chunk[:-1], dtype=torch.long)
/Users/zimmerzhao/ENA-AAH-v2/src/data.py:21: UserWarning: To copy construct from a tensor, it is recommended to use sourceTensor.detach().clone() or sourceTensor.detach().clone().requires_grad_(True), rather than torch.tensor(sourceTensor).
  y = torch.tensor(chunk[1:], dtype=torch.long)
/Users/zimmerzhao/ENA-AAH-v2/src/data.py:21: UserWarning: To copy construct from a tensor, it is recommended to use sourceTensor.detach().clone() or sourceTensor.detach().clone().requires_grad_(True), rather than torch.tensor(sourceTensor).
  y = torch.tensor(chunk[1:], dtype=torch.long)
eval batch 0/50
eval batch 5/50
eval batch 10/50
eval batch 15/50
eval batch 20/50
eval batch 25/50
eval batch 30/50
eval batch 35/50
eval batch 40/50
eval batch 45/50
eval step 200 | loss 20.4898 | ppl 791821914.28
step 250 | loss 18.9342 | tok/s 2639.4 | mem 0.0 MB | cpu_rss 2054.4 MB | attn_elems 16777216 | attn_ratio 1.000
step 300 | loss 15.8390 | tok/s 4050.8 | mem 0.0 MB | cpu_rss 2054.4 MB | attn_elems 16777216 | attn_ratio 1.000
step 350 | loss 15.3104 | tok/s 4059.2 | mem 0.0 MB | cpu_rss 2054.4 MB | attn_elems 8388608 | attn_ratio 0.500
step 400 | loss 14.3442 | tok/s 3856.6 | mem 0.0 MB | cpu_rss 2054.4 MB | attn_elems 8388608 | attn_ratio 0.500
/Users/zimmerzhao/ENA-AAH-v2/src/data.py:20: UserWarning: To copy construct from a tensor, it is recommended to use sourceTensor.detach().clone() or sourceTensor.detach().clone().requires_grad_(True), rather than torch.tensor(sourceTensor).
  x = torch.tensor(chunk[:-1], dtype=torch.long)
/Users/zimmerzhao/ENA-AAH-v2/src/data.py:20: UserWarning: To copy construct from a tensor, it is recommended to use sourceTensor.detach().clone() or sourceTensor.detach().clone().requires_grad_(True), rather than torch.tensor(sourceTensor).
  x = torch.tensor(chunk[:-1], dtype=torch.long)
/Users/zimmerzhao/ENA-AAH-v2/src/data.py:21: UserWarning: To copy construct from a tensor, it is recommended to use sourceTensor.detach().clone() or sourceTensor.detach().clone().requires_grad_(True), rather than torch.tensor(sourceTensor).
  y = torch.tensor(chunk[1:], dtype=torch.long)
/Users/zimmerzhao/ENA-AAH-v2/src/data.py:21: UserWarning: To copy construct from a tensor, it is recommended to use sourceTensor.detach().clone() or sourceTensor.detach().clone().requires_grad_(True), rather than torch.tensor(sourceTensor).
  y = torch.tensor(chunk[1:], dtype=torch.long)
eval batch 0/50
eval batch 5/50
eval batch 10/50
eval batch 15/50
eval batch 20/50
eval batch 25/50
eval batch 30/50
eval batch 35/50
eval batch 40/50
eval batch 45/50
eval step 400 | loss 12.2514 | ppl 209269.12
step 450 | loss 12.9105 | tok/s 2618.2 | mem 0.0 MB | cpu_rss 2054.4 MB | attn_elems 8388608 | attn_ratio 0.500
step 500 | loss 12.3637 | tok/s 4688.5 | mem 0.0 MB | cpu_rss 2054.4 MB | attn_elems 8388608 | attn_ratio 0.500
step 550 | loss 11.6790 | tok/s 3958.4 | mem 0.0 MB | cpu_rss 2054.4 MB | attn_elems 8388608 | attn_ratio 0.500
/Users/zimmerzhao/ENA-AAH-v2/src/data.py:20: UserWarning: To copy construct from a tensor, it is recommended to use sourceTensor.detach().clone() or sourceTensor.detach().clone().requires_grad_(True), rather than torch.tensor(sourceTensor).
  x = torch.tensor(chunk[:-1], dtype=torch.long)
/Users/zimmerzhao/ENA-AAH-v2/src/data.py:20: UserWarning: To copy construct from a tensor, it is recommended to use sourceTensor.detach().clone() or sourceTensor.detach().clone().requires_grad_(True), rather than torch.tensor(sourceTensor).
  x = torch.tensor(chunk[:-1], dtype=torch.long)
/Users/zimmerzhao/ENA-AAH-v2/src/data.py:21: UserWarning: To copy construct from a tensor, it is recommended to use sourceTensor.detach().clone() or sourceTensor.detach().clone().requires_grad_(True), rather than torch.tensor(sourceTensor).
  y = torch.tensor(chunk[1:], dtype=torch.long)
/Users/zimmerzhao/ENA-AAH-v2/src/data.py:21: UserWarning: To copy construct from a tensor, it is recommended to use sourceTensor.detach().clone() or sourceTensor.detach().clone().requires_grad_(True), rather than torch.tensor(sourceTensor).
  y = torch.tensor(chunk[1:], dtype=torch.long)
step 600 | loss 11.5145 | tok/s 3006.5 | mem 0.0 MB | cpu_rss 2054.4 MB | attn_elems 8388608 | attn_ratio 0.500
/Users/zimmerzhao/ENA-AAH-v2/src/data.py:20: UserWarning: To copy construct from a tensor, it is recommended to use sourceTensor.detach().clone() or sourceTensor.detach().clone().requires_grad_(True), rather than torch.tensor(sourceTensor).
  x = torch.tensor(chunk[:-1], dtype=torch.long)
/Users/zimmerzhao/ENA-AAH-v2/src/data.py:20: UserWarning: To copy construct from a tensor, it is recommended to use sourceTensor.detach().clone() or sourceTensor.detach().clone().requires_grad_(True), rather than torch.tensor(sourceTensor).
  x = torch.tensor(chunk[:-1], dtype=torch.long)
/Users/zimmerzhao/ENA-AAH-v2/src/data.py:21: UserWarning: To copy construct from a tensor, it is recommended to use sourceTensor.detach().clone() or sourceTensor.detach().clone().requires_grad_(True), rather than torch.tensor(sourceTensor).
  y = torch.tensor(chunk[1:], dtype=torch.long)
/Users/zimmerzhao/ENA-AAH-v2/src/data.py:21: UserWarning: To copy construct from a tensor, it is recommended to use sourceTensor.detach().clone() or sourceTensor.detach().clone().requires_grad_(True), rather than torch.tensor(sourceTensor).
  y = torch.tensor(chunk[1:], dtype=torch.long)
eval batch 0/50
eval batch 5/50
eval batch 10/50
eval batch 15/50
eval batch 20/50
eval batch 25/50
eval batch 30/50
eval batch 35/50
eval batch 40/50
eval batch 45/50
eval step 600 | loss 9.7878 | ppl 17815.51
step 650 | loss 10.7610 | tok/s 2825.8 | mem 0.0 MB | cpu_rss 2054.4 MB | attn_elems 8388608 | attn_ratio 0.500
step 700 | loss 10.4442 | tok/s 4236.5 | mem 0.0 MB | cpu_rss 2054.4 MB | attn_elems 8388608 | attn_ratio 0.500
step 750 | loss 10.1981 | tok/s 4000.1 | mem 0.0 MB | cpu_rss 2054.4 MB | attn_elems 8388608 | attn_ratio 0.500
step 800 | loss 10.3429 | tok/s 3984.0 | mem 0.0 MB | cpu_rss 2054.4 MB | attn_elems 8388608 | attn_ratio 0.500
/Users/zimmerzhao/ENA-AAH-v2/src/data.py:20: UserWarning: To copy construct from a tensor, it is recommended to use sourceTensor.detach().clone() or sourceTensor.detach().clone().requires_grad_(True), rather than torch.tensor(sourceTensor).
  x = torch.tensor(chunk[:-1], dtype=torch.long)
/Users/zimmerzhao/ENA-AAH-v2/src/data.py:20: UserWarning: To copy construct from a tensor, it is recommended to use sourceTensor.detach().clone() or sourceTensor.detach().clone().requires_grad_(True), rather than torch.tensor(sourceTensor).
  x = torch.tensor(chunk[:-1], dtype=torch.long)
/Users/zimmerzhao/ENA-AAH-v2/src/data.py:21: UserWarning: To copy construct from a tensor, it is recommended to use sourceTensor.detach().clone() or sourceTensor.detach().clone().requires_grad_(True), rather than torch.tensor(sourceTensor).
  y = torch.tensor(chunk[1:], dtype=torch.long)
/Users/zimmerzhao/ENA-AAH-v2/src/data.py:21: UserWarning: To copy construct from a tensor, it is recommended to use sourceTensor.detach().clone() or sourceTensor.detach().clone().requires_grad_(True), rather than torch.tensor(sourceTensor).
  y = torch.tensor(chunk[1:], dtype=torch.long)
eval batch 0/50
eval batch 5/50
eval batch 10/50
eval batch 15/50
eval batch 20/50
eval batch 25/50
eval batch 30/50
eval batch 35/50
eval batch 40/50
eval batch 45/50
eval step 800 | loss 8.8360 | ppl 6877.69
step 850 | loss 9.8194 | tok/s 2814.9 | mem 0.0 MB | cpu_rss 2054.4 MB | attn_elems 8388608 | attn_ratio 0.500
step 900 | loss 9.5807 | tok/s 4356.7 | mem 0.0 MB | cpu_rss 2054.4 MB | attn_elems 8388608 | attn_ratio 0.500
step 950 | loss 9.7851 | tok/s 4078.4 | mem 0.0 MB | cpu_rss 2054.4 MB | attn_elems 8388608 | attn_ratio 0.500
step 1000 | loss 9.6582 | tok/s 4078.5 | mem 0.0 MB | cpu_rss 2054.4 MB | attn_elems 8388608 | attn_ratio 0.500
/Users/zimmerzhao/ENA-AAH-v2/src/data.py:20: UserWarning: To copy construct from a tensor, it is recommended to use sourceTensor.detach().clone() or sourceTensor.detach().clone().requires_grad_(True), rather than torch.tensor(sourceTensor).
  x = torch.tensor(chunk[:-1], dtype=torch.long)
/Users/zimmerzhao/ENA-AAH-v2/src/data.py:20: UserWarning: To copy construct from a tensor, it is recommended to use sourceTensor.detach().clone() or sourceTensor.detach().clone().requires_grad_(True), rather than torch.tensor(sourceTensor).
  x = torch.tensor(chunk[:-1], dtype=torch.long)
/Users/zimmerzhao/ENA-AAH-v2/src/data.py:21: UserWarning: To copy construct from a tensor, it is recommended to use sourceTensor.detach().clone() or sourceTensor.detach().clone().requires_grad_(True), rather than torch.tensor(sourceTensor).
  y = torch.tensor(chunk[1:], dtype=torch.long)
/Users/zimmerzhao/ENA-AAH-v2/src/data.py:21: UserWarning: To copy construct from a tensor, it is recommended to use sourceTensor.detach().clone() or sourceTensor.detach().clone().requires_grad_(True), rather than torch.tensor(sourceTensor).
  y = torch.tensor(chunk[1:], dtype=torch.long)
eval batch 0/50
eval batch 5/50
eval batch 10/50
eval batch 15/50
eval batch 20/50
eval batch 25/50
eval batch 30/50
eval batch 35/50
eval batch 40/50
eval batch 45/50
eval step 1000 | loss 8.3033 | ppl 4037.14
step 1050 | loss 9.4555 | tok/s 2535.2 | mem 0.0 MB | cpu_rss 2054.4 MB | attn_elems 8388608 | attn_ratio 0.500
step 1100 | loss 9.4896 | tok/s 3413.9 | mem 0.0 MB | cpu_rss 2054.4 MB | attn_elems 8388608 | attn_ratio 0.500
step 1150 | loss 9.1629 | tok/s 3550.9 | mem 0.0 MB | cpu_rss 2054.4 MB | attn_elems 8388608 | attn_ratio 0.500
/Users/zimmerzhao/ENA-AAH-v2/src/data.py:20: UserWarning: To copy construct from a tensor, it is recommended to use sourceTensor.detach().clone() or sourceTensor.detach().clone().requires_grad_(True), rather than torch.tensor(sourceTensor).
  x = torch.tensor(chunk[:-1], dtype=torch.long)
/Users/zimmerzhao/ENA-AAH-v2/src/data.py:20: UserWarning: To copy construct from a tensor, it is recommended to use sourceTensor.detach().clone() or sourceTensor.detach().clone().requires_grad_(True), rather than torch.tensor(sourceTensor).
  x = torch.tensor(chunk[:-1], dtype=torch.long)
/Users/zimmerzhao/ENA-AAH-v2/src/data.py:21: UserWarning: To copy construct from a tensor, it is recommended to use sourceTensor.detach().clone() or sourceTensor.detach().clone().requires_grad_(True), rather than torch.tensor(sourceTensor).
  y = torch.tensor(chunk[1:], dtype=torch.long)
/Users/zimmerzhao/ENA-AAH-v2/src/data.py:21: UserWarning: To copy construct from a tensor, it is recommended to use sourceTensor.detach().clone() or sourceTensor.detach().clone().requires_grad_(True), rather than torch.tensor(sourceTensor).
  y = torch.tensor(chunk[1:], dtype=torch.long)
step 1200 | loss 9.1126 | tok/s 3498.9 | mem 0.0 MB | cpu_rss 2054.4 MB | attn_elems 8388608 | attn_ratio 0.500
/Users/zimmerzhao/ENA-AAH-v2/src/data.py:20: UserWarning: To copy construct from a tensor, it is recommended to use sourceTensor.detach().clone() or sourceTensor.detach().clone().requires_grad_(True), rather than torch.tensor(sourceTensor).
  x = torch.tensor(chunk[:-1], dtype=torch.long)
/Users/zimmerzhao/ENA-AAH-v2/src/data.py:20: UserWarning: To copy construct from a tensor, it is recommended to use sourceTensor.detach().clone() or sourceTensor.detach().clone().requires_grad_(True), rather than torch.tensor(sourceTensor).
  x = torch.tensor(chunk[:-1], dtype=torch.long)
/Users/zimmerzhao/ENA-AAH-v2/src/data.py:21: UserWarning: To copy construct from a tensor, it is recommended to use sourceTensor.detach().clone() or sourceTensor.detach().clone().requires_grad_(True), rather than torch.tensor(sourceTensor).
  y = torch.tensor(chunk[1:], dtype=torch.long)
/Users/zimmerzhao/ENA-AAH-v2/src/data.py:21: UserWarning: To copy construct from a tensor, it is recommended to use sourceTensor.detach().clone() or sourceTensor.detach().clone().requires_grad_(True), rather than torch.tensor(sourceTensor).
  y = torch.tensor(chunk[1:], dtype=torch.long)
eval batch 0/50
eval batch 5/50
eval batch 10/50
eval batch 15/50
eval batch 20/50
eval batch 25/50
eval batch 30/50
eval batch 35/50
eval batch 40/50
eval batch 45/50
eval step 1200 | loss 8.0517 | ppl 3139.08
step 1250 | loss 9.1256 | tok/s 2513.6 | mem 0.0 MB | cpu_rss 2054.4 MB | attn_elems 8388608 | attn_ratio 0.500
step 1300 | loss 9.1111 | tok/s 4091.3 | mem 0.0 MB | cpu_rss 2054.4 MB | attn_elems 8388608 | attn_ratio 0.500
step 1350 | loss 8.9299 | tok/s 4071.9 | mem 0.0 MB | cpu_rss 2054.4 MB | attn_elems 8388608 | attn_ratio 0.500
step 1400 | loss 9.0368 | tok/s 4140.8 | mem 0.0 MB | cpu_rss 2054.4 MB | attn_elems 8388608 | attn_ratio 0.500
/Users/zimmerzhao/ENA-AAH-v2/src/data.py:20: UserWarning: To copy construct from a tensor, it is recommended to use sourceTensor.detach().clone() or sourceTensor.detach().clone().requires_grad_(True), rather than torch.tensor(sourceTensor).
  x = torch.tensor(chunk[:-1], dtype=torch.long)
/Users/zimmerzhao/ENA-AAH-v2/src/data.py:20: UserWarning: To copy construct from a tensor, it is recommended to use sourceTensor.detach().clone() or sourceTensor.detach().clone().requires_grad_(True), rather than torch.tensor(sourceTensor).
  x = torch.tensor(chunk[:-1], dtype=torch.long)
/Users/zimmerzhao/ENA-AAH-v2/src/data.py:21: UserWarning: To copy construct from a tensor, it is recommended to use sourceTensor.detach().clone() or sourceTensor.detach().clone().requires_grad_(True), rather than torch.tensor(sourceTensor).
  y = torch.tensor(chunk[1:], dtype=torch.long)
/Users/zimmerzhao/ENA-AAH-v2/src/data.py:21: UserWarning: To copy construct from a tensor, it is recommended to use sourceTensor.detach().clone() or sourceTensor.detach().clone().requires_grad_(True), rather than torch.tensor(sourceTensor).
  y = torch.tensor(chunk[1:], dtype=torch.long)
eval batch 0/50
eval batch 5/50
eval batch 10/50
eval batch 15/50
eval batch 20/50
eval batch 25/50
eval batch 30/50
eval batch 35/50
eval batch 40/50
eval batch 45/50
eval step 1400 | loss 7.9076 | ppl 2717.96
step 1450 | loss 8.9473 | tok/s 2687.5 | mem 0.0 MB | cpu_rss 2054.4 MB | attn_elems 8388608 | attn_ratio 0.500
step 1500 | loss 9.2220 | tok/s 4839.5 | mem 0.0 MB | cpu_rss 2054.4 MB | attn_elems 8388608 | attn_ratio 0.500
step 1550 | loss 8.9267 | tok/s 4731.7 | mem 0.0 MB | cpu_rss 2054.4 MB | attn_elems 8388608 | attn_ratio 0.500
step 1600 | loss 8.8019 | tok/s 4542.1 | mem 0.0 MB | cpu_rss 2054.4 MB | attn_elems 8388608 | attn_ratio 0.500
/Users/zimmerzhao/ENA-AAH-v2/src/data.py:20: UserWarning: To copy construct from a tensor, it is recommended to use sourceTensor.detach().clone() or sourceTensor.detach().clone().requires_grad_(True), rather than torch.tensor(sourceTensor).
  x = torch.tensor(chunk[:-1], dtype=torch.long)
/Users/zimmerzhao/ENA-AAH-v2/src/data.py:20: UserWarning: To copy construct from a tensor, it is recommended to use sourceTensor.detach().clone() or sourceTensor.detach().clone().requires_grad_(True), rather than torch.tensor(sourceTensor).
  x = torch.tensor(chunk[:-1], dtype=torch.long)
/Users/zimmerzhao/ENA-AAH-v2/src/data.py:21: UserWarning: To copy construct from a tensor, it is recommended to use sourceTensor.detach().clone() or sourceTensor.detach().clone().requires_grad_(True), rather than torch.tensor(sourceTensor).
  y = torch.tensor(chunk[1:], dtype=torch.long)
/Users/zimmerzhao/ENA-AAH-v2/src/data.py:21: UserWarning: To copy construct from a tensor, it is recommended to use sourceTensor.detach().clone() or sourceTensor.detach().clone().requires_grad_(True), rather than torch.tensor(sourceTensor).
  y = torch.tensor(chunk[1:], dtype=torch.long)
eval batch 0/50
eval batch 5/50
eval batch 10/50
eval batch 15/50
eval batch 20/50
eval batch 25/50
eval batch 30/50
eval batch 35/50
eval batch 40/50
eval batch 45/50
eval step 1600 | loss 7.8225 | ppl 2496.05
step 1650 | loss 8.9973 | tok/s 2477.6 | mem 0.0 MB | cpu_rss 2054.4 MB | attn_elems 8388608 | attn_ratio 0.500
step 1700 | loss 8.7526 | tok/s 4198.1 | mem 0.0 MB | cpu_rss 2054.4 MB | attn_elems 8388608 | attn_ratio 0.500
step 1750 | loss 9.2175 | tok/s 4667.1 | mem 0.0 MB | cpu_rss 2054.4 MB | attn_elems 8388608 | attn_ratio 0.500
/Users/zimmerzhao/ENA-AAH-v2/src/data.py:20: UserWarning: To copy construct from a tensor, it is recommended to use sourceTensor.detach().clone() or sourceTensor.detach().clone().requires_grad_(True), rather than torch.tensor(sourceTensor).
  x = torch.tensor(chunk[:-1], dtype=torch.long)
/Users/zimmerzhao/ENA-AAH-v2/src/data.py:20: UserWarning: To copy construct from a tensor, it is recommended to use sourceTensor.detach().clone() or sourceTensor.detach().clone().requires_grad_(True), rather than torch.tensor(sourceTensor).
  x = torch.tensor(chunk[:-1], dtype=torch.long)
/Users/zimmerzhao/ENA-AAH-v2/src/data.py:21: UserWarning: To copy construct from a tensor, it is recommended to use sourceTensor.detach().clone() or sourceTensor.detach().clone().requires_grad_(True), rather than torch.tensor(sourceTensor).
  y = torch.tensor(chunk[1:], dtype=torch.long)
/Users/zimmerzhao/ENA-AAH-v2/src/data.py:21: UserWarning: To copy construct from a tensor, it is recommended to use sourceTensor.detach().clone() or sourceTensor.detach().clone().requires_grad_(True), rather than torch.tensor(sourceTensor).
  y = torch.tensor(chunk[1:], dtype=torch.long)
step 1800 | loss 8.7555 | tok/s 3348.8 | mem 0.0 MB | cpu_rss 2054.4 MB | attn_elems 8388608 | attn_ratio 0.500
/Users/zimmerzhao/ENA-AAH-v2/src/data.py:20: UserWarning: To copy construct from a tensor, it is recommended to use sourceTensor.detach().clone() or sourceTensor.detach().clone().requires_grad_(True), rather than torch.tensor(sourceTensor).
  x = torch.tensor(chunk[:-1], dtype=torch.long)
/Users/zimmerzhao/ENA-AAH-v2/src/data.py:20: UserWarning: To copy construct from a tensor, it is recommended to use sourceTensor.detach().clone() or sourceTensor.detach().clone().requires_grad_(True), rather than torch.tensor(sourceTensor).
  x = torch.tensor(chunk[:-1], dtype=torch.long)
/Users/zimmerzhao/ENA-AAH-v2/src/data.py:21: UserWarning: To copy construct from a tensor, it is recommended to use sourceTensor.detach().clone() or sourceTensor.detach().clone().requires_grad_(True), rather than torch.tensor(sourceTensor).
  y = torch.tensor(chunk[1:], dtype=torch.long)
/Users/zimmerzhao/ENA-AAH-v2/src/data.py:21: UserWarning: To copy construct from a tensor, it is recommended to use sourceTensor.detach().clone() or sourceTensor.detach().clone().requires_grad_(True), rather than torch.tensor(sourceTensor).
  y = torch.tensor(chunk[1:], dtype=torch.long)
eval batch 0/50
eval batch 5/50
eval batch 10/50
eval batch 15/50
eval batch 20/50
eval batch 25/50
eval batch 30/50
eval batch 35/50
eval batch 40/50
eval batch 45/50
eval step 1800 | loss 7.7833 | ppl 2400.11
step 1850 | loss 8.8182 | tok/s 2993.6 | mem 0.0 MB | cpu_rss 2054.4 MB | attn_elems 8388608 | attn_ratio 0.500
step 1900 | loss 8.9508 | tok/s 3509.4 | mem 0.0 MB | cpu_rss 2054.4 MB | attn_elems 8388608 | attn_ratio 0.500
step 1950 | loss 8.8238 | tok/s 4746.6 | mem 0.0 MB | cpu_rss 2054.4 MB | attn_elems 8388608 | attn_ratio 0.500
step 2000 | loss 8.9702 | tok/s 4059.4 | mem 0.0 MB | cpu_rss 2054.4 MB | attn_elems 8388608 | attn_ratio 0.500
/Users/zimmerzhao/ENA-AAH-v2/src/data.py:20: UserWarning: To copy construct from a tensor, it is recommended to use sourceTensor.detach().clone() or sourceTensor.detach().clone().requires_grad_(True), rather than torch.tensor(sourceTensor).
  x = torch.tensor(chunk[:-1], dtype=torch.long)
/Users/zimmerzhao/ENA-AAH-v2/src/data.py:20: UserWarning: To copy construct from a tensor, it is recommended to use sourceTensor.detach().clone() or sourceTensor.detach().clone().requires_grad_(True), rather than torch.tensor(sourceTensor).
  x = torch.tensor(chunk[:-1], dtype=torch.long)
/Users/zimmerzhao/ENA-AAH-v2/src/data.py:21: UserWarning: To copy construct from a tensor, it is recommended to use sourceTensor.detach().clone() or sourceTensor.detach().clone().requires_grad_(True), rather than torch.tensor(sourceTensor).
  y = torch.tensor(chunk[1:], dtype=torch.long)
/Users/zimmerzhao/ENA-AAH-v2/src/data.py:21: UserWarning: To copy construct from a tensor, it is recommended to use sourceTensor.detach().clone() or sourceTensor.detach().clone().requires_grad_(True), rather than torch.tensor(sourceTensor).
  y = torch.tensor(chunk[1:], dtype=torch.long)
eval batch 0/50
eval batch 5/50
eval batch 10/50
eval batch 15/50
eval batch 20/50
eval batch 25/50
eval batch 30/50
eval batch 35/50
eval batch 40/50
eval batch 45/50
eval step 2000 | loss 7.7833 | ppl 2400.29
[1;34mwandb[0m: 
[1;34mwandb[0m: You can sync this run to the cloud by running:
[1;34mwandb[0m: [1mwandb sync /Users/zimmerzhao/ENA-AAH-v2/wandb/offline-run-20260205_001931-1jzjiicl[0m
[1;34mwandb[0m: Find logs at: [1;35mwandb/offline-run-20260205_001931-1jzjiicl/logs[0m
