'[Errno 54] Connection reset by peer' thrown while requesting HEAD https://huggingface.co/datasets/wikitext/resolve/b08601e04326c79dfdd32d625aee71d232d685c3/wikitext.py
Retrying in 1s [Retry 1/5].
Using the latest cached version of the dataset since wikitext couldn't be found on the Hugging Face Hub
Found the latest cached dataset configuration 'wikitext-2-raw-v1' at /Users/zimmerzhao/.cache/huggingface/datasets/wikitext/wikitext-2-raw-v1/0.0.0/b08601e04326c79dfdd32d625aee71d232d685c3 (last modified on Mon Feb  2 15:47:14 2026).
Token indices sequence length is longer than the specified maximum sequence length for this model (2428601 > 1024). Running this sequence through the model will result in indexing errors
wandb: Tracking run with wandb version 0.24.1
wandb: W&B syncing is set to `offline` in this directory. Run `wandb online` or set WANDB_MODE=online to enable cloud syncing.
wandb: Run data is saved locally in /Users/zimmerzhao/ENA-AAH-v2/wandb/offline-run-20260204_220139-6btg2tjg
/Users/zimmerzhao/ENA-AAH-v2/src/data.py:20: UserWarning: To copy construct from a tensor, it is recommended to use sourceTensor.detach().clone() or sourceTensor.detach().clone().requires_grad_(True), rather than torch.tensor(sourceTensor).
  x = torch.tensor(chunk[:-1], dtype=torch.long)
/Users/zimmerzhao/ENA-AAH-v2/src/data.py:20: UserWarning: To copy construct from a tensor, it is recommended to use sourceTensor.detach().clone() or sourceTensor.detach().clone().requires_grad_(True), rather than torch.tensor(sourceTensor).
  x = torch.tensor(chunk[:-1], dtype=torch.long)
/Users/zimmerzhao/ENA-AAH-v2/src/data.py:21: UserWarning: To copy construct from a tensor, it is recommended to use sourceTensor.detach().clone() or sourceTensor.detach().clone().requires_grad_(True), rather than torch.tensor(sourceTensor).
  y = torch.tensor(chunk[1:], dtype=torch.long)
/Users/zimmerzhao/ENA-AAH-v2/src/data.py:21: UserWarning: To copy construct from a tensor, it is recommended to use sourceTensor.detach().clone() or sourceTensor.detach().clone().requires_grad_(True), rather than torch.tensor(sourceTensor).
  y = torch.tensor(chunk[1:], dtype=torch.long)
step 50 | loss 52.4612 | tok/s 4322.2 | mem 0.0 MB | cpu_rss 2022.6 MB | attn_elems 16777216 | attn_ratio 1.000
step 100 | loss 35.7628 | tok/s 4120.3 | mem 0.0 MB | cpu_rss 2022.6 MB | attn_elems 16777216 | attn_ratio 1.000
step 150 | loss 28.2996 | tok/s 4592.3 | mem 0.0 MB | cpu_rss 2022.6 MB | attn_elems 16777216 | attn_ratio 1.000
step 200 | loss 22.5840 | tok/s 4935.8 | mem 0.0 MB | cpu_rss 2022.6 MB | attn_elems 16777216 | attn_ratio 1.000
/Users/zimmerzhao/ENA-AAH-v2/src/data.py:20: UserWarning: To copy construct from a tensor, it is recommended to use sourceTensor.detach().clone() or sourceTensor.detach().clone().requires_grad_(True), rather than torch.tensor(sourceTensor).
  x = torch.tensor(chunk[:-1], dtype=torch.long)
/Users/zimmerzhao/ENA-AAH-v2/src/data.py:20: UserWarning: To copy construct from a tensor, it is recommended to use sourceTensor.detach().clone() or sourceTensor.detach().clone().requires_grad_(True), rather than torch.tensor(sourceTensor).
  x = torch.tensor(chunk[:-1], dtype=torch.long)
/Users/zimmerzhao/ENA-AAH-v2/src/data.py:21: UserWarning: To copy construct from a tensor, it is recommended to use sourceTensor.detach().clone() or sourceTensor.detach().clone().requires_grad_(True), rather than torch.tensor(sourceTensor).
  y = torch.tensor(chunk[1:], dtype=torch.long)
/Users/zimmerzhao/ENA-AAH-v2/src/data.py:21: UserWarning: To copy construct from a tensor, it is recommended to use sourceTensor.detach().clone() or sourceTensor.detach().clone().requires_grad_(True), rather than torch.tensor(sourceTensor).
  y = torch.tensor(chunk[1:], dtype=torch.long)
eval batch 0/50
eval batch 5/50
eval batch 10/50
eval batch 15/50
eval batch 20/50
eval batch 25/50
eval batch 30/50
eval batch 35/50
eval batch 40/50
eval batch 45/50
eval step 200 | loss 20.7618 | ppl 1039277712.34
step 250 | loss 18.0974 | tok/s 3210.3 | mem 0.0 MB | cpu_rss 2022.6 MB | attn_elems 16777216 | attn_ratio 1.000
step 300 | loss 16.4536 | tok/s 4945.5 | mem 0.0 MB | cpu_rss 2022.6 MB | attn_elems 16777216 | attn_ratio 1.000
step 350 | loss 15.2532 | tok/s 4961.4 | mem 0.0 MB | cpu_rss 2022.6 MB | attn_elems 6029312 | attn_ratio 0.359
step 400 | loss 13.9364 | tok/s 4956.5 | mem 0.0 MB | cpu_rss 2022.6 MB | attn_elems 5898240 | attn_ratio 0.352
/Users/zimmerzhao/ENA-AAH-v2/src/data.py:20: UserWarning: To copy construct from a tensor, it is recommended to use sourceTensor.detach().clone() or sourceTensor.detach().clone().requires_grad_(True), rather than torch.tensor(sourceTensor).
  x = torch.tensor(chunk[:-1], dtype=torch.long)
/Users/zimmerzhao/ENA-AAH-v2/src/data.py:20: UserWarning: To copy construct from a tensor, it is recommended to use sourceTensor.detach().clone() or sourceTensor.detach().clone().requires_grad_(True), rather than torch.tensor(sourceTensor).
  x = torch.tensor(chunk[:-1], dtype=torch.long)
/Users/zimmerzhao/ENA-AAH-v2/src/data.py:21: UserWarning: To copy construct from a tensor, it is recommended to use sourceTensor.detach().clone() or sourceTensor.detach().clone().requires_grad_(True), rather than torch.tensor(sourceTensor).
  y = torch.tensor(chunk[1:], dtype=torch.long)
/Users/zimmerzhao/ENA-AAH-v2/src/data.py:21: UserWarning: To copy construct from a tensor, it is recommended to use sourceTensor.detach().clone() or sourceTensor.detach().clone().requires_grad_(True), rather than torch.tensor(sourceTensor).
  y = torch.tensor(chunk[1:], dtype=torch.long)
eval batch 0/50
eval batch 5/50
eval batch 10/50
eval batch 15/50
eval batch 20/50
eval batch 25/50
eval batch 30/50
eval batch 35/50
eval batch 40/50
eval batch 45/50
eval step 400 | loss 12.2765 | ppl 214603.13
step 450 | loss 13.1861 | tok/s 3221.2 | mem 0.0 MB | cpu_rss 2022.6 MB | attn_elems 5898240 | attn_ratio 0.352
step 500 | loss 12.5708 | tok/s 4701.2 | mem 0.0 MB | cpu_rss 2022.6 MB | attn_elems 5898240 | attn_ratio 0.352
step 550 | loss 11.2885 | tok/s 4834.6 | mem 0.0 MB | cpu_rss 2022.6 MB | attn_elems 5898240 | attn_ratio 0.352
/Users/zimmerzhao/ENA-AAH-v2/src/data.py:20: UserWarning: To copy construct from a tensor, it is recommended to use sourceTensor.detach().clone() or sourceTensor.detach().clone().requires_grad_(True), rather than torch.tensor(sourceTensor).
  x = torch.tensor(chunk[:-1], dtype=torch.long)
/Users/zimmerzhao/ENA-AAH-v2/src/data.py:20: UserWarning: To copy construct from a tensor, it is recommended to use sourceTensor.detach().clone() or sourceTensor.detach().clone().requires_grad_(True), rather than torch.tensor(sourceTensor).
  x = torch.tensor(chunk[:-1], dtype=torch.long)
/Users/zimmerzhao/ENA-AAH-v2/src/data.py:21: UserWarning: To copy construct from a tensor, it is recommended to use sourceTensor.detach().clone() or sourceTensor.detach().clone().requires_grad_(True), rather than torch.tensor(sourceTensor).
  y = torch.tensor(chunk[1:], dtype=torch.long)
/Users/zimmerzhao/ENA-AAH-v2/src/data.py:21: UserWarning: To copy construct from a tensor, it is recommended to use sourceTensor.detach().clone() or sourceTensor.detach().clone().requires_grad_(True), rather than torch.tensor(sourceTensor).
  y = torch.tensor(chunk[1:], dtype=torch.long)
step 600 | loss 10.9578 | tok/s 4386.4 | mem 0.0 MB | cpu_rss 2022.6 MB | attn_elems 5898240 | attn_ratio 0.352
/Users/zimmerzhao/ENA-AAH-v2/src/data.py:20: UserWarning: To copy construct from a tensor, it is recommended to use sourceTensor.detach().clone() or sourceTensor.detach().clone().requires_grad_(True), rather than torch.tensor(sourceTensor).
  x = torch.tensor(chunk[:-1], dtype=torch.long)
/Users/zimmerzhao/ENA-AAH-v2/src/data.py:20: UserWarning: To copy construct from a tensor, it is recommended to use sourceTensor.detach().clone() or sourceTensor.detach().clone().requires_grad_(True), rather than torch.tensor(sourceTensor).
  x = torch.tensor(chunk[:-1], dtype=torch.long)
/Users/zimmerzhao/ENA-AAH-v2/src/data.py:21: UserWarning: To copy construct from a tensor, it is recommended to use sourceTensor.detach().clone() or sourceTensor.detach().clone().requires_grad_(True), rather than torch.tensor(sourceTensor).
  y = torch.tensor(chunk[1:], dtype=torch.long)
/Users/zimmerzhao/ENA-AAH-v2/src/data.py:21: UserWarning: To copy construct from a tensor, it is recommended to use sourceTensor.detach().clone() or sourceTensor.detach().clone().requires_grad_(True), rather than torch.tensor(sourceTensor).
  y = torch.tensor(chunk[1:], dtype=torch.long)
eval batch 0/50
eval batch 5/50
eval batch 10/50
eval batch 15/50
eval batch 20/50
eval batch 25/50
eval batch 30/50
eval batch 35/50
eval batch 40/50
eval batch 45/50
eval step 600 | loss 9.8605 | ppl 19158.25
step 650 | loss 11.3998 | tok/s 1746.2 | mem 0.0 MB | cpu_rss 2022.6 MB | attn_elems 5832704 | attn_ratio 0.348
step 700 | loss 10.2629 | tok/s 3888.7 | mem 0.0 MB | cpu_rss 2022.6 MB | attn_elems 5898240 | attn_ratio 0.352
step 750 | loss 10.3906 | tok/s 4288.2 | mem 0.0 MB | cpu_rss 2022.6 MB | attn_elems 5832704 | attn_ratio 0.348
step 800 | loss 10.3595 | tok/s 4251.3 | mem 0.0 MB | cpu_rss 2022.6 MB | attn_elems 5898240 | attn_ratio 0.352
/Users/zimmerzhao/ENA-AAH-v2/src/data.py:20: UserWarning: To copy construct from a tensor, it is recommended to use sourceTensor.detach().clone() or sourceTensor.detach().clone().requires_grad_(True), rather than torch.tensor(sourceTensor).
  x = torch.tensor(chunk[:-1], dtype=torch.long)
/Users/zimmerzhao/ENA-AAH-v2/src/data.py:20: UserWarning: To copy construct from a tensor, it is recommended to use sourceTensor.detach().clone() or sourceTensor.detach().clone().requires_grad_(True), rather than torch.tensor(sourceTensor).
  x = torch.tensor(chunk[:-1], dtype=torch.long)
/Users/zimmerzhao/ENA-AAH-v2/src/data.py:21: UserWarning: To copy construct from a tensor, it is recommended to use sourceTensor.detach().clone() or sourceTensor.detach().clone().requires_grad_(True), rather than torch.tensor(sourceTensor).
  y = torch.tensor(chunk[1:], dtype=torch.long)
/Users/zimmerzhao/ENA-AAH-v2/src/data.py:21: UserWarning: To copy construct from a tensor, it is recommended to use sourceTensor.detach().clone() or sourceTensor.detach().clone().requires_grad_(True), rather than torch.tensor(sourceTensor).
  y = torch.tensor(chunk[1:], dtype=torch.long)
eval batch 0/50
eval batch 5/50
eval batch 10/50
eval batch 15/50
eval batch 20/50
eval batch 25/50
eval batch 30/50
eval batch 35/50
eval batch 40/50
eval batch 45/50
eval step 800 | loss 8.8697 | ppl 7113.12
step 850 | loss 9.9262 | tok/s 1958.5 | mem 0.0 MB | cpu_rss 2022.6 MB | attn_elems 5898240 | attn_ratio 0.352
step 900 | loss 9.4646 | tok/s 4337.2 | mem 0.0 MB | cpu_rss 2022.6 MB | attn_elems 5898240 | attn_ratio 0.352
step 950 | loss 9.9798 | tok/s 4765.6 | mem 0.0 MB | cpu_rss 2022.6 MB | attn_elems 5898240 | attn_ratio 0.352
step 1000 | loss 9.2887 | tok/s 4633.2 | mem 0.0 MB | cpu_rss 2022.6 MB | attn_elems 5898240 | attn_ratio 0.352
/Users/zimmerzhao/ENA-AAH-v2/src/data.py:20: UserWarning: To copy construct from a tensor, it is recommended to use sourceTensor.detach().clone() or sourceTensor.detach().clone().requires_grad_(True), rather than torch.tensor(sourceTensor).
  x = torch.tensor(chunk[:-1], dtype=torch.long)
/Users/zimmerzhao/ENA-AAH-v2/src/data.py:20: UserWarning: To copy construct from a tensor, it is recommended to use sourceTensor.detach().clone() or sourceTensor.detach().clone().requires_grad_(True), rather than torch.tensor(sourceTensor).
  x = torch.tensor(chunk[:-1], dtype=torch.long)
/Users/zimmerzhao/ENA-AAH-v2/src/data.py:21: UserWarning: To copy construct from a tensor, it is recommended to use sourceTensor.detach().clone() or sourceTensor.detach().clone().requires_grad_(True), rather than torch.tensor(sourceTensor).
  y = torch.tensor(chunk[1:], dtype=torch.long)
/Users/zimmerzhao/ENA-AAH-v2/src/data.py:21: UserWarning: To copy construct from a tensor, it is recommended to use sourceTensor.detach().clone() or sourceTensor.detach().clone().requires_grad_(True), rather than torch.tensor(sourceTensor).
  y = torch.tensor(chunk[1:], dtype=torch.long)
eval batch 0/50
eval batch 5/50
eval batch 10/50
eval batch 15/50
eval batch 20/50
eval batch 25/50
eval batch 30/50
eval batch 35/50
eval batch 40/50
eval batch 45/50
eval step 1000 | loss 8.3138 | ppl 4079.90
step 1050 | loss 9.7325 | tok/s 3078.0 | mem 0.0 MB | cpu_rss 2022.6 MB | attn_elems 5898240 | attn_ratio 0.352
step 1100 | loss 9.2590 | tok/s 4568.7 | mem 0.0 MB | cpu_rss 2022.6 MB | attn_elems 5898240 | attn_ratio 0.352
step 1150 | loss 8.8688 | tok/s 4177.7 | mem 0.0 MB | cpu_rss 2022.6 MB | attn_elems 5898240 | attn_ratio 0.352
/Users/zimmerzhao/ENA-AAH-v2/src/data.py:20: UserWarning: To copy construct from a tensor, it is recommended to use sourceTensor.detach().clone() or sourceTensor.detach().clone().requires_grad_(True), rather than torch.tensor(sourceTensor).
  x = torch.tensor(chunk[:-1], dtype=torch.long)
/Users/zimmerzhao/ENA-AAH-v2/src/data.py:20: UserWarning: To copy construct from a tensor, it is recommended to use sourceTensor.detach().clone() or sourceTensor.detach().clone().requires_grad_(True), rather than torch.tensor(sourceTensor).
  x = torch.tensor(chunk[:-1], dtype=torch.long)
/Users/zimmerzhao/ENA-AAH-v2/src/data.py:21: UserWarning: To copy construct from a tensor, it is recommended to use sourceTensor.detach().clone() or sourceTensor.detach().clone().requires_grad_(True), rather than torch.tensor(sourceTensor).
  y = torch.tensor(chunk[1:], dtype=torch.long)
/Users/zimmerzhao/ENA-AAH-v2/src/data.py:21: UserWarning: To copy construct from a tensor, it is recommended to use sourceTensor.detach().clone() or sourceTensor.detach().clone().requires_grad_(True), rather than torch.tensor(sourceTensor).
  y = torch.tensor(chunk[1:], dtype=torch.long)
step 1200 | loss 9.0546 | tok/s 3250.2 | mem 0.0 MB | cpu_rss 2022.6 MB | attn_elems 5898240 | attn_ratio 0.352
/Users/zimmerzhao/ENA-AAH-v2/src/data.py:20: UserWarning: To copy construct from a tensor, it is recommended to use sourceTensor.detach().clone() or sourceTensor.detach().clone().requires_grad_(True), rather than torch.tensor(sourceTensor).
  x = torch.tensor(chunk[:-1], dtype=torch.long)
/Users/zimmerzhao/ENA-AAH-v2/src/data.py:20: UserWarning: To copy construct from a tensor, it is recommended to use sourceTensor.detach().clone() or sourceTensor.detach().clone().requires_grad_(True), rather than torch.tensor(sourceTensor).
  x = torch.tensor(chunk[:-1], dtype=torch.long)
/Users/zimmerzhao/ENA-AAH-v2/src/data.py:21: UserWarning: To copy construct from a tensor, it is recommended to use sourceTensor.detach().clone() or sourceTensor.detach().clone().requires_grad_(True), rather than torch.tensor(sourceTensor).
  y = torch.tensor(chunk[1:], dtype=torch.long)
/Users/zimmerzhao/ENA-AAH-v2/src/data.py:21: UserWarning: To copy construct from a tensor, it is recommended to use sourceTensor.detach().clone() or sourceTensor.detach().clone().requires_grad_(True), rather than torch.tensor(sourceTensor).
  y = torch.tensor(chunk[1:], dtype=torch.long)
eval batch 0/50
eval batch 5/50
eval batch 10/50
eval batch 15/50
eval batch 20/50
eval batch 25/50
eval batch 30/50
eval batch 35/50
eval batch 40/50
eval batch 45/50
eval step 1200 | loss 8.0617 | ppl 3170.68
step 1250 | loss 9.3984 | tok/s 3289.5 | mem 0.0 MB | cpu_rss 2022.6 MB | attn_elems 5898240 | attn_ratio 0.352
step 1300 | loss 9.3961 | tok/s 5078.0 | mem 0.0 MB | cpu_rss 2022.6 MB | attn_elems 5898240 | attn_ratio 0.352
step 1350 | loss 8.8904 | tok/s 3701.9 | mem 0.0 MB | cpu_rss 2022.6 MB | attn_elems 5898240 | attn_ratio 0.352
step 1400 | loss 9.1094 | tok/s 3615.6 | mem 0.0 MB | cpu_rss 2022.6 MB | attn_elems 5898240 | attn_ratio 0.352
/Users/zimmerzhao/ENA-AAH-v2/src/data.py:20: UserWarning: To copy construct from a tensor, it is recommended to use sourceTensor.detach().clone() or sourceTensor.detach().clone().requires_grad_(True), rather than torch.tensor(sourceTensor).
  x = torch.tensor(chunk[:-1], dtype=torch.long)
/Users/zimmerzhao/ENA-AAH-v2/src/data.py:20: UserWarning: To copy construct from a tensor, it is recommended to use sourceTensor.detach().clone() or sourceTensor.detach().clone().requires_grad_(True), rather than torch.tensor(sourceTensor).
  x = torch.tensor(chunk[:-1], dtype=torch.long)
/Users/zimmerzhao/ENA-AAH-v2/src/data.py:21: UserWarning: To copy construct from a tensor, it is recommended to use sourceTensor.detach().clone() or sourceTensor.detach().clone().requires_grad_(True), rather than torch.tensor(sourceTensor).
  y = torch.tensor(chunk[1:], dtype=torch.long)
/Users/zimmerzhao/ENA-AAH-v2/src/data.py:21: UserWarning: To copy construct from a tensor, it is recommended to use sourceTensor.detach().clone() or sourceTensor.detach().clone().requires_grad_(True), rather than torch.tensor(sourceTensor).
  y = torch.tensor(chunk[1:], dtype=torch.long)
eval batch 0/50
eval batch 5/50
eval batch 10/50
eval batch 15/50
eval batch 20/50
eval batch 25/50
eval batch 30/50
eval batch 35/50
eval batch 40/50
eval batch 45/50
eval step 1400 | loss 7.9011 | ppl 2700.23
step 1450 | loss 9.1559 | tok/s 2946.5 | mem 0.0 MB | cpu_rss 2022.6 MB | attn_elems 5898240 | attn_ratio 0.352
step 1500 | loss 8.8156 | tok/s 4438.0 | mem 0.0 MB | cpu_rss 2022.6 MB | attn_elems 5898240 | attn_ratio 0.352
step 1550 | loss 8.8674 | tok/s 4451.9 | mem 0.0 MB | cpu_rss 2022.6 MB | attn_elems 5898240 | attn_ratio 0.352
step 1600 | loss 8.8503 | tok/s 4356.5 | mem 0.0 MB | cpu_rss 2022.6 MB | attn_elems 5898240 | attn_ratio 0.352
/Users/zimmerzhao/ENA-AAH-v2/src/data.py:20: UserWarning: To copy construct from a tensor, it is recommended to use sourceTensor.detach().clone() or sourceTensor.detach().clone().requires_grad_(True), rather than torch.tensor(sourceTensor).
  x = torch.tensor(chunk[:-1], dtype=torch.long)
/Users/zimmerzhao/ENA-AAH-v2/src/data.py:20: UserWarning: To copy construct from a tensor, it is recommended to use sourceTensor.detach().clone() or sourceTensor.detach().clone().requires_grad_(True), rather than torch.tensor(sourceTensor).
  x = torch.tensor(chunk[:-1], dtype=torch.long)
/Users/zimmerzhao/ENA-AAH-v2/src/data.py:21: UserWarning: To copy construct from a tensor, it is recommended to use sourceTensor.detach().clone() or sourceTensor.detach().clone().requires_grad_(True), rather than torch.tensor(sourceTensor).
  y = torch.tensor(chunk[1:], dtype=torch.long)
/Users/zimmerzhao/ENA-AAH-v2/src/data.py:21: UserWarning: To copy construct from a tensor, it is recommended to use sourceTensor.detach().clone() or sourceTensor.detach().clone().requires_grad_(True), rather than torch.tensor(sourceTensor).
  y = torch.tensor(chunk[1:], dtype=torch.long)
eval batch 0/50
eval batch 5/50
eval batch 10/50
eval batch 15/50
eval batch 20/50
eval batch 25/50
eval batch 30/50
eval batch 35/50
eval batch 40/50
eval batch 45/50
eval step 1600 | loss 7.8273 | ppl 2508.14
step 1650 | loss 9.3620 | tok/s 2787.1 | mem 0.0 MB | cpu_rss 2022.6 MB | attn_elems 5898240 | attn_ratio 0.352
step 1700 | loss 8.6647 | tok/s 4365.4 | mem 0.0 MB | cpu_rss 2022.6 MB | attn_elems 5898240 | attn_ratio 0.352
step 1750 | loss 8.9468 | tok/s 5091.1 | mem 0.0 MB | cpu_rss 2022.6 MB | attn_elems 5898240 | attn_ratio 0.352
/Users/zimmerzhao/ENA-AAH-v2/src/data.py:20: UserWarning: To copy construct from a tensor, it is recommended to use sourceTensor.detach().clone() or sourceTensor.detach().clone().requires_grad_(True), rather than torch.tensor(sourceTensor).
  x = torch.tensor(chunk[:-1], dtype=torch.long)
/Users/zimmerzhao/ENA-AAH-v2/src/data.py:20: UserWarning: To copy construct from a tensor, it is recommended to use sourceTensor.detach().clone() or sourceTensor.detach().clone().requires_grad_(True), rather than torch.tensor(sourceTensor).
  x = torch.tensor(chunk[:-1], dtype=torch.long)
/Users/zimmerzhao/ENA-AAH-v2/src/data.py:21: UserWarning: To copy construct from a tensor, it is recommended to use sourceTensor.detach().clone() or sourceTensor.detach().clone().requires_grad_(True), rather than torch.tensor(sourceTensor).
  y = torch.tensor(chunk[1:], dtype=torch.long)
/Users/zimmerzhao/ENA-AAH-v2/src/data.py:21: UserWarning: To copy construct from a tensor, it is recommended to use sourceTensor.detach().clone() or sourceTensor.detach().clone().requires_grad_(True), rather than torch.tensor(sourceTensor).
  y = torch.tensor(chunk[1:], dtype=torch.long)
step 1800 | loss 8.7463 | tok/s 4406.5 | mem 0.0 MB | cpu_rss 2022.6 MB | attn_elems 5898240 | attn_ratio 0.352
/Users/zimmerzhao/ENA-AAH-v2/src/data.py:20: UserWarning: To copy construct from a tensor, it is recommended to use sourceTensor.detach().clone() or sourceTensor.detach().clone().requires_grad_(True), rather than torch.tensor(sourceTensor).
  x = torch.tensor(chunk[:-1], dtype=torch.long)
/Users/zimmerzhao/ENA-AAH-v2/src/data.py:20: UserWarning: To copy construct from a tensor, it is recommended to use sourceTensor.detach().clone() or sourceTensor.detach().clone().requires_grad_(True), rather than torch.tensor(sourceTensor).
  x = torch.tensor(chunk[:-1], dtype=torch.long)
/Users/zimmerzhao/ENA-AAH-v2/src/data.py:21: UserWarning: To copy construct from a tensor, it is recommended to use sourceTensor.detach().clone() or sourceTensor.detach().clone().requires_grad_(True), rather than torch.tensor(sourceTensor).
  y = torch.tensor(chunk[1:], dtype=torch.long)
/Users/zimmerzhao/ENA-AAH-v2/src/data.py:21: UserWarning: To copy construct from a tensor, it is recommended to use sourceTensor.detach().clone() or sourceTensor.detach().clone().requires_grad_(True), rather than torch.tensor(sourceTensor).
  y = torch.tensor(chunk[1:], dtype=torch.long)
eval batch 0/50
eval batch 5/50
eval batch 10/50
eval batch 15/50
eval batch 20/50
eval batch 25/50
eval batch 30/50
eval batch 35/50
eval batch 40/50
eval batch 45/50
eval step 1800 | loss 7.8014 | ppl 2444.14
step 1850 | loss 8.9284 | tok/s 3293.3 | mem 0.0 MB | cpu_rss 2022.6 MB | attn_elems 5898240 | attn_ratio 0.352
step 1900 | loss 8.6361 | tok/s 5091.7 | mem 0.0 MB | cpu_rss 2022.6 MB | attn_elems 5898240 | attn_ratio 0.352
step 1950 | loss 8.7895 | tok/s 5110.0 | mem 0.0 MB | cpu_rss 2022.6 MB | attn_elems 5898240 | attn_ratio 0.352
step 2000 | loss 8.8993 | tok/s 5001.1 | mem 0.0 MB | cpu_rss 2022.6 MB | attn_elems 5898240 | attn_ratio 0.352
/Users/zimmerzhao/ENA-AAH-v2/src/data.py:20: UserWarning: To copy construct from a tensor, it is recommended to use sourceTensor.detach().clone() or sourceTensor.detach().clone().requires_grad_(True), rather than torch.tensor(sourceTensor).
  x = torch.tensor(chunk[:-1], dtype=torch.long)
/Users/zimmerzhao/ENA-AAH-v2/src/data.py:20: UserWarning: To copy construct from a tensor, it is recommended to use sourceTensor.detach().clone() or sourceTensor.detach().clone().requires_grad_(True), rather than torch.tensor(sourceTensor).
  x = torch.tensor(chunk[:-1], dtype=torch.long)
/Users/zimmerzhao/ENA-AAH-v2/src/data.py:21: UserWarning: To copy construct from a tensor, it is recommended to use sourceTensor.detach().clone() or sourceTensor.detach().clone().requires_grad_(True), rather than torch.tensor(sourceTensor).
  y = torch.tensor(chunk[1:], dtype=torch.long)
/Users/zimmerzhao/ENA-AAH-v2/src/data.py:21: UserWarning: To copy construct from a tensor, it is recommended to use sourceTensor.detach().clone() or sourceTensor.detach().clone().requires_grad_(True), rather than torch.tensor(sourceTensor).
  y = torch.tensor(chunk[1:], dtype=torch.long)
eval batch 0/50
eval batch 5/50
eval batch 10/50
eval batch 15/50
eval batch 20/50
eval batch 25/50
eval batch 30/50
eval batch 35/50
eval batch 40/50
eval batch 45/50
eval step 2000 | loss 7.7924 | ppl 2422.14
[1;34mwandb[0m: 
[1;34mwandb[0m: You can sync this run to the cloud by running:
[1;34mwandb[0m: [1mwandb sync /Users/zimmerzhao/ENA-AAH-v2/wandb/offline-run-20260204_220139-6btg2tjg[0m
[1;34mwandb[0m: Find logs at: [1;35mwandb/offline-run-20260204_220139-6btg2tjg/logs[0m
