nohup: ignoring input
Token indices sequence length is longer than the specified maximum sequence length for this model (2428601 > 1024). Running this sequence through the model will result in indexing errors
wandb: [wandb.login()] Loaded credentials for https://api.wandb.ai from /home/zimmer/.netrc.
wandb: Currently logged in as: zimmer061310 (zimmer061310-ena) to https://api.wandb.ai. Use `wandb login --relogin` to force relogin
wandb: setting up run s31h863c
wandb: Tracking run with wandb version 0.24.2
wandb: Run data is saved locally in /home/zimmer/Ena-AAH-v3/wandb/run-20260211_002609-s31h863c
wandb: Run `wandb offline` to turn off syncing.
wandb: Syncing run baseline-10k-wt2
wandb: ⭐️ View project at https://wandb.ai/zimmer061310-ena/ENA-AAH
wandb: 🚀 View run at https://wandb.ai/zimmer061310-ena/ENA-AAH/runs/s31h863c
/home/zimmer/Ena-AAH-v3/src/data.py:20: UserWarning: To copy construct from a tensor, it is recommended to use sourceTensor.detach().clone() or sourceTensor.detach().clone().requires_grad_(True), rather than torch.tensor(sourceTensor).
  x = torch.tensor(chunk[:-1], dtype=torch.long)
/home/zimmer/Ena-AAH-v3/src/data.py:21: UserWarning: To copy construct from a tensor, it is recommended to use sourceTensor.detach().clone() or sourceTensor.detach().clone().requires_grad_(True), rather than torch.tensor(sourceTensor).
  y = torch.tensor(chunk[1:], dtype=torch.long)
/home/zimmer/Ena-AAH-v3/src/data.py:20: UserWarning: To copy construct from a tensor, it is recommended to use sourceTensor.detach().clone() or sourceTensor.detach().clone().requires_grad_(True), rather than torch.tensor(sourceTensor).
  x = torch.tensor(chunk[:-1], dtype=torch.long)
/home/zimmer/Ena-AAH-v3/src/data.py:21: UserWarning: To copy construct from a tensor, it is recommended to use sourceTensor.detach().clone() or sourceTensor.detach().clone().requires_grad_(True), rather than torch.tensor(sourceTensor).
  y = torch.tensor(chunk[1:], dtype=torch.long)
step 50 | loss 51.1149 | tok/s 21627.5 | attn_elems 16777216 | attn_ratio 1.000
step 100 | loss 35.7153 | tok/s 24298.6 | attn_elems 16777216 | attn_ratio 1.000
step 150 | loss 27.3564 | tok/s 28218.0 | attn_elems 16777216 | attn_ratio 1.000
step 200 | loss 22.2580 | tok/s 28513.0 | attn_elems 16777216 | attn_ratio 1.000
step 250 | loss 18.8614 | tok/s 28509.8 | attn_elems 16777216 | attn_ratio 1.000
step 300 | loss 16.4127 | tok/s 28523.9 | attn_elems 16777216 | attn_ratio 1.000
step 350 | loss 14.7997 | tok/s 24567.3 | attn_elems 16777216 | attn_ratio 1.000
step 400 | loss 13.5528 | tok/s 28537.5 | attn_elems 16777216 | attn_ratio 1.000
step 450 | loss 12.7545 | tok/s 28547.8 | attn_elems 16777216 | attn_ratio 1.000
step 500 | loss 12.2408 | tok/s 28544.5 | attn_elems 16777216 | attn_ratio 1.000
/home/zimmer/Ena-AAH-v3/src/data.py:20: UserWarning: To copy construct from a tensor, it is recommended to use sourceTensor.detach().clone() or sourceTensor.detach().clone().requires_grad_(True), rather than torch.tensor(sourceTensor).
  x = torch.tensor(chunk[:-1], dtype=torch.long)
/home/zimmer/Ena-AAH-v3/src/data.py:21: UserWarning: To copy construct from a tensor, it is recommended to use sourceTensor.detach().clone() or sourceTensor.detach().clone().requires_grad_(True), rather than torch.tensor(sourceTensor).
  y = torch.tensor(chunk[1:], dtype=torch.long)
/home/zimmer/Ena-AAH-v3/src/data.py:20: UserWarning: To copy construct from a tensor, it is recommended to use sourceTensor.detach().clone() or sourceTensor.detach().clone().requires_grad_(True), rather than torch.tensor(sourceTensor).
  x = torch.tensor(chunk[:-1], dtype=torch.long)
/home/zimmer/Ena-AAH-v3/src/data.py:21: UserWarning: To copy construct from a tensor, it is recommended to use sourceTensor.detach().clone() or sourceTensor.detach().clone().requires_grad_(True), rather than torch.tensor(sourceTensor).
  y = torch.tensor(chunk[1:], dtype=torch.long)
eval batch 0/50
eval batch 5/50
eval batch 10/50
eval batch 15/50
eval batch 20/50
eval batch 25/50
eval batch 30/50
eval batch 35/50
eval batch 40/50
eval batch 45/50
eval step 500 | loss 10.4995 | ppl 36298.68
step 550 | loss 11.4302 | tok/s 17032.0 | attn_elems 16777216 | attn_ratio 1.000
/home/zimmer/Ena-AAH-v3/src/data.py:20: UserWarning: To copy construct from a tensor, it is recommended to use sourceTensor.detach().clone() or sourceTensor.detach().clone().requires_grad_(True), rather than torch.tensor(sourceTensor).
  x = torch.tensor(chunk[:-1], dtype=torch.long)
/home/zimmer/Ena-AAH-v3/src/data.py:21: UserWarning: To copy construct from a tensor, it is recommended to use sourceTensor.detach().clone() or sourceTensor.detach().clone().requires_grad_(True), rather than torch.tensor(sourceTensor).
  y = torch.tensor(chunk[1:], dtype=torch.long)
/home/zimmer/Ena-AAH-v3/src/data.py:20: UserWarning: To copy construct from a tensor, it is recommended to use sourceTensor.detach().clone() or sourceTensor.detach().clone().requires_grad_(True), rather than torch.tensor(sourceTensor).
  x = torch.tensor(chunk[:-1], dtype=torch.long)
/home/zimmer/Ena-AAH-v3/src/data.py:21: UserWarning: To copy construct from a tensor, it is recommended to use sourceTensor.detach().clone() or sourceTensor.detach().clone().requires_grad_(True), rather than torch.tensor(sourceTensor).
  y = torch.tensor(chunk[1:], dtype=torch.long)
step 600 | loss 11.1839 | tok/s 28436.5 | attn_elems 16777216 | attn_ratio 1.000
step 650 | loss 10.6110 | tok/s 28559.7 | attn_elems 16777216 | attn_ratio 1.000
step 700 | loss 9.9998 | tok/s 28518.6 | attn_elems 16777216 | attn_ratio 1.000
step 750 | loss 9.8938 | tok/s 24325.7 | attn_elems 16777216 | attn_ratio 1.000
step 800 | loss 10.1047 | tok/s 28509.9 | attn_elems 16777216 | attn_ratio 1.000
step 850 | loss 9.4233 | tok/s 28564.3 | attn_elems 16777216 | attn_ratio 1.000
step 900 | loss 9.8082 | tok/s 28595.7 | attn_elems 16777216 | attn_ratio 1.000
step 950 | loss 9.4056 | tok/s 28530.4 | attn_elems 16777216 | attn_ratio 1.000
step 1000 | loss 9.2998 | tok/s 24313.9 | attn_elems 16777216 | attn_ratio 1.000
/home/zimmer/Ena-AAH-v3/src/data.py:20: UserWarning: To copy construct from a tensor, it is recommended to use sourceTensor.detach().clone() or sourceTensor.detach().clone().requires_grad_(True), rather than torch.tensor(sourceTensor).
  x = torch.tensor(chunk[:-1], dtype=torch.long)
/home/zimmer/Ena-AAH-v3/src/data.py:21: UserWarning: To copy construct from a tensor, it is recommended to use sourceTensor.detach().clone() or sourceTensor.detach().clone().requires_grad_(True), rather than torch.tensor(sourceTensor).
  y = torch.tensor(chunk[1:], dtype=torch.long)
/home/zimmer/Ena-AAH-v3/src/data.py:20: UserWarning: To copy construct from a tensor, it is recommended to use sourceTensor.detach().clone() or sourceTensor.detach().clone().requires_grad_(True), rather than torch.tensor(sourceTensor).
  x = torch.tensor(chunk[:-1], dtype=torch.long)
/home/zimmer/Ena-AAH-v3/src/data.py:21: UserWarning: To copy construct from a tensor, it is recommended to use sourceTensor.detach().clone() or sourceTensor.detach().clone().requires_grad_(True), rather than torch.tensor(sourceTensor).
  y = torch.tensor(chunk[1:], dtype=torch.long)
eval batch 0/50
eval batch 5/50
eval batch 10/50
eval batch 15/50
eval batch 20/50
eval batch 25/50
eval batch 30/50
eval batch 35/50
eval batch 40/50
eval batch 45/50
eval step 1000 | loss 7.9620 | ppl 2869.86
step 1050 | loss 9.1298 | tok/s 18920.4 | attn_elems 16777216 | attn_ratio 1.000
step 1100 | loss 9.1694 | tok/s 28520.2 | attn_elems 16777216 | attn_ratio 1.000
step 1150 | loss 9.1891 | tok/s 28284.2 | attn_elems 16777216 | attn_ratio 1.000
/home/zimmer/Ena-AAH-v3/src/data.py:20: UserWarning: To copy construct from a tensor, it is recommended to use sourceTensor.detach().clone() or sourceTensor.detach().clone().requires_grad_(True), rather than torch.tensor(sourceTensor).
  x = torch.tensor(chunk[:-1], dtype=torch.long)
/home/zimmer/Ena-AAH-v3/src/data.py:21: UserWarning: To copy construct from a tensor, it is recommended to use sourceTensor.detach().clone() or sourceTensor.detach().clone().requires_grad_(True), rather than torch.tensor(sourceTensor).
  y = torch.tensor(chunk[1:], dtype=torch.long)
/home/zimmer/Ena-AAH-v3/src/data.py:20: UserWarning: To copy construct from a tensor, it is recommended to use sourceTensor.detach().clone() or sourceTensor.detach().clone().requires_grad_(True), rather than torch.tensor(sourceTensor).
  x = torch.tensor(chunk[:-1], dtype=torch.long)
/home/zimmer/Ena-AAH-v3/src/data.py:21: UserWarning: To copy construct from a tensor, it is recommended to use sourceTensor.detach().clone() or sourceTensor.detach().clone().requires_grad_(True), rather than torch.tensor(sourceTensor).
  y = torch.tensor(chunk[1:], dtype=torch.long)
step 1200 | loss 8.7839 | tok/s 24202.7 | attn_elems 16777216 | attn_ratio 1.000
step 1250 | loss 8.5703 | tok/s 28497.5 | attn_elems 16777216 | attn_ratio 1.000
step 1300 | loss 9.1035 | tok/s 28781.1 | attn_elems 16777216 | attn_ratio 1.000
step 1350 | loss 8.4571 | tok/s 28740.5 | attn_elems 16777216 | attn_ratio 1.000
step 1400 | loss 8.5057 | tok/s 24499.7 | attn_elems 16777216 | attn_ratio 1.000
step 1450 | loss 8.0005 | tok/s 28666.2 | attn_elems 16777216 | attn_ratio 1.000
step 1500 | loss 8.2407 | tok/s 28743.9 | attn_elems 16777216 | attn_ratio 1.000
/home/zimmer/Ena-AAH-v3/src/data.py:20: UserWarning: To copy construct from a tensor, it is recommended to use sourceTensor.detach().clone() or sourceTensor.detach().clone().requires_grad_(True), rather than torch.tensor(sourceTensor).
  x = torch.tensor(chunk[:-1], dtype=torch.long)
/home/zimmer/Ena-AAH-v3/src/data.py:21: UserWarning: To copy construct from a tensor, it is recommended to use sourceTensor.detach().clone() or sourceTensor.detach().clone().requires_grad_(True), rather than torch.tensor(sourceTensor).
  y = torch.tensor(chunk[1:], dtype=torch.long)
/home/zimmer/Ena-AAH-v3/src/data.py:20: UserWarning: To copy construct from a tensor, it is recommended to use sourceTensor.detach().clone() or sourceTensor.detach().clone().requires_grad_(True), rather than torch.tensor(sourceTensor).
  x = torch.tensor(chunk[:-1], dtype=torch.long)
/home/zimmer/Ena-AAH-v3/src/data.py:21: UserWarning: To copy construct from a tensor, it is recommended to use sourceTensor.detach().clone() or sourceTensor.detach().clone().requires_grad_(True), rather than torch.tensor(sourceTensor).
  y = torch.tensor(chunk[1:], dtype=torch.long)
eval batch 0/50
eval batch 5/50
eval batch 10/50
eval batch 15/50
eval batch 20/50
eval batch 25/50
eval batch 30/50
eval batch 35/50
eval batch 40/50
eval batch 45/50
eval step 1500 | loss 7.3704 | ppl 1588.22
step 1550 | loss 8.2501 | tok/s 19072.7 | attn_elems 16777216 | attn_ratio 1.000
step 1600 | loss 8.2131 | tok/s 24522.0 | attn_elems 16777216 | attn_ratio 1.000
step 1650 | loss 8.3069 | tok/s 28702.7 | attn_elems 16777216 | attn_ratio 1.000
step 1700 | loss 8.3528 | tok/s 28734.9 | attn_elems 16777216 | attn_ratio 1.000
step 1750 | loss 8.1215 | tok/s 28767.4 | attn_elems 16777216 | attn_ratio 1.000
/home/zimmer/Ena-AAH-v3/src/data.py:20: UserWarning: To copy construct from a tensor, it is recommended to use sourceTensor.detach().clone() or sourceTensor.detach().clone().requires_grad_(True), rather than torch.tensor(sourceTensor).
  x = torch.tensor(chunk[:-1], dtype=torch.long)
/home/zimmer/Ena-AAH-v3/src/data.py:21: UserWarning: To copy construct from a tensor, it is recommended to use sourceTensor.detach().clone() or sourceTensor.detach().clone().requires_grad_(True), rather than torch.tensor(sourceTensor).
  y = torch.tensor(chunk[1:], dtype=torch.long)
/home/zimmer/Ena-AAH-v3/src/data.py:20: UserWarning: To copy construct from a tensor, it is recommended to use sourceTensor.detach().clone() or sourceTensor.detach().clone().requires_grad_(True), rather than torch.tensor(sourceTensor).
  x = torch.tensor(chunk[:-1], dtype=torch.long)
/home/zimmer/Ena-AAH-v3/src/data.py:21: UserWarning: To copy construct from a tensor, it is recommended to use sourceTensor.detach().clone() or sourceTensor.detach().clone().requires_grad_(True), rather than torch.tensor(sourceTensor).
  y = torch.tensor(chunk[1:], dtype=torch.long)
step 1800 | loss 8.0848 | tok/s 28659.2 | attn_elems 16777216 | attn_ratio 1.000
step 1850 | loss 8.0505 | tok/s 24410.4 | attn_elems 16777216 | attn_ratio 1.000
step 1900 | loss 7.9177 | tok/s 28700.7 | attn_elems 16777216 | attn_ratio 1.000
step 1950 | loss 7.8057 | tok/s 28653.3 | attn_elems 16777216 | attn_ratio 1.000
step 2000 | loss 8.0203 | tok/s 28688.0 | attn_elems 16777216 | attn_ratio 1.000
/home/zimmer/Ena-AAH-v3/src/data.py:20: UserWarning: To copy construct from a tensor, it is recommended to use sourceTensor.detach().clone() or sourceTensor.detach().clone().requires_grad_(True), rather than torch.tensor(sourceTensor).
  x = torch.tensor(chunk[:-1], dtype=torch.long)
/home/zimmer/Ena-AAH-v3/src/data.py:21: UserWarning: To copy construct from a tensor, it is recommended to use sourceTensor.detach().clone() or sourceTensor.detach().clone().requires_grad_(True), rather than torch.tensor(sourceTensor).
  y = torch.tensor(chunk[1:], dtype=torch.long)
/home/zimmer/Ena-AAH-v3/src/data.py:20: UserWarning: To copy construct from a tensor, it is recommended to use sourceTensor.detach().clone() or sourceTensor.detach().clone().requires_grad_(True), rather than torch.tensor(sourceTensor).
  x = torch.tensor(chunk[:-1], dtype=torch.long)
/home/zimmer/Ena-AAH-v3/src/data.py:21: UserWarning: To copy construct from a tensor, it is recommended to use sourceTensor.detach().clone() or sourceTensor.detach().clone().requires_grad_(True), rather than torch.tensor(sourceTensor).
  y = torch.tensor(chunk[1:], dtype=torch.long)
eval batch 0/50
eval batch 5/50
eval batch 10/50
eval batch 15/50
eval batch 20/50
eval batch 25/50
eval batch 30/50
eval batch 35/50
eval batch 40/50
eval batch 45/50
eval step 2000 | loss 7.1315 | ppl 1250.78
step 2050 | loss 8.0963 | tok/s 17119.7 | attn_elems 16777216 | attn_ratio 1.000
step 2100 | loss 8.0285 | tok/s 28811.0 | attn_elems 16777216 | attn_ratio 1.000
step 2150 | loss 7.9213 | tok/s 28856.6 | attn_elems 16777216 | attn_ratio 1.000
step 2200 | loss 7.9350 | tok/s 28778.2 | attn_elems 16777216 | attn_ratio 1.000
step 2250 | loss 7.8296 | tok/s 24452.0 | attn_elems 16777216 | attn_ratio 1.000
step 2300 | loss 7.7791 | tok/s 28770.5 | attn_elems 16777216 | attn_ratio 1.000
step 2350 | loss 7.5799 | tok/s 28985.4 | attn_elems 16777216 | attn_ratio 1.000
/home/zimmer/Ena-AAH-v3/src/data.py:20: UserWarning: To copy construct from a tensor, it is recommended to use sourceTensor.detach().clone() or sourceTensor.detach().clone().requires_grad_(True), rather than torch.tensor(sourceTensor).
  x = torch.tensor(chunk[:-1], dtype=torch.long)
/home/zimmer/Ena-AAH-v3/src/data.py:21: UserWarning: To copy construct from a tensor, it is recommended to use sourceTensor.detach().clone() or sourceTensor.detach().clone().requires_grad_(True), rather than torch.tensor(sourceTensor).
  y = torch.tensor(chunk[1:], dtype=torch.long)
/home/zimmer/Ena-AAH-v3/src/data.py:20: UserWarning: To copy construct from a tensor, it is recommended to use sourceTensor.detach().clone() or sourceTensor.detach().clone().requires_grad_(True), rather than torch.tensor(sourceTensor).
  x = torch.tensor(chunk[:-1], dtype=torch.long)
/home/zimmer/Ena-AAH-v3/src/data.py:21: UserWarning: To copy construct from a tensor, it is recommended to use sourceTensor.detach().clone() or sourceTensor.detach().clone().requires_grad_(True), rather than torch.tensor(sourceTensor).
  y = torch.tensor(chunk[1:], dtype=torch.long)
step 2400 | loss 7.6982 | tok/s 28501.4 | attn_elems 16777216 | attn_ratio 1.000
step 2450 | loss 7.6749 | tok/s 28471.3 | attn_elems 16777216 | attn_ratio 1.000
step 2500 | loss 7.7828 | tok/s 28460.1 | attn_elems 16777216 | attn_ratio 1.000
/home/zimmer/Ena-AAH-v3/src/data.py:20: UserWarning: To copy construct from a tensor, it is recommended to use sourceTensor.detach().clone() or sourceTensor.detach().clone().requires_grad_(True), rather than torch.tensor(sourceTensor).
  x = torch.tensor(chunk[:-1], dtype=torch.long)
/home/zimmer/Ena-AAH-v3/src/data.py:21: UserWarning: To copy construct from a tensor, it is recommended to use sourceTensor.detach().clone() or sourceTensor.detach().clone().requires_grad_(True), rather than torch.tensor(sourceTensor).
  y = torch.tensor(chunk[1:], dtype=torch.long)
/home/zimmer/Ena-AAH-v3/src/data.py:20: UserWarning: To copy construct from a tensor, it is recommended to use sourceTensor.detach().clone() or sourceTensor.detach().clone().requires_grad_(True), rather than torch.tensor(sourceTensor).
  x = torch.tensor(chunk[:-1], dtype=torch.long)
/home/zimmer/Ena-AAH-v3/src/data.py:21: UserWarning: To copy construct from a tensor, it is recommended to use sourceTensor.detach().clone() or sourceTensor.detach().clone().requires_grad_(True), rather than torch.tensor(sourceTensor).
  y = torch.tensor(chunk[1:], dtype=torch.long)
eval batch 0/50
eval batch 5/50
eval batch 10/50
eval batch 15/50
eval batch 20/50
eval batch 25/50
eval batch 30/50
eval batch 35/50
eval batch 40/50
eval batch 45/50
eval step 2500 | loss 7.0400 | ppl 1141.37
step 2550 | loss 7.5239 | tok/s 19223.8 | attn_elems 16777216 | attn_ratio 1.000
step 2600 | loss 7.3923 | tok/s 28766.7 | attn_elems 16777216 | attn_ratio 1.000
step 2650 | loss 7.5181 | tok/s 24012.5 | attn_elems 16777216 | attn_ratio 1.000
step 2700 | loss 7.4729 | tok/s 28621.7 | attn_elems 16777216 | attn_ratio 1.000
step 2750 | loss 7.4131 | tok/s 29384.6 | attn_elems 16777216 | attn_ratio 1.000
step 2800 | loss 7.5002 | tok/s 28393.7 | attn_elems 16777216 | attn_ratio 1.000
step 2850 | loss 7.4981 | tok/s 28332.2 | attn_elems 16777216 | attn_ratio 1.000
step 2900 | loss 7.5052 | tok/s 23589.2 | attn_elems 16777216 | attn_ratio 1.000
step 2950 | loss 7.5971 | tok/s 28816.7 | attn_elems 16777216 | attn_ratio 1.000
/home/zimmer/Ena-AAH-v3/src/data.py:20: UserWarning: To copy construct from a tensor, it is recommended to use sourceTensor.detach().clone() or sourceTensor.detach().clone().requires_grad_(True), rather than torch.tensor(sourceTensor).
  x = torch.tensor(chunk[:-1], dtype=torch.long)
/home/zimmer/Ena-AAH-v3/src/data.py:21: UserWarning: To copy construct from a tensor, it is recommended to use sourceTensor.detach().clone() or sourceTensor.detach().clone().requires_grad_(True), rather than torch.tensor(sourceTensor).
  y = torch.tensor(chunk[1:], dtype=torch.long)
/home/zimmer/Ena-AAH-v3/src/data.py:20: UserWarning: To copy construct from a tensor, it is recommended to use sourceTensor.detach().clone() or sourceTensor.detach().clone().requires_grad_(True), rather than torch.tensor(sourceTensor).
  x = torch.tensor(chunk[:-1], dtype=torch.long)
/home/zimmer/Ena-AAH-v3/src/data.py:21: UserWarning: To copy construct from a tensor, it is recommended to use sourceTensor.detach().clone() or sourceTensor.detach().clone().requires_grad_(True), rather than torch.tensor(sourceTensor).
  y = torch.tensor(chunk[1:], dtype=torch.long)
step 3000 | loss 7.4269 | tok/s 28495.2 | attn_elems 16777216 | attn_ratio 1.000
/home/zimmer/Ena-AAH-v3/src/data.py:20: UserWarning: To copy construct from a tensor, it is recommended to use sourceTensor.detach().clone() or sourceTensor.detach().clone().requires_grad_(True), rather than torch.tensor(sourceTensor).
  x = torch.tensor(chunk[:-1], dtype=torch.long)
/home/zimmer/Ena-AAH-v3/src/data.py:21: UserWarning: To copy construct from a tensor, it is recommended to use sourceTensor.detach().clone() or sourceTensor.detach().clone().requires_grad_(True), rather than torch.tensor(sourceTensor).
  y = torch.tensor(chunk[1:], dtype=torch.long)
/home/zimmer/Ena-AAH-v3/src/data.py:20: UserWarning: To copy construct from a tensor, it is recommended to use sourceTensor.detach().clone() or sourceTensor.detach().clone().requires_grad_(True), rather than torch.tensor(sourceTensor).
  x = torch.tensor(chunk[:-1], dtype=torch.long)
/home/zimmer/Ena-AAH-v3/src/data.py:21: UserWarning: To copy construct from a tensor, it is recommended to use sourceTensor.detach().clone() or sourceTensor.detach().clone().requires_grad_(True), rather than torch.tensor(sourceTensor).
  y = torch.tensor(chunk[1:], dtype=torch.long)
eval batch 0/50
eval batch 5/50
eval batch 10/50
eval batch 15/50
eval batch 20/50
eval batch 25/50
eval batch 30/50
eval batch 35/50
eval batch 40/50
eval batch 45/50
eval step 3000 | loss 6.8994 | ppl 991.64
step 3050 | loss 7.2558 | tok/s 19024.0 | attn_elems 16777216 | attn_ratio 1.000
step 3100 | loss 7.1137 | tok/s 23865.8 | attn_elems 16777216 | attn_ratio 1.000
step 3150 | loss 7.1849 | tok/s 29810.0 | attn_elems 16777216 | attn_ratio 1.000
step 3200 | loss 7.2118 | tok/s 28725.0 | attn_elems 16777216 | attn_ratio 1.000
step 3250 | loss 7.3163 | tok/s 28582.6 | attn_elems 16777216 | attn_ratio 1.000
step 3300 | loss 7.1783 | tok/s 23425.4 | attn_elems 16777216 | attn_ratio 1.000
step 3350 | loss 7.1324 | tok/s 28793.2 | attn_elems 16777216 | attn_ratio 1.000
step 3400 | loss 6.9182 | tok/s 29451.8 | attn_elems 16777216 | attn_ratio 1.000
step 3450 | loss 7.1934 | tok/s 29445.5 | attn_elems 16777216 | attn_ratio 1.000
step 3500 | loss 7.0786 | tok/s 28684.4 | attn_elems 16777216 | attn_ratio 1.000
/home/zimmer/Ena-AAH-v3/src/data.py:20: UserWarning: To copy construct from a tensor, it is recommended to use sourceTensor.detach().clone() or sourceTensor.detach().clone().requires_grad_(True), rather than torch.tensor(sourceTensor).
  x = torch.tensor(chunk[:-1], dtype=torch.long)
/home/zimmer/Ena-AAH-v3/src/data.py:21: UserWarning: To copy construct from a tensor, it is recommended to use sourceTensor.detach().clone() or sourceTensor.detach().clone().requires_grad_(True), rather than torch.tensor(sourceTensor).
  y = torch.tensor(chunk[1:], dtype=torch.long)
/home/zimmer/Ena-AAH-v3/src/data.py:20: UserWarning: To copy construct from a tensor, it is recommended to use sourceTensor.detach().clone() or sourceTensor.detach().clone().requires_grad_(True), rather than torch.tensor(sourceTensor).
  x = torch.tensor(chunk[:-1], dtype=torch.long)
/home/zimmer/Ena-AAH-v3/src/data.py:21: UserWarning: To copy construct from a tensor, it is recommended to use sourceTensor.detach().clone() or sourceTensor.detach().clone().requires_grad_(True), rather than torch.tensor(sourceTensor).
  y = torch.tensor(chunk[1:], dtype=torch.long)
eval batch 0/50
eval batch 5/50
eval batch 10/50
eval batch 15/50
eval batch 20/50
eval batch 25/50
eval batch 30/50
eval batch 35/50
eval batch 40/50
eval batch 45/50
eval step 3500 | loss 6.8170 | ppl 913.22
step 3550 | loss 6.9165 | tok/s 16623.0 | attn_elems 16777216 | attn_ratio 1.000
/home/zimmer/Ena-AAH-v3/src/data.py:20: UserWarning: To copy construct from a tensor, it is recommended to use sourceTensor.detach().clone() or sourceTensor.detach().clone().requires_grad_(True), rather than torch.tensor(sourceTensor).
  x = torch.tensor(chunk[:-1], dtype=torch.long)
/home/zimmer/Ena-AAH-v3/src/data.py:21: UserWarning: To copy construct from a tensor, it is recommended to use sourceTensor.detach().clone() or sourceTensor.detach().clone().requires_grad_(True), rather than torch.tensor(sourceTensor).
  y = torch.tensor(chunk[1:], dtype=torch.long)
/home/zimmer/Ena-AAH-v3/src/data.py:20: UserWarning: To copy construct from a tensor, it is recommended to use sourceTensor.detach().clone() or sourceTensor.detach().clone().requires_grad_(True), rather than torch.tensor(sourceTensor).
  x = torch.tensor(chunk[:-1], dtype=torch.long)
/home/zimmer/Ena-AAH-v3/src/data.py:21: UserWarning: To copy construct from a tensor, it is recommended to use sourceTensor.detach().clone() or sourceTensor.detach().clone().requires_grad_(True), rather than torch.tensor(sourceTensor).
  y = torch.tensor(chunk[1:], dtype=torch.long)
step 3600 | loss 6.9796 | tok/s 29534.3 | attn_elems 16777216 | attn_ratio 1.000
step 3650 | loss 7.1014 | tok/s 29496.7 | attn_elems 16777216 | attn_ratio 1.000
step 3700 | loss 6.8343 | tok/s 28745.6 | attn_elems 16777216 | attn_ratio 1.000
step 3750 | loss 6.9873 | tok/s 22028.4 | attn_elems 16777216 | attn_ratio 1.000
step 3800 | loss 6.8944 | tok/s 30236.8 | attn_elems 16777216 | attn_ratio 1.000
step 3850 | loss 6.8545 | tok/s 30610.4 | attn_elems 16777216 | attn_ratio 1.000
step 3900 | loss 6.8902 | tok/s 29501.5 | attn_elems 16777216 | attn_ratio 1.000
step 3950 | loss 6.9105 | tok/s 28249.8 | attn_elems 16777216 | attn_ratio 1.000
step 4000 | loss 6.8415 | tok/s 23250.7 | attn_elems 16777216 | attn_ratio 1.000
/home/zimmer/Ena-AAH-v3/src/data.py:20: UserWarning: To copy construct from a tensor, it is recommended to use sourceTensor.detach().clone() or sourceTensor.detach().clone().requires_grad_(True), rather than torch.tensor(sourceTensor).
  x = torch.tensor(chunk[:-1], dtype=torch.long)
/home/zimmer/Ena-AAH-v3/src/data.py:21: UserWarning: To copy construct from a tensor, it is recommended to use sourceTensor.detach().clone() or sourceTensor.detach().clone().requires_grad_(True), rather than torch.tensor(sourceTensor).
  y = torch.tensor(chunk[1:], dtype=torch.long)
/home/zimmer/Ena-AAH-v3/src/data.py:20: UserWarning: To copy construct from a tensor, it is recommended to use sourceTensor.detach().clone() or sourceTensor.detach().clone().requires_grad_(True), rather than torch.tensor(sourceTensor).
  x = torch.tensor(chunk[:-1], dtype=torch.long)
/home/zimmer/Ena-AAH-v3/src/data.py:21: UserWarning: To copy construct from a tensor, it is recommended to use sourceTensor.detach().clone() or sourceTensor.detach().clone().requires_grad_(True), rather than torch.tensor(sourceTensor).
  y = torch.tensor(chunk[1:], dtype=torch.long)
eval batch 0/50
eval batch 5/50
eval batch 10/50
eval batch 15/50
eval batch 20/50
eval batch 25/50
eval batch 30/50
eval batch 35/50
eval batch 40/50
eval batch 45/50
eval step 4000 | loss 6.7629 | ppl 865.16
step 4050 | loss 6.8820 | tok/s 19234.2 | attn_elems 16777216 | attn_ratio 1.000
step 4100 | loss 6.9274 | tok/s 29125.2 | attn_elems 16777216 | attn_ratio 1.000
/home/zimmer/Ena-AAH-v3/src/data.py:20: UserWarning: To copy construct from a tensor, it is recommended to use sourceTensor.detach().clone() or sourceTensor.detach().clone().requires_grad_(True), rather than torch.tensor(sourceTensor).
  x = torch.tensor(chunk[:-1], dtype=torch.long)
/home/zimmer/Ena-AAH-v3/src/data.py:21: UserWarning: To copy construct from a tensor, it is recommended to use sourceTensor.detach().clone() or sourceTensor.detach().clone().requires_grad_(True), rather than torch.tensor(sourceTensor).
  y = torch.tensor(chunk[1:], dtype=torch.long)
/home/zimmer/Ena-AAH-v3/src/data.py:20: UserWarning: To copy construct from a tensor, it is recommended to use sourceTensor.detach().clone() or sourceTensor.detach().clone().requires_grad_(True), rather than torch.tensor(sourceTensor).
  x = torch.tensor(chunk[:-1], dtype=torch.long)
/home/zimmer/Ena-AAH-v3/src/data.py:21: UserWarning: To copy construct from a tensor, it is recommended to use sourceTensor.detach().clone() or sourceTensor.detach().clone().requires_grad_(True), rather than torch.tensor(sourceTensor).
  y = torch.tensor(chunk[1:], dtype=torch.long)
step 4150 | loss 6.8543 | tok/s 28884.8 | attn_elems 16777216 | attn_ratio 1.000
step 4200 | loss 6.8631 | tok/s 24121.2 | attn_elems 16777216 | attn_ratio 1.000
step 4250 | loss 6.8147 | tok/s 28710.2 | attn_elems 16777216 | attn_ratio 1.000
step 4300 | loss 6.8355 | tok/s 28861.0 | attn_elems 16777216 | attn_ratio 1.000
step 4350 | loss 6.9811 | tok/s 28728.6 | attn_elems 16777216 | attn_ratio 1.000
step 4400 | loss 6.8660 | tok/s 23952.1 | attn_elems 16777216 | attn_ratio 1.000
step 4450 | loss 6.7535 | tok/s 28752.4 | attn_elems 16777216 | attn_ratio 1.000
step 4500 | loss 6.6885 | tok/s 28120.5 | attn_elems 16777216 | attn_ratio 1.000
/home/zimmer/Ena-AAH-v3/src/data.py:20: UserWarning: To copy construct from a tensor, it is recommended to use sourceTensor.detach().clone() or sourceTensor.detach().clone().requires_grad_(True), rather than torch.tensor(sourceTensor).
  x = torch.tensor(chunk[:-1], dtype=torch.long)
/home/zimmer/Ena-AAH-v3/src/data.py:21: UserWarning: To copy construct from a tensor, it is recommended to use sourceTensor.detach().clone() or sourceTensor.detach().clone().requires_grad_(True), rather than torch.tensor(sourceTensor).
  y = torch.tensor(chunk[1:], dtype=torch.long)
/home/zimmer/Ena-AAH-v3/src/data.py:20: UserWarning: To copy construct from a tensor, it is recommended to use sourceTensor.detach().clone() or sourceTensor.detach().clone().requires_grad_(True), rather than torch.tensor(sourceTensor).
  x = torch.tensor(chunk[:-1], dtype=torch.long)
/home/zimmer/Ena-AAH-v3/src/data.py:21: UserWarning: To copy construct from a tensor, it is recommended to use sourceTensor.detach().clone() or sourceTensor.detach().clone().requires_grad_(True), rather than torch.tensor(sourceTensor).
  y = torch.tensor(chunk[1:], dtype=torch.long)
eval batch 0/50
eval batch 5/50
eval batch 10/50
eval batch 15/50
eval batch 20/50
eval batch 25/50
eval batch 30/50
eval batch 35/50
eval batch 40/50
eval batch 45/50
eval step 4500 | loss 6.7182 | ppl 827.29
step 4550 | loss 6.7306 | tok/s 18978.6 | attn_elems 16777216 | attn_ratio 1.000
step 4600 | loss 6.7420 | tok/s 23794.6 | attn_elems 16777216 | attn_ratio 1.000
step 4650 | loss 6.7919 | tok/s 28599.8 | attn_elems 16777216 | attn_ratio 1.000
step 4700 | loss 6.7755 | tok/s 28775.1 | attn_elems 16777216 | attn_ratio 1.000
/home/zimmer/Ena-AAH-v3/src/data.py:20: UserWarning: To copy construct from a tensor, it is recommended to use sourceTensor.detach().clone() or sourceTensor.detach().clone().requires_grad_(True), rather than torch.tensor(sourceTensor).
  x = torch.tensor(chunk[:-1], dtype=torch.long)
/home/zimmer/Ena-AAH-v3/src/data.py:21: UserWarning: To copy construct from a tensor, it is recommended to use sourceTensor.detach().clone() or sourceTensor.detach().clone().requires_grad_(True), rather than torch.tensor(sourceTensor).
  y = torch.tensor(chunk[1:], dtype=torch.long)
/home/zimmer/Ena-AAH-v3/src/data.py:20: UserWarning: To copy construct from a tensor, it is recommended to use sourceTensor.detach().clone() or sourceTensor.detach().clone().requires_grad_(True), rather than torch.tensor(sourceTensor).
  x = torch.tensor(chunk[:-1], dtype=torch.long)
/home/zimmer/Ena-AAH-v3/src/data.py:21: UserWarning: To copy construct from a tensor, it is recommended to use sourceTensor.detach().clone() or sourceTensor.detach().clone().requires_grad_(True), rather than torch.tensor(sourceTensor).
  y = torch.tensor(chunk[1:], dtype=torch.long)
step 4750 | loss 6.7291 | tok/s 28486.0 | attn_elems 16777216 | attn_ratio 1.000
step 4800 | loss 6.6908 | tok/s 28853.3 | attn_elems 16777216 | attn_ratio 1.000
step 4850 | loss 6.8102 | tok/s 22485.9 | attn_elems 16777216 | attn_ratio 1.000
step 4900 | loss 6.5451 | tok/s 28976.1 | attn_elems 16777216 | attn_ratio 1.000
step 4950 | loss 6.6023 | tok/s 28911.0 | attn_elems 16777216 | attn_ratio 1.000
step 5000 | loss 6.6987 | tok/s 28899.5 | attn_elems 16777216 | attn_ratio 1.000
/home/zimmer/Ena-AAH-v3/src/data.py:20: UserWarning: To copy construct from a tensor, it is recommended to use sourceTensor.detach().clone() or sourceTensor.detach().clone().requires_grad_(True), rather than torch.tensor(sourceTensor).
  x = torch.tensor(chunk[:-1], dtype=torch.long)
/home/zimmer/Ena-AAH-v3/src/data.py:21: UserWarning: To copy construct from a tensor, it is recommended to use sourceTensor.detach().clone() or sourceTensor.detach().clone().requires_grad_(True), rather than torch.tensor(sourceTensor).
  y = torch.tensor(chunk[1:], dtype=torch.long)
/home/zimmer/Ena-AAH-v3/src/data.py:20: UserWarning: To copy construct from a tensor, it is recommended to use sourceTensor.detach().clone() or sourceTensor.detach().clone().requires_grad_(True), rather than torch.tensor(sourceTensor).
  x = torch.tensor(chunk[:-1], dtype=torch.long)
/home/zimmer/Ena-AAH-v3/src/data.py:21: UserWarning: To copy construct from a tensor, it is recommended to use sourceTensor.detach().clone() or sourceTensor.detach().clone().requires_grad_(True), rather than torch.tensor(sourceTensor).
  y = torch.tensor(chunk[1:], dtype=torch.long)
eval batch 0/50
eval batch 5/50
eval batch 10/50
eval batch 15/50
eval batch 20/50
eval batch 25/50
eval batch 30/50
eval batch 35/50
eval batch 40/50
eval batch 45/50
eval step 5000 | loss 6.6810 | ppl 797.11
step 5050 | loss 6.7555 | tok/s 17630.5 | attn_elems 16777216 | attn_ratio 1.000
step 5100 | loss 6.8835 | tok/s 28982.0 | attn_elems 16777216 | attn_ratio 1.000
step 5150 | loss 6.7870 | tok/s 28954.3 | attn_elems 16777216 | attn_ratio 1.000
step 5200 | loss 6.7215 | tok/s 28527.6 | attn_elems 16777216 | attn_ratio 1.000
step 5250 | loss 6.7947 | tok/s 23663.8 | attn_elems 16777216 | attn_ratio 1.000
step 5300 | loss 6.7704 | tok/s 28632.7 | attn_elems 16777216 | attn_ratio 1.000
/home/zimmer/Ena-AAH-v3/src/data.py:20: UserWarning: To copy construct from a tensor, it is recommended to use sourceTensor.detach().clone() or sourceTensor.detach().clone().requires_grad_(True), rather than torch.tensor(sourceTensor).
  x = torch.tensor(chunk[:-1], dtype=torch.long)
/home/zimmer/Ena-AAH-v3/src/data.py:21: UserWarning: To copy construct from a tensor, it is recommended to use sourceTensor.detach().clone() or sourceTensor.detach().clone().requires_grad_(True), rather than torch.tensor(sourceTensor).
  y = torch.tensor(chunk[1:], dtype=torch.long)
/home/zimmer/Ena-AAH-v3/src/data.py:20: UserWarning: To copy construct from a tensor, it is recommended to use sourceTensor.detach().clone() or sourceTensor.detach().clone().requires_grad_(True), rather than torch.tensor(sourceTensor).
  x = torch.tensor(chunk[:-1], dtype=torch.long)
/home/zimmer/Ena-AAH-v3/src/data.py:21: UserWarning: To copy construct from a tensor, it is recommended to use sourceTensor.detach().clone() or sourceTensor.detach().clone().requires_grad_(True), rather than torch.tensor(sourceTensor).
  y = torch.tensor(chunk[1:], dtype=torch.long)
step 5350 | loss 6.8813 | tok/s 28395.5 | attn_elems 16777216 | attn_ratio 1.000
step 5400 | loss 6.8074 | tok/s 28733.7 | attn_elems 16777216 | attn_ratio 1.000
step 5450 | loss 6.6633 | tok/s 28876.1 | attn_elems 16777216 | attn_ratio 1.000
step 5500 | loss 6.7641 | tok/s 22395.3 | attn_elems 16777216 | attn_ratio 1.000
/home/zimmer/Ena-AAH-v3/src/data.py:20: UserWarning: To copy construct from a tensor, it is recommended to use sourceTensor.detach().clone() or sourceTensor.detach().clone().requires_grad_(True), rather than torch.tensor(sourceTensor).
  x = torch.tensor(chunk[:-1], dtype=torch.long)
/home/zimmer/Ena-AAH-v3/src/data.py:21: UserWarning: To copy construct from a tensor, it is recommended to use sourceTensor.detach().clone() or sourceTensor.detach().clone().requires_grad_(True), rather than torch.tensor(sourceTensor).
  y = torch.tensor(chunk[1:], dtype=torch.long)
/home/zimmer/Ena-AAH-v3/src/data.py:20: UserWarning: To copy construct from a tensor, it is recommended to use sourceTensor.detach().clone() or sourceTensor.detach().clone().requires_grad_(True), rather than torch.tensor(sourceTensor).
  x = torch.tensor(chunk[:-1], dtype=torch.long)
/home/zimmer/Ena-AAH-v3/src/data.py:21: UserWarning: To copy construct from a tensor, it is recommended to use sourceTensor.detach().clone() or sourceTensor.detach().clone().requires_grad_(True), rather than torch.tensor(sourceTensor).
  y = torch.tensor(chunk[1:], dtype=torch.long)
eval batch 0/50
eval batch 5/50
eval batch 10/50
eval batch 15/50
eval batch 20/50
eval batch 25/50
eval batch 30/50
eval batch 35/50
eval batch 40/50
eval batch 45/50
eval step 5500 | loss 6.6466 | ppl 770.15
step 5550 | loss 6.4612 | tok/s 19124.6 | attn_elems 16777216 | attn_ratio 1.000
step 5600 | loss 6.6570 | tok/s 28891.3 | attn_elems 16777216 | attn_ratio 1.000
step 5650 | loss 6.6445 | tok/s 28763.9 | attn_elems 16777216 | attn_ratio 1.000
step 5700 | loss 6.6912 | tok/s 25480.8 | attn_elems 16777216 | attn_ratio 1.000
step 5750 | loss 6.5426 | tok/s 28733.6 | attn_elems 16777216 | attn_ratio 1.000
step 5800 | loss 6.6578 | tok/s 28817.6 | attn_elems 16777216 | attn_ratio 1.000
step 5850 | loss 6.6841 | tok/s 28743.4 | attn_elems 16777216 | attn_ratio 1.000
step 5900 | loss 6.6292 | tok/s 23781.1 | attn_elems 16777216 | attn_ratio 1.000
/home/zimmer/Ena-AAH-v3/src/data.py:20: UserWarning: To copy construct from a tensor, it is recommended to use sourceTensor.detach().clone() or sourceTensor.detach().clone().requires_grad_(True), rather than torch.tensor(sourceTensor).
  x = torch.tensor(chunk[:-1], dtype=torch.long)
/home/zimmer/Ena-AAH-v3/src/data.py:21: UserWarning: To copy construct from a tensor, it is recommended to use sourceTensor.detach().clone() or sourceTensor.detach().clone().requires_grad_(True), rather than torch.tensor(sourceTensor).
  y = torch.tensor(chunk[1:], dtype=torch.long)
/home/zimmer/Ena-AAH-v3/src/data.py:20: UserWarning: To copy construct from a tensor, it is recommended to use sourceTensor.detach().clone() or sourceTensor.detach().clone().requires_grad_(True), rather than torch.tensor(sourceTensor).
  x = torch.tensor(chunk[:-1], dtype=torch.long)
/home/zimmer/Ena-AAH-v3/src/data.py:21: UserWarning: To copy construct from a tensor, it is recommended to use sourceTensor.detach().clone() or sourceTensor.detach().clone().requires_grad_(True), rather than torch.tensor(sourceTensor).
  y = torch.tensor(chunk[1:], dtype=torch.long)
step 5950 | loss 6.9299 | tok/s 28594.3 | attn_elems 16777216 | attn_ratio 1.000
step 6000 | loss 6.7945 | tok/s 28902.2 | attn_elems 16777216 | attn_ratio 1.000
/home/zimmer/Ena-AAH-v3/src/data.py:20: UserWarning: To copy construct from a tensor, it is recommended to use sourceTensor.detach().clone() or sourceTensor.detach().clone().requires_grad_(True), rather than torch.tensor(sourceTensor).
  x = torch.tensor(chunk[:-1], dtype=torch.long)
/home/zimmer/Ena-AAH-v3/src/data.py:21: UserWarning: To copy construct from a tensor, it is recommended to use sourceTensor.detach().clone() or sourceTensor.detach().clone().requires_grad_(True), rather than torch.tensor(sourceTensor).
  y = torch.tensor(chunk[1:], dtype=torch.long)
/home/zimmer/Ena-AAH-v3/src/data.py:20: UserWarning: To copy construct from a tensor, it is recommended to use sourceTensor.detach().clone() or sourceTensor.detach().clone().requires_grad_(True), rather than torch.tensor(sourceTensor).
  x = torch.tensor(chunk[:-1], dtype=torch.long)
/home/zimmer/Ena-AAH-v3/src/data.py:21: UserWarning: To copy construct from a tensor, it is recommended to use sourceTensor.detach().clone() or sourceTensor.detach().clone().requires_grad_(True), rather than torch.tensor(sourceTensor).
  y = torch.tensor(chunk[1:], dtype=torch.long)
eval batch 0/50
eval batch 5/50
eval batch 10/50
eval batch 15/50
eval batch 20/50
eval batch 25/50
eval batch 30/50
eval batch 35/50
eval batch 40/50
eval batch 45/50
eval step 6000 | loss 6.6139 | ppl 745.35
step 6050 | loss 6.6772 | tok/s 19190.9 | attn_elems 16777216 | attn_ratio 1.000
step 6100 | loss 6.7207 | tok/s 24070.7 | attn_elems 16777216 | attn_ratio 1.000
step 6150 | loss 6.4888 | tok/s 28804.9 | attn_elems 16777216 | attn_ratio 1.000
step 6200 | loss 6.3349 | tok/s 28962.1 | attn_elems 16777216 | attn_ratio 1.000
step 6250 | loss 6.6493 | tok/s 28939.5 | attn_elems 16777216 | attn_ratio 1.000
step 6300 | loss 6.7570 | tok/s 28862.0 | attn_elems 16777216 | attn_ratio 1.000
step 6350 | loss 6.7572 | tok/s 23960.3 | attn_elems 16777216 | attn_ratio 1.000
step 6400 | loss 6.3942 | tok/s 28953.1 | attn_elems 16777216 | attn_ratio 1.000
step 6450 | loss 6.6986 | tok/s 28946.0 | attn_elems 16777216 | attn_ratio 1.000
step 6500 | loss 6.6339 | tok/s 28898.0 | attn_elems 16777216 | attn_ratio 1.000
/home/zimmer/Ena-AAH-v3/src/data.py:20: UserWarning: To copy construct from a tensor, it is recommended to use sourceTensor.detach().clone() or sourceTensor.detach().clone().requires_grad_(True), rather than torch.tensor(sourceTensor).
  x = torch.tensor(chunk[:-1], dtype=torch.long)
/home/zimmer/Ena-AAH-v3/src/data.py:21: UserWarning: To copy construct from a tensor, it is recommended to use sourceTensor.detach().clone() or sourceTensor.detach().clone().requires_grad_(True), rather than torch.tensor(sourceTensor).
  y = torch.tensor(chunk[1:], dtype=torch.long)
/home/zimmer/Ena-AAH-v3/src/data.py:20: UserWarning: To copy construct from a tensor, it is recommended to use sourceTensor.detach().clone() or sourceTensor.detach().clone().requires_grad_(True), rather than torch.tensor(sourceTensor).
  x = torch.tensor(chunk[:-1], dtype=torch.long)
/home/zimmer/Ena-AAH-v3/src/data.py:21: UserWarning: To copy construct from a tensor, it is recommended to use sourceTensor.detach().clone() or sourceTensor.detach().clone().requires_grad_(True), rather than torch.tensor(sourceTensor).
  y = torch.tensor(chunk[1:], dtype=torch.long)
eval batch 0/50
eval batch 5/50
eval batch 10/50
eval batch 15/50
eval batch 20/50
eval batch 25/50
eval batch 30/50
eval batch 35/50
eval batch 40/50
eval batch 45/50
eval step 6500 | loss 6.5897 | ppl 727.54
/home/zimmer/Ena-AAH-v3/src/data.py:20: UserWarning: To copy construct from a tensor, it is recommended to use sourceTensor.detach().clone() or sourceTensor.detach().clone().requires_grad_(True), rather than torch.tensor(sourceTensor).
  x = torch.tensor(chunk[:-1], dtype=torch.long)
/home/zimmer/Ena-AAH-v3/src/data.py:21: UserWarning: To copy construct from a tensor, it is recommended to use sourceTensor.detach().clone() or sourceTensor.detach().clone().requires_grad_(True), rather than torch.tensor(sourceTensor).
  y = torch.tensor(chunk[1:], dtype=torch.long)
/home/zimmer/Ena-AAH-v3/src/data.py:20: UserWarning: To copy construct from a tensor, it is recommended to use sourceTensor.detach().clone() or sourceTensor.detach().clone().requires_grad_(True), rather than torch.tensor(sourceTensor).
  x = torch.tensor(chunk[:-1], dtype=torch.long)
/home/zimmer/Ena-AAH-v3/src/data.py:21: UserWarning: To copy construct from a tensor, it is recommended to use sourceTensor.detach().clone() or sourceTensor.detach().clone().requires_grad_(True), rather than torch.tensor(sourceTensor).
  y = torch.tensor(chunk[1:], dtype=torch.long)
step 6550 | loss 6.7235 | tok/s 16853.7 | attn_elems 16777216 | attn_ratio 1.000
step 6600 | loss 6.6863 | tok/s 28909.6 | attn_elems 16777216 | attn_ratio 1.000
step 6650 | loss 6.3314 | tok/s 28905.4 | attn_elems 16777216 | attn_ratio 1.000
step 6700 | loss 6.5057 | tok/s 28782.6 | attn_elems 16777216 | attn_ratio 1.000
step 6750 | loss 6.5146 | tok/s 23760.6 | attn_elems 16777216 | attn_ratio 1.000
step 6800 | loss 6.4852 | tok/s 28454.1 | attn_elems 16777216 | attn_ratio 1.000
step 6850 | loss 6.4260 | tok/s 28765.2 | attn_elems 16777216 | attn_ratio 1.000
step 6900 | loss 6.7342 | tok/s 28837.3 | attn_elems 16777216 | attn_ratio 1.000
step 6950 | loss 6.6030 | tok/s 29001.4 | attn_elems 16777216 | attn_ratio 1.000
step 7000 | loss 6.6590 | tok/s 23896.2 | attn_elems 16777216 | attn_ratio 1.000
/home/zimmer/Ena-AAH-v3/src/data.py:20: UserWarning: To copy construct from a tensor, it is recommended to use sourceTensor.detach().clone() or sourceTensor.detach().clone().requires_grad_(True), rather than torch.tensor(sourceTensor).
  x = torch.tensor(chunk[:-1], dtype=torch.long)
/home/zimmer/Ena-AAH-v3/src/data.py:21: UserWarning: To copy construct from a tensor, it is recommended to use sourceTensor.detach().clone() or sourceTensor.detach().clone().requires_grad_(True), rather than torch.tensor(sourceTensor).
  y = torch.tensor(chunk[1:], dtype=torch.long)
/home/zimmer/Ena-AAH-v3/src/data.py:20: UserWarning: To copy construct from a tensor, it is recommended to use sourceTensor.detach().clone() or sourceTensor.detach().clone().requires_grad_(True), rather than torch.tensor(sourceTensor).
  x = torch.tensor(chunk[:-1], dtype=torch.long)
/home/zimmer/Ena-AAH-v3/src/data.py:21: UserWarning: To copy construct from a tensor, it is recommended to use sourceTensor.detach().clone() or sourceTensor.detach().clone().requires_grad_(True), rather than torch.tensor(sourceTensor).
  y = torch.tensor(chunk[1:], dtype=torch.long)
eval batch 0/50
eval batch 5/50
eval batch 10/50
eval batch 15/50
eval batch 20/50
eval batch 25/50
eval batch 30/50
eval batch 35/50
eval batch 40/50
eval batch 45/50
eval step 7000 | loss 6.5706 | ppl 713.81
step 7050 | loss 6.2323 | tok/s 19238.5 | attn_elems 16777216 | attn_ratio 1.000
step 7100 | loss 6.7203 | tok/s 29073.6 | attn_elems 16777216 | attn_ratio 1.000
/home/zimmer/Ena-AAH-v3/src/data.py:20: UserWarning: To copy construct from a tensor, it is recommended to use sourceTensor.detach().clone() or sourceTensor.detach().clone().requires_grad_(True), rather than torch.tensor(sourceTensor).
  x = torch.tensor(chunk[:-1], dtype=torch.long)
/home/zimmer/Ena-AAH-v3/src/data.py:21: UserWarning: To copy construct from a tensor, it is recommended to use sourceTensor.detach().clone() or sourceTensor.detach().clone().requires_grad_(True), rather than torch.tensor(sourceTensor).
  y = torch.tensor(chunk[1:], dtype=torch.long)
/home/zimmer/Ena-AAH-v3/src/data.py:20: UserWarning: To copy construct from a tensor, it is recommended to use sourceTensor.detach().clone() or sourceTensor.detach().clone().requires_grad_(True), rather than torch.tensor(sourceTensor).
  x = torch.tensor(chunk[:-1], dtype=torch.long)
/home/zimmer/Ena-AAH-v3/src/data.py:21: UserWarning: To copy construct from a tensor, it is recommended to use sourceTensor.detach().clone() or sourceTensor.detach().clone().requires_grad_(True), rather than torch.tensor(sourceTensor).
  y = torch.tensor(chunk[1:], dtype=torch.long)
step 7150 | loss 6.5090 | tok/s 28765.8 | attn_elems 16777216 | attn_ratio 1.000
step 7200 | loss 6.5643 | tok/s 23590.2 | attn_elems 16777216 | attn_ratio 1.000
step 7250 | loss 6.2721 | tok/s 28806.7 | attn_elems 16777216 | attn_ratio 1.000
step 7300 | loss 6.6402 | tok/s 28677.3 | attn_elems 16777216 | attn_ratio 1.000
step 7350 | loss 6.6228 | tok/s 28935.6 | attn_elems 16777216 | attn_ratio 1.000
step 7400 | loss 6.6116 | tok/s 24243.8 | attn_elems 16777216 | attn_ratio 1.000
step 7450 | loss 6.4834 | tok/s 28630.9 | attn_elems 16777216 | attn_ratio 1.000
step 7500 | loss 6.5874 | tok/s 28937.1 | attn_elems 16777216 | attn_ratio 1.000
/home/zimmer/Ena-AAH-v3/src/data.py:20: UserWarning: To copy construct from a tensor, it is recommended to use sourceTensor.detach().clone() or sourceTensor.detach().clone().requires_grad_(True), rather than torch.tensor(sourceTensor).
  x = torch.tensor(chunk[:-1], dtype=torch.long)
/home/zimmer/Ena-AAH-v3/src/data.py:21: UserWarning: To copy construct from a tensor, it is recommended to use sourceTensor.detach().clone() or sourceTensor.detach().clone().requires_grad_(True), rather than torch.tensor(sourceTensor).
  y = torch.tensor(chunk[1:], dtype=torch.long)
/home/zimmer/Ena-AAH-v3/src/data.py:20: UserWarning: To copy construct from a tensor, it is recommended to use sourceTensor.detach().clone() or sourceTensor.detach().clone().requires_grad_(True), rather than torch.tensor(sourceTensor).
  x = torch.tensor(chunk[:-1], dtype=torch.long)
/home/zimmer/Ena-AAH-v3/src/data.py:21: UserWarning: To copy construct from a tensor, it is recommended to use sourceTensor.detach().clone() or sourceTensor.detach().clone().requires_grad_(True), rather than torch.tensor(sourceTensor).
  y = torch.tensor(chunk[1:], dtype=torch.long)
eval batch 0/50
eval batch 5/50
eval batch 10/50
eval batch 15/50
eval batch 20/50
eval batch 25/50
eval batch 30/50
eval batch 35/50
eval batch 40/50
eval batch 45/50
eval step 7500 | loss 6.5551 | ppl 702.79
step 7550 | loss 6.5902 | tok/s 18874.9 | attn_elems 16777216 | attn_ratio 1.000
step 7600 | loss 6.6394 | tok/s 24305.1 | attn_elems 16777216 | attn_ratio 1.000
step 7650 | loss 6.4930 | tok/s 28873.0 | attn_elems 16777216 | attn_ratio 1.000
/home/zimmer/Ena-AAH-v3/src/data.py:20: UserWarning: To copy construct from a tensor, it is recommended to use sourceTensor.detach().clone() or sourceTensor.detach().clone().requires_grad_(True), rather than torch.tensor(sourceTensor).
  x = torch.tensor(chunk[:-1], dtype=torch.long)
/home/zimmer/Ena-AAH-v3/src/data.py:21: UserWarning: To copy construct from a tensor, it is recommended to use sourceTensor.detach().clone() or sourceTensor.detach().clone().requires_grad_(True), rather than torch.tensor(sourceTensor).
  y = torch.tensor(chunk[1:], dtype=torch.long)
/home/zimmer/Ena-AAH-v3/src/data.py:20: UserWarning: To copy construct from a tensor, it is recommended to use sourceTensor.detach().clone() or sourceTensor.detach().clone().requires_grad_(True), rather than torch.tensor(sourceTensor).
  x = torch.tensor(chunk[:-1], dtype=torch.long)
/home/zimmer/Ena-AAH-v3/src/data.py:21: UserWarning: To copy construct from a tensor, it is recommended to use sourceTensor.detach().clone() or sourceTensor.detach().clone().requires_grad_(True), rather than torch.tensor(sourceTensor).
  y = torch.tensor(chunk[1:], dtype=torch.long)
step 7700 | loss 6.6449 | tok/s 28907.0 | attn_elems 16777216 | attn_ratio 1.000
step 7750 | loss 6.5262 | tok/s 29003.2 | attn_elems 16777216 | attn_ratio 1.000
step 7800 | loss 6.2627 | tok/s 28932.8 | attn_elems 16777216 | attn_ratio 1.000
step 7850 | loss 6.4991 | tok/s 23868.8 | attn_elems 16777216 | attn_ratio 1.000
step 7900 | loss 6.5999 | tok/s 28917.9 | attn_elems 16777216 | attn_ratio 1.000
step 7950 | loss 6.7010 | tok/s 28977.5 | attn_elems 16777216 | attn_ratio 1.000
step 8000 | loss 6.3624 | tok/s 28912.6 | attn_elems 16777216 | attn_ratio 1.000
/home/zimmer/Ena-AAH-v3/src/data.py:20: UserWarning: To copy construct from a tensor, it is recommended to use sourceTensor.detach().clone() or sourceTensor.detach().clone().requires_grad_(True), rather than torch.tensor(sourceTensor).
  x = torch.tensor(chunk[:-1], dtype=torch.long)
/home/zimmer/Ena-AAH-v3/src/data.py:21: UserWarning: To copy construct from a tensor, it is recommended to use sourceTensor.detach().clone() or sourceTensor.detach().clone().requires_grad_(True), rather than torch.tensor(sourceTensor).
  y = torch.tensor(chunk[1:], dtype=torch.long)
/home/zimmer/Ena-AAH-v3/src/data.py:20: UserWarning: To copy construct from a tensor, it is recommended to use sourceTensor.detach().clone() or sourceTensor.detach().clone().requires_grad_(True), rather than torch.tensor(sourceTensor).
  x = torch.tensor(chunk[:-1], dtype=torch.long)
/home/zimmer/Ena-AAH-v3/src/data.py:21: UserWarning: To copy construct from a tensor, it is recommended to use sourceTensor.detach().clone() or sourceTensor.detach().clone().requires_grad_(True), rather than torch.tensor(sourceTensor).
  y = torch.tensor(chunk[1:], dtype=torch.long)
eval batch 0/50
eval batch 5/50
eval batch 10/50
eval batch 15/50
eval batch 20/50
eval batch 25/50
eval batch 30/50
eval batch 35/50
eval batch 40/50
eval batch 45/50
eval step 8000 | loss 6.5385 | ppl 691.26
step 8050 | loss 6.4647 | tok/s 16697.2 | attn_elems 16777216 | attn_ratio 1.000
step 8100 | loss 6.5370 | tok/s 29064.9 | attn_elems 16777216 | attn_ratio 1.000
step 8150 | loss 6.4100 | tok/s 28990.4 | attn_elems 16777216 | attn_ratio 1.000
step 8200 | loss 6.6188 | tok/s 28656.6 | attn_elems 16777216 | attn_ratio 1.000
step 8250 | loss 6.5165 | tok/s 23294.2 | attn_elems 16777216 | attn_ratio 1.000
/home/zimmer/Ena-AAH-v3/src/data.py:20: UserWarning: To copy construct from a tensor, it is recommended to use sourceTensor.detach().clone() or sourceTensor.detach().clone().requires_grad_(True), rather than torch.tensor(sourceTensor).
  x = torch.tensor(chunk[:-1], dtype=torch.long)
/home/zimmer/Ena-AAH-v3/src/data.py:21: UserWarning: To copy construct from a tensor, it is recommended to use sourceTensor.detach().clone() or sourceTensor.detach().clone().requires_grad_(True), rather than torch.tensor(sourceTensor).
  y = torch.tensor(chunk[1:], dtype=torch.long)
/home/zimmer/Ena-AAH-v3/src/data.py:20: UserWarning: To copy construct from a tensor, it is recommended to use sourceTensor.detach().clone() or sourceTensor.detach().clone().requires_grad_(True), rather than torch.tensor(sourceTensor).
  x = torch.tensor(chunk[:-1], dtype=torch.long)
/home/zimmer/Ena-AAH-v3/src/data.py:21: UserWarning: To copy construct from a tensor, it is recommended to use sourceTensor.detach().clone() or sourceTensor.detach().clone().requires_grad_(True), rather than torch.tensor(sourceTensor).
  y = torch.tensor(chunk[1:], dtype=torch.long)
step 8300 | loss 6.7120 | tok/s 28181.5 | attn_elems 16777216 | attn_ratio 1.000
step 8350 | loss 6.3819 | tok/s 28883.3 | attn_elems 16777216 | attn_ratio 1.000
step 8400 | loss 6.5136 | tok/s 29205.4 | attn_elems 16777216 | attn_ratio 1.000
step 8450 | loss 6.4093 | tok/s 28872.8 | attn_elems 16777216 | attn_ratio 1.000
step 8500 | loss 6.4793 | tok/s 23602.9 | attn_elems 16777216 | attn_ratio 1.000
/home/zimmer/Ena-AAH-v3/src/data.py:20: UserWarning: To copy construct from a tensor, it is recommended to use sourceTensor.detach().clone() or sourceTensor.detach().clone().requires_grad_(True), rather than torch.tensor(sourceTensor).
  x = torch.tensor(chunk[:-1], dtype=torch.long)
/home/zimmer/Ena-AAH-v3/src/data.py:21: UserWarning: To copy construct from a tensor, it is recommended to use sourceTensor.detach().clone() or sourceTensor.detach().clone().requires_grad_(True), rather than torch.tensor(sourceTensor).
  y = torch.tensor(chunk[1:], dtype=torch.long)
/home/zimmer/Ena-AAH-v3/src/data.py:20: UserWarning: To copy construct from a tensor, it is recommended to use sourceTensor.detach().clone() or sourceTensor.detach().clone().requires_grad_(True), rather than torch.tensor(sourceTensor).
  x = torch.tensor(chunk[:-1], dtype=torch.long)
/home/zimmer/Ena-AAH-v3/src/data.py:21: UserWarning: To copy construct from a tensor, it is recommended to use sourceTensor.detach().clone() or sourceTensor.detach().clone().requires_grad_(True), rather than torch.tensor(sourceTensor).
  y = torch.tensor(chunk[1:], dtype=torch.long)
eval batch 0/50
eval batch 5/50
eval batch 10/50
eval batch 15/50
eval batch 20/50
eval batch 25/50
eval batch 30/50
eval batch 35/50
eval batch 40/50
eval batch 45/50
eval step 8500 | loss 6.5273 | ppl 683.56
step 8550 | loss 6.4257 | tok/s 19457.4 | attn_elems 16777216 | attn_ratio 1.000
step 8600 | loss 6.3973 | tok/s 29597.0 | attn_elems 16777216 | attn_ratio 1.000
step 8650 | loss 6.5483 | tok/s 28617.7 | attn_elems 16777216 | attn_ratio 1.000
step 8700 | loss 6.4407 | tok/s 23074.2 | attn_elems 16777216 | attn_ratio 1.000
step 8750 | loss 6.7195 | tok/s 29658.3 | attn_elems 16777216 | attn_ratio 1.000
step 8800 | loss 6.3667 | tok/s 29435.4 | attn_elems 16777216 | attn_ratio 1.000
step 8850 | loss 6.5960 | tok/s 29043.9 | attn_elems 16777216 | attn_ratio 1.000
/home/zimmer/Ena-AAH-v3/src/data.py:20: UserWarning: To copy construct from a tensor, it is recommended to use sourceTensor.detach().clone() or sourceTensor.detach().clone().requires_grad_(True), rather than torch.tensor(sourceTensor).
  x = torch.tensor(chunk[:-1], dtype=torch.long)
/home/zimmer/Ena-AAH-v3/src/data.py:21: UserWarning: To copy construct from a tensor, it is recommended to use sourceTensor.detach().clone() or sourceTensor.detach().clone().requires_grad_(True), rather than torch.tensor(sourceTensor).
  y = torch.tensor(chunk[1:], dtype=torch.long)
/home/zimmer/Ena-AAH-v3/src/data.py:20: UserWarning: To copy construct from a tensor, it is recommended to use sourceTensor.detach().clone() or sourceTensor.detach().clone().requires_grad_(True), rather than torch.tensor(sourceTensor).
  x = torch.tensor(chunk[:-1], dtype=torch.long)
/home/zimmer/Ena-AAH-v3/src/data.py:21: UserWarning: To copy construct from a tensor, it is recommended to use sourceTensor.detach().clone() or sourceTensor.detach().clone().requires_grad_(True), rather than torch.tensor(sourceTensor).
  y = torch.tensor(chunk[1:], dtype=torch.long)
step 8900 | loss 6.4953 | tok/s 23303.9 | attn_elems 16777216 | attn_ratio 1.000
step 8950 | loss 6.3287 | tok/s 29169.6 | attn_elems 16777216 | attn_ratio 1.000
step 9000 | loss 6.2873 | tok/s 29561.6 | attn_elems 16777216 | attn_ratio 1.000
/home/zimmer/Ena-AAH-v3/src/data.py:20: UserWarning: To copy construct from a tensor, it is recommended to use sourceTensor.detach().clone() or sourceTensor.detach().clone().requires_grad_(True), rather than torch.tensor(sourceTensor).
  x = torch.tensor(chunk[:-1], dtype=torch.long)
/home/zimmer/Ena-AAH-v3/src/data.py:21: UserWarning: To copy construct from a tensor, it is recommended to use sourceTensor.detach().clone() or sourceTensor.detach().clone().requires_grad_(True), rather than torch.tensor(sourceTensor).
  y = torch.tensor(chunk[1:], dtype=torch.long)
/home/zimmer/Ena-AAH-v3/src/data.py:20: UserWarning: To copy construct from a tensor, it is recommended to use sourceTensor.detach().clone() or sourceTensor.detach().clone().requires_grad_(True), rather than torch.tensor(sourceTensor).
  x = torch.tensor(chunk[:-1], dtype=torch.long)
/home/zimmer/Ena-AAH-v3/src/data.py:21: UserWarning: To copy construct from a tensor, it is recommended to use sourceTensor.detach().clone() or sourceTensor.detach().clone().requires_grad_(True), rather than torch.tensor(sourceTensor).
  y = torch.tensor(chunk[1:], dtype=torch.long)
eval batch 0/50
eval batch 5/50
eval batch 10/50
eval batch 15/50
eval batch 20/50
eval batch 25/50
eval batch 30/50
eval batch 35/50
eval batch 40/50
eval batch 45/50
eval step 9000 | loss 6.5257 | ppl 682.43
step 9050 | loss 6.3867 | tok/s 19277.4 | attn_elems 16777216 | attn_ratio 1.000
step 9100 | loss 6.5373 | tok/s 21783.7 | attn_elems 16777216 | attn_ratio 1.000
step 9150 | loss 6.2282 | tok/s 29693.4 | attn_elems 16777216 | attn_ratio 1.000
step 9200 | loss 6.5980 | tok/s 30672.5 | attn_elems 16777216 | attn_ratio 1.000
step 9250 | loss 6.3122 | tok/s 30569.6 | attn_elems 16777216 | attn_ratio 1.000
step 9300 | loss 6.4053 | tok/s 28759.1 | attn_elems 16777216 | attn_ratio 1.000
step 9350 | loss 6.4733 | tok/s 22826.5 | attn_elems 16777216 | attn_ratio 1.000
step 9400 | loss 6.6455 | tok/s 29216.0 | attn_elems 16777216 | attn_ratio 1.000
step 9450 | loss 6.3810 | tok/s 30236.9 | attn_elems 16777216 | attn_ratio 1.000
/home/zimmer/Ena-AAH-v3/src/data.py:20: UserWarning: To copy construct from a tensor, it is recommended to use sourceTensor.detach().clone() or sourceTensor.detach().clone().requires_grad_(True), rather than torch.tensor(sourceTensor).
  x = torch.tensor(chunk[:-1], dtype=torch.long)
/home/zimmer/Ena-AAH-v3/src/data.py:21: UserWarning: To copy construct from a tensor, it is recommended to use sourceTensor.detach().clone() or sourceTensor.detach().clone().requires_grad_(True), rather than torch.tensor(sourceTensor).
  y = torch.tensor(chunk[1:], dtype=torch.long)
/home/zimmer/Ena-AAH-v3/src/data.py:20: UserWarning: To copy construct from a tensor, it is recommended to use sourceTensor.detach().clone() or sourceTensor.detach().clone().requires_grad_(True), rather than torch.tensor(sourceTensor).
  x = torch.tensor(chunk[:-1], dtype=torch.long)
/home/zimmer/Ena-AAH-v3/src/data.py:21: UserWarning: To copy construct from a tensor, it is recommended to use sourceTensor.detach().clone() or sourceTensor.detach().clone().requires_grad_(True), rather than torch.tensor(sourceTensor).
  y = torch.tensor(chunk[1:], dtype=torch.long)
step 9500 | loss 6.5656 | tok/s 29065.6 | attn_elems 16777216 | attn_ratio 1.000
/home/zimmer/Ena-AAH-v3/src/data.py:20: UserWarning: To copy construct from a tensor, it is recommended to use sourceTensor.detach().clone() or sourceTensor.detach().clone().requires_grad_(True), rather than torch.tensor(sourceTensor).
  x = torch.tensor(chunk[:-1], dtype=torch.long)
/home/zimmer/Ena-AAH-v3/src/data.py:21: UserWarning: To copy construct from a tensor, it is recommended to use sourceTensor.detach().clone() or sourceTensor.detach().clone().requires_grad_(True), rather than torch.tensor(sourceTensor).
  y = torch.tensor(chunk[1:], dtype=torch.long)
/home/zimmer/Ena-AAH-v3/src/data.py:20: UserWarning: To copy construct from a tensor, it is recommended to use sourceTensor.detach().clone() or sourceTensor.detach().clone().requires_grad_(True), rather than torch.tensor(sourceTensor).
  x = torch.tensor(chunk[:-1], dtype=torch.long)
/home/zimmer/Ena-AAH-v3/src/data.py:21: UserWarning: To copy construct from a tensor, it is recommended to use sourceTensor.detach().clone() or sourceTensor.detach().clone().requires_grad_(True), rather than torch.tensor(sourceTensor).
  y = torch.tensor(chunk[1:], dtype=torch.long)
eval batch 0/50
eval batch 5/50
eval batch 10/50
eval batch 15/50
eval batch 20/50
eval batch 25/50
eval batch 30/50
eval batch 35/50
eval batch 40/50
eval batch 45/50
eval step 9500 | loss 6.5216 | ppl 679.69
step 9550 | loss 6.4767 | tok/s 16305.8 | attn_elems 16777216 | attn_ratio 1.000
step 9600 | loss 6.3754 | tok/s 29762.8 | attn_elems 16777216 | attn_ratio 1.000
step 9650 | loss 6.3765 | tok/s 29698.0 | attn_elems 16777216 | attn_ratio 1.000
step 9700 | loss 6.4775 | tok/s 28975.9 | attn_elems 16777216 | attn_ratio 1.000
step 9750 | loss 6.4521 | tok/s 27837.4 | attn_elems 16777216 | attn_ratio 1.000
step 9800 | loss 6.3346 | tok/s 23880.9 | attn_elems 16777216 | attn_ratio 1.000
step 9850 | loss 6.5301 | tok/s 29688.3 | attn_elems 16777216 | attn_ratio 1.000
step 9900 | loss 6.7358 | tok/s 29407.7 | attn_elems 16777216 | attn_ratio 1.000
step 9950 | loss 6.4589 | tok/s 28839.0 | attn_elems 16777216 | attn_ratio 1.000
step 10000 | loss 6.4652 | tok/s 22831.9 | attn_elems 16777216 | attn_ratio 1.000
/home/zimmer/Ena-AAH-v3/src/data.py:20: UserWarning: To copy construct from a tensor, it is recommended to use sourceTensor.detach().clone() or sourceTensor.detach().clone().requires_grad_(True), rather than torch.tensor(sourceTensor).
  x = torch.tensor(chunk[:-1], dtype=torch.long)
/home/zimmer/Ena-AAH-v3/src/data.py:21: UserWarning: To copy construct from a tensor, it is recommended to use sourceTensor.detach().clone() or sourceTensor.detach().clone().requires_grad_(True), rather than torch.tensor(sourceTensor).
  y = torch.tensor(chunk[1:], dtype=torch.long)
/home/zimmer/Ena-AAH-v3/src/data.py:20: UserWarning: To copy construct from a tensor, it is recommended to use sourceTensor.detach().clone() or sourceTensor.detach().clone().requires_grad_(True), rather than torch.tensor(sourceTensor).
  x = torch.tensor(chunk[:-1], dtype=torch.long)
/home/zimmer/Ena-AAH-v3/src/data.py:21: UserWarning: To copy construct from a tensor, it is recommended to use sourceTensor.detach().clone() or sourceTensor.detach().clone().requires_grad_(True), rather than torch.tensor(sourceTensor).
  y = torch.tensor(chunk[1:], dtype=torch.long)
eval batch 0/50
eval batch 5/50
eval batch 10/50
eval batch 15/50
eval batch 20/50
eval batch 25/50
eval batch 30/50
eval batch 35/50
eval batch 40/50
eval batch 45/50
eval step 10000 | loss 6.5212 | ppl 679.43
[1;34mwandb[0m: 
[1;34mwandb[0m: 🚀 View run [33mbaseline-10k-wt2[0m at: [34mhttps://wandb.ai/zimmer061310-ena/ENA-AAH/runs/s31h863c[0m
[1;34mwandb[0m: Find logs at: [1;35mwandb/run-20260211_002609-s31h863c/logs[0m
Warning: Resource leak detected by SharedSignalPool, 2 Signals leaked.
