nohup: ignoring input
Warning: You are sending unauthenticated requests to the HF Hub. Please set a HF_TOKEN to enable higher rate limits and faster downloads.
Token indices sequence length is longer than the specified maximum sequence length for this model (2428601 > 1024). Running this sequence through the model will result in indexing errors
wandb: [wandb.login()] Loaded credentials for https://api.wandb.ai from /home/zimmer/.netrc.
wandb: Currently logged in as: zimmer061310 (zimmer061310-ena) to https://api.wandb.ai. Use `wandb login --relogin` to force relogin
wandb: setting up run zgcv4jrz
wandb: Tracking run with wandb version 0.24.2
wandb: Run data is saved locally in /home/zimmer/Ena-AAH-v3/wandb/run-20260211_002057-zgcv4jrz
wandb: Run `wandb offline` to turn off syncing.
wandb: Syncing run baseline-10k-wt2
wandb: ⭐️ View project at https://wandb.ai/zimmer061310-ena/ENA-AAH
wandb: 🚀 View run at https://wandb.ai/zimmer061310-ena/ENA-AAH/runs/zgcv4jrz
/home/zimmer/Ena-AAH-v3/src/data.py:20: UserWarning: To copy construct from a tensor, it is recommended to use sourceTensor.detach().clone() or sourceTensor.detach().clone().requires_grad_(True), rather than torch.tensor(sourceTensor).
  x = torch.tensor(chunk[:-1], dtype=torch.long)
/home/zimmer/Ena-AAH-v3/src/data.py:21: UserWarning: To copy construct from a tensor, it is recommended to use sourceTensor.detach().clone() or sourceTensor.detach().clone().requires_grad_(True), rather than torch.tensor(sourceTensor).
  y = torch.tensor(chunk[1:], dtype=torch.long)
/home/zimmer/Ena-AAH-v3/src/data.py:20: UserWarning: To copy construct from a tensor, it is recommended to use sourceTensor.detach().clone() or sourceTensor.detach().clone().requires_grad_(True), rather than torch.tensor(sourceTensor).
  x = torch.tensor(chunk[:-1], dtype=torch.long)
/home/zimmer/Ena-AAH-v3/src/data.py:21: UserWarning: To copy construct from a tensor, it is recommended to use sourceTensor.detach().clone() or sourceTensor.detach().clone().requires_grad_(True), rather than torch.tensor(sourceTensor).
  y = torch.tensor(chunk[1:], dtype=torch.long)
step 50 | loss 51.1149 | tok/s 21039.6 | attn_elems 16777216 | attn_ratio 1.000
step 100 | loss 35.7153 | tok/s 28269.2 | attn_elems 16777216 | attn_ratio 1.000
step 150 | loss 27.3564 | tok/s 28330.1 | attn_elems 16777216 | attn_ratio 1.000
step 200 | loss 22.2580 | tok/s 24768.6 | attn_elems 16777216 | attn_ratio 1.000
step 250 | loss 18.8614 | tok/s 28370.5 | attn_elems 16777216 | attn_ratio 1.000
step 300 | loss 16.4127 | tok/s 28206.8 | attn_elems 16777216 | attn_ratio 1.000
step 350 | loss 14.7997 | tok/s 28229.4 | attn_elems 16777216 | attn_ratio 1.000
step 400 | loss 13.5528 | tok/s 24560.1 | attn_elems 16777216 | attn_ratio 1.000
step 450 | loss 12.7545 | tok/s 29082.7 | attn_elems 16777216 | attn_ratio 1.000
step 500 | loss 12.2408 | tok/s 28753.0 | attn_elems 16777216 | attn_ratio 1.000
/home/zimmer/Ena-AAH-v3/src/data.py:20: UserWarning: To copy construct from a tensor, it is recommended to use sourceTensor.detach().clone() or sourceTensor.detach().clone().requires_grad_(True), rather than torch.tensor(sourceTensor).
  x = torch.tensor(chunk[:-1], dtype=torch.long)
/home/zimmer/Ena-AAH-v3/src/data.py:21: UserWarning: To copy construct from a tensor, it is recommended to use sourceTensor.detach().clone() or sourceTensor.detach().clone().requires_grad_(True), rather than torch.tensor(sourceTensor).
  y = torch.tensor(chunk[1:], dtype=torch.long)
/home/zimmer/Ena-AAH-v3/src/data.py:20: UserWarning: To copy construct from a tensor, it is recommended to use sourceTensor.detach().clone() or sourceTensor.detach().clone().requires_grad_(True), rather than torch.tensor(sourceTensor).
  x = torch.tensor(chunk[:-1], dtype=torch.long)
/home/zimmer/Ena-AAH-v3/src/data.py:21: UserWarning: To copy construct from a tensor, it is recommended to use sourceTensor.detach().clone() or sourceTensor.detach().clone().requires_grad_(True), rather than torch.tensor(sourceTensor).
  y = torch.tensor(chunk[1:], dtype=torch.long)
eval batch 0/50
eval batch 5/50
eval batch 10/50
eval batch 15/50
eval batch 20/50
eval batch 25/50
eval batch 30/50
eval batch 35/50
eval batch 40/50
eval batch 45/50
eval step 500 | loss 10.4995 | ppl 36298.68
step 550 | loss 11.4302 | tok/s 18812.2 | attn_elems 16777216 | attn_ratio 1.000
/home/zimmer/Ena-AAH-v3/src/data.py:20: UserWarning: To copy construct from a tensor, it is recommended to use sourceTensor.detach().clone() or sourceTensor.detach().clone().requires_grad_(True), rather than torch.tensor(sourceTensor).
  x = torch.tensor(chunk[:-1], dtype=torch.long)
/home/zimmer/Ena-AAH-v3/src/data.py:21: UserWarning: To copy construct from a tensor, it is recommended to use sourceTensor.detach().clone() or sourceTensor.detach().clone().requires_grad_(True), rather than torch.tensor(sourceTensor).
  y = torch.tensor(chunk[1:], dtype=torch.long)
/home/zimmer/Ena-AAH-v3/src/data.py:20: UserWarning: To copy construct from a tensor, it is recommended to use sourceTensor.detach().clone() or sourceTensor.detach().clone().requires_grad_(True), rather than torch.tensor(sourceTensor).
  x = torch.tensor(chunk[:-1], dtype=torch.long)
/home/zimmer/Ena-AAH-v3/src/data.py:21: UserWarning: To copy construct from a tensor, it is recommended to use sourceTensor.detach().clone() or sourceTensor.detach().clone().requires_grad_(True), rather than torch.tensor(sourceTensor).
  y = torch.tensor(chunk[1:], dtype=torch.long)
step 600 | loss 11.1839 | tok/s 23659.4 | attn_elems 16777216 | attn_ratio 1.000
step 650 | loss 10.6110 | tok/s 28095.8 | attn_elems 16777216 | attn_ratio 1.000
step 700 | loss 9.9998 | tok/s 29220.9 | attn_elems 16777216 | attn_ratio 1.000
step 750 | loss 9.8938 | tok/s 29017.5 | attn_elems 16777216 | attn_ratio 1.000
step 800 | loss 10.1047 | tok/s 24050.6 | attn_elems 16777216 | attn_ratio 1.000
step 850 | loss 9.4233 | tok/s 28050.7 | attn_elems 16777216 | attn_ratio 1.000
step 900 | loss 9.8082 | tok/s 30257.6 | attn_elems 16777216 | attn_ratio 1.000
step 950 | loss 9.4056 | tok/s 28433.1 | attn_elems 16777216 | attn_ratio 1.000
step 1000 | loss 9.2998 | tok/s 28110.8 | attn_elems 16777216 | attn_ratio 1.000
/home/zimmer/Ena-AAH-v3/src/data.py:20: UserWarning: To copy construct from a tensor, it is recommended to use sourceTensor.detach().clone() or sourceTensor.detach().clone().requires_grad_(True), rather than torch.tensor(sourceTensor).
  x = torch.tensor(chunk[:-1], dtype=torch.long)
/home/zimmer/Ena-AAH-v3/src/data.py:21: UserWarning: To copy construct from a tensor, it is recommended to use sourceTensor.detach().clone() or sourceTensor.detach().clone().requires_grad_(True), rather than torch.tensor(sourceTensor).
  y = torch.tensor(chunk[1:], dtype=torch.long)
/home/zimmer/Ena-AAH-v3/src/data.py:20: UserWarning: To copy construct from a tensor, it is recommended to use sourceTensor.detach().clone() or sourceTensor.detach().clone().requires_grad_(True), rather than torch.tensor(sourceTensor).
  x = torch.tensor(chunk[:-1], dtype=torch.long)
/home/zimmer/Ena-AAH-v3/src/data.py:21: UserWarning: To copy construct from a tensor, it is recommended to use sourceTensor.detach().clone() or sourceTensor.detach().clone().requires_grad_(True), rather than torch.tensor(sourceTensor).
  y = torch.tensor(chunk[1:], dtype=torch.long)
eval batch 0/50
eval batch 5/50
eval batch 10/50
eval batch 15/50
eval batch 20/50
eval batch 25/50
eval batch 30/50
eval batch 35/50
eval batch 40/50
eval batch 45/50
eval step 1000 | loss 7.9620 | ppl 2869.86
step 1050 | loss 9.1298 | tok/s 16474.4 | attn_elems 16777216 | attn_ratio 1.000
step 1100 | loss 9.1694 | tok/s 28988.5 | attn_elems 16777216 | attn_ratio 1.000
step 1150 | loss 9.1891 | tok/s 29306.3 | attn_elems 16777216 | attn_ratio 1.000
/home/zimmer/Ena-AAH-v3/src/data.py:20: UserWarning: To copy construct from a tensor, it is recommended to use sourceTensor.detach().clone() or sourceTensor.detach().clone().requires_grad_(True), rather than torch.tensor(sourceTensor).
  x = torch.tensor(chunk[:-1], dtype=torch.long)
/home/zimmer/Ena-AAH-v3/src/data.py:21: UserWarning: To copy construct from a tensor, it is recommended to use sourceTensor.detach().clone() or sourceTensor.detach().clone().requires_grad_(True), rather than torch.tensor(sourceTensor).
  y = torch.tensor(chunk[1:], dtype=torch.long)
/home/zimmer/Ena-AAH-v3/src/data.py:20: UserWarning: To copy construct from a tensor, it is recommended to use sourceTensor.detach().clone() or sourceTensor.detach().clone().requires_grad_(True), rather than torch.tensor(sourceTensor).
  x = torch.tensor(chunk[:-1], dtype=torch.long)
/home/zimmer/Ena-AAH-v3/src/data.py:21: UserWarning: To copy construct from a tensor, it is recommended to use sourceTensor.detach().clone() or sourceTensor.detach().clone().requires_grad_(True), rather than torch.tensor(sourceTensor).
  y = torch.tensor(chunk[1:], dtype=torch.long)
step 1200 | loss 8.7839 | tok/s 28281.9 | attn_elems 16777216 | attn_ratio 1.000
step 1250 | loss 8.5703 | tok/s 23553.0 | attn_elems 16777216 | attn_ratio 1.000
step 1300 | loss 9.1035 | tok/s 29910.2 | attn_elems 16777216 | attn_ratio 1.000
step 1350 | loss 8.4571 | tok/s 28417.9 | attn_elems 16777216 | attn_ratio 1.000
step 1400 | loss 8.5057 | tok/s 28244.4 | attn_elems 16777216 | attn_ratio 1.000
step 1450 | loss 8.0005 | tok/s 23386.3 | attn_elems 16777216 | attn_ratio 1.000
step 1500 | loss 8.2407 | tok/s 27966.1 | attn_elems 16777216 | attn_ratio 1.000
/home/zimmer/Ena-AAH-v3/src/data.py:20: UserWarning: To copy construct from a tensor, it is recommended to use sourceTensor.detach().clone() or sourceTensor.detach().clone().requires_grad_(True), rather than torch.tensor(sourceTensor).
  x = torch.tensor(chunk[:-1], dtype=torch.long)
/home/zimmer/Ena-AAH-v3/src/data.py:21: UserWarning: To copy construct from a tensor, it is recommended to use sourceTensor.detach().clone() or sourceTensor.detach().clone().requires_grad_(True), rather than torch.tensor(sourceTensor).
  y = torch.tensor(chunk[1:], dtype=torch.long)
/home/zimmer/Ena-AAH-v3/src/data.py:20: UserWarning: To copy construct from a tensor, it is recommended to use sourceTensor.detach().clone() or sourceTensor.detach().clone().requires_grad_(True), rather than torch.tensor(sourceTensor).
  x = torch.tensor(chunk[:-1], dtype=torch.long)
/home/zimmer/Ena-AAH-v3/src/data.py:21: UserWarning: To copy construct from a tensor, it is recommended to use sourceTensor.detach().clone() or sourceTensor.detach().clone().requires_grad_(True), rather than torch.tensor(sourceTensor).
  y = torch.tensor(chunk[1:], dtype=torch.long)
